{"total": {"lines":{"total":6177,"covered":4611,"skipped":0,"pct":74.64},"statements":{"total":6302,"covered":4728,"skipped":0,"pct":75.02},"functions":{"total":1604,"covered":1111,"skipped":0,"pct":69.26},"branches":{"total":2107,"covered":1285,"skipped":0,"pct":60.98},"branchesTrue":{"total":0,"covered":0,"skipped":0,"pct":100}}
,"/Users/dsipos/others/sui-js/src/index.ts": {"lines":{"total":6,"covered":6,"skipped":0,"pct":100},"functions":{"total":0,"covered":0,"skipped":0,"pct":100},"statements":{"total":6,"covered":6,"skipped":0,"pct":100},"branches":{"total":0,"covered":0,"skipped":0,"pct":100}}
,"/Users/dsipos/others/sui-js/src/test-helpers.ts": {"lines":{"total":53,"covered":46,"skipped":0,"pct":86.79},"functions":{"total":13,"covered":11,"skipped":0,"pct":84.61},"statements":{"total":53,"covered":46,"skipped":0,"pct":86.79},"branches":{"total":19,"covered":12,"skipped":0,"pct":63.15}}
,"/Users/dsipos/others/sui-js/src/common/config.ts": {"lines":{"total":4,"covered":4,"skipped":0,"pct":100},"functions":{"total":1,"covered":1,"skipped":0,"pct":100},"statements":{"total":5,"covered":5,"skipped":0,"pct":100},"branches":{"total":0,"covered":0,"skipped":0,"pct":100}}
,"/Users/dsipos/others/sui-js/src/common/controller.ts": {"lines":{"total":1,"covered":1,"skipped":0,"pct":100},"functions":{"total":2,"covered":2,"skipped":0,"pct":100},"statements":{"total":1,"covered":1,"skipped":0,"pct":100},"branches":{"total":0,"covered":0,"skipped":0,"pct":100}}
,"/Users/dsipos/others/sui-js/src/common/index.ts": {"lines":{"total":3,"covered":3,"skipped":0,"pct":100},"functions":{"total":0,"covered":0,"skipped":0,"pct":100},"statements":{"total":3,"covered":3,"skipped":0,"pct":100},"branches":{"total":0,"covered":0,"skipped":0,"pct":100}}
,"/Users/dsipos/others/sui-js/src/common/service.ts": {"lines":{"total":1,"covered":1,"skipped":0,"pct":100},"functions":{"total":1,"covered":1,"skipped":0,"pct":100},"statements":{"total":1,"covered":1,"skipped":0,"pct":100},"branches":{"total":0,"covered":0,"skipped":0,"pct":100}}
,"/Users/dsipos/others/sui-js/src/component/application.ts": {"lines":{"total":206,"covered":161,"skipped":0,"pct":78.15},"functions":{"total":70,"covered":44,"skipped":0,"pct":62.85},"statements":{"total":206,"covered":161,"skipped":0,"pct":78.15},"branches":{"total":10,"covered":3,"skipped":0,"pct":30}}
,"/Users/dsipos/others/sui-js/src/component/calendar.ts": {"lines":{"total":181,"covered":179,"skipped":0,"pct":98.89},"functions":{"total":43,"covered":43,"skipped":0,"pct":100},"statements":{"total":188,"covered":186,"skipped":0,"pct":98.93},"branches":{"total":14,"covered":11,"skipped":0,"pct":78.57}}
,"/Users/dsipos/others/sui-js/src/component/canvas.ts": {"lines":{"total":61,"covered":14,"skipped":0,"pct":22.95},"functions":{"total":17,"covered":3,"skipped":0,"pct":17.64},"statements":{"total":62,"covered":14,"skipped":0,"pct":22.58},"branches":{"total":14,"covered":2,"skipped":0,"pct":14.28}}
,"/Users/dsipos/others/sui-js/src/component/cardCollection.ts": {"lines":{"total":90,"covered":40,"skipped":0,"pct":44.44},"functions":{"total":20,"covered":6,"skipped":0,"pct":30},"statements":{"total":90,"covered":40,"skipped":0,"pct":44.44},"branches":{"total":19,"covered":3,"skipped":0,"pct":15.78}}
,"/Users/dsipos/others/sui-js/src/component/carousel.ts": {"lines":{"total":8,"covered":8,"skipped":0,"pct":100},"functions":{"total":3,"covered":3,"skipped":0,"pct":100},"statements":{"total":8,"covered":8,"skipped":0,"pct":100},"branches":{"total":3,"covered":2,"skipped":0,"pct":66.66}}
,"/Users/dsipos/others/sui-js/src/component/clock.ts": {"lines":{"total":120,"covered":85,"skipped":0,"pct":70.83},"functions":{"total":32,"covered":20,"skipped":0,"pct":62.5},"statements":{"total":120,"covered":85,"skipped":0,"pct":70.83},"branches":{"total":25,"covered":10,"skipped":0,"pct":40}}
,"/Users/dsipos/others/sui-js/src/component/contentHandler.ts": {"lines":{"total":24,"covered":18,"skipped":0,"pct":75},"functions":{"total":5,"covered":5,"skipped":0,"pct":100},"statements":{"total":24,"covered":18,"skipped":0,"pct":75},"branches":{"total":6,"covered":3,"skipped":0,"pct":50}}
,"/Users/dsipos/others/sui-js/src/component/dateTime.ts": {"lines":{"total":56,"covered":46,"skipped":0,"pct":82.14},"functions":{"total":19,"covered":15,"skipped":0,"pct":78.94},"statements":{"total":56,"covered":46,"skipped":0,"pct":82.14},"branches":{"total":10,"covered":5,"skipped":0,"pct":50}}
,"/Users/dsipos/others/sui-js/src/component/day.ts": {"lines":{"total":21,"covered":20,"skipped":0,"pct":95.23},"functions":{"total":6,"covered":5,"skipped":0,"pct":83.33},"statements":{"total":21,"covered":20,"skipped":0,"pct":95.23},"branches":{"total":4,"covered":3,"skipped":0,"pct":75}}
,"/Users/dsipos/others/sui-js/src/component/dropdown.ts": {"lines":{"total":45,"covered":43,"skipped":0,"pct":95.55},"functions":{"total":9,"covered":8,"skipped":0,"pct":88.88},"statements":{"total":45,"covered":43,"skipped":0,"pct":95.55},"branches":{"total":8,"covered":4,"skipped":0,"pct":50}}
,"/Users/dsipos/others/sui-js/src/component/form.ts": {"lines":{"total":113,"covered":105,"skipped":0,"pct":92.92},"functions":{"total":40,"covered":36,"skipped":0,"pct":90},"statements":{"total":113,"covered":105,"skipped":0,"pct":92.92},"branches":{"total":35,"covered":26,"skipped":0,"pct":74.28}}
,"/Users/dsipos/others/sui-js/src/component/formField.ts": {"lines":{"total":98,"covered":95,"skipped":0,"pct":96.93},"functions":{"total":3,"covered":3,"skipped":0,"pct":100},"statements":{"total":100,"covered":97,"skipped":0,"pct":97},"branches":{"total":48,"covered":44,"skipped":0,"pct":91.66}}
,"/Users/dsipos/others/sui-js/src/component/googleMap.ts": {"lines":{"total":308,"covered":83,"skipped":0,"pct":26.94},"functions":{"total":92,"covered":19,"skipped":0,"pct":20.65},"statements":{"total":308,"covered":83,"skipped":0,"pct":26.94},"branches":{"total":63,"covered":11,"skipped":0,"pct":17.46}}
,"/Users/dsipos/others/sui-js/src/component/index.ts": {"lines":{"total":26,"covered":26,"skipped":0,"pct":100},"functions":{"total":0,"covered":0,"skipped":0,"pct":100},"statements":{"total":26,"covered":26,"skipped":0,"pct":100},"branches":{"total":0,"covered":0,"skipped":0,"pct":100}}
,"/Users/dsipos/others/sui-js/src/component/mapLabel.ts": {"lines":{"total":80,"covered":17,"skipped":0,"pct":21.25},"functions":{"total":12,"covered":4,"skipped":0,"pct":33.33},"statements":{"total":81,"covered":17,"skipped":0,"pct":20.98},"branches":{"total":40,"covered":0,"skipped":0,"pct":0}}
,"/Users/dsipos/others/sui-js/src/component/month.ts": {"lines":{"total":21,"covered":20,"skipped":0,"pct":95.23},"functions":{"total":6,"covered":5,"skipped":0,"pct":83.33},"statements":{"total":21,"covered":20,"skipped":0,"pct":95.23},"branches":{"total":4,"covered":3,"skipped":0,"pct":75}}
,"/Users/dsipos/others/sui-js/src/component/navigation.ts": {"lines":{"total":119,"covered":101,"skipped":0,"pct":84.87},"functions":{"total":26,"covered":22,"skipped":0,"pct":84.61},"statements":{"total":119,"covered":101,"skipped":0,"pct":84.87},"branches":{"total":41,"covered":24,"skipped":0,"pct":58.53}}
,"/Users/dsipos/others/sui-js/src/component/pager.ts": {"lines":{"total":90,"covered":74,"skipped":0,"pct":82.22},"functions":{"total":20,"covered":14,"skipped":0,"pct":70},"statements":{"total":91,"covered":75,"skipped":0,"pct":82.41},"branches":{"total":27,"covered":20,"skipped":0,"pct":74.07}}
,"/Users/dsipos/others/sui-js/src/component/popup.ts": {"lines":{"total":42,"covered":41,"skipped":0,"pct":97.61},"functions":{"total":10,"covered":9,"skipped":0,"pct":90},"statements":{"total":42,"covered":41,"skipped":0,"pct":97.61},"branches":{"total":5,"covered":5,"skipped":0,"pct":100}}
,"/Users/dsipos/others/sui-js/src/component/popupContainer.ts": {"lines":{"total":17,"covered":17,"skipped":0,"pct":100},"functions":{"total":9,"covered":9,"skipped":0,"pct":100},"statements":{"total":17,"covered":17,"skipped":0,"pct":100},"branches":{"total":9,"covered":7,"skipped":0,"pct":77.77}}
,"/Users/dsipos/others/sui-js/src/component/progressStatus.ts": {"lines":{"total":19,"covered":10,"skipped":0,"pct":52.63},"functions":{"total":8,"covered":3,"skipped":0,"pct":37.5},"statements":{"total":19,"covered":10,"skipped":0,"pct":52.63},"branches":{"total":10,"covered":2,"skipped":0,"pct":20}}
,"/Users/dsipos/others/sui-js/src/component/route.ts": {"lines":{"total":9,"covered":9,"skipped":0,"pct":100},"functions":{"total":1,"covered":1,"skipped":0,"pct":100},"statements":{"total":9,"covered":9,"skipped":0,"pct":100},"branches":{"total":2,"covered":2,"skipped":0,"pct":100}}
,"/Users/dsipos/others/sui-js/src/component/tabPanel.ts": {"lines":{"total":44,"covered":41,"skipped":0,"pct":93.18},"functions":{"total":13,"covered":12,"skipped":0,"pct":92.3},"statements":{"total":44,"covered":41,"skipped":0,"pct":93.18},"branches":{"total":15,"covered":13,"skipped":0,"pct":86.66}}
,"/Users/dsipos/others/sui-js/src/component/table.ts": {"lines":{"total":243,"covered":224,"skipped":0,"pct":92.18},"functions":{"total":44,"covered":41,"skipped":0,"pct":93.18},"statements":{"total":243,"covered":224,"skipped":0,"pct":92.18},"branches":{"total":76,"covered":57,"skipped":0,"pct":75}}
,"/Users/dsipos/others/sui-js/src/component/time.ts": {"lines":{"total":55,"covered":52,"skipped":0,"pct":94.54},"functions":{"total":12,"covered":10,"skipped":0,"pct":83.33},"statements":{"total":56,"covered":53,"skipped":0,"pct":94.64},"branches":{"total":20,"covered":9,"skipped":0,"pct":45}}
,"/Users/dsipos/others/sui-js/src/component/tooltip.ts": {"lines":{"total":57,"covered":56,"skipped":0,"pct":98.24},"functions":{"total":12,"covered":12,"skipped":0,"pct":100},"statements":{"total":57,"covered":56,"skipped":0,"pct":98.24},"branches":{"total":24,"covered":21,"skipped":0,"pct":87.5}}
,"/Users/dsipos/others/sui-js/src/component/treeView.ts": {"lines":{"total":1,"covered":1,"skipped":0,"pct":100},"functions":{"total":0,"covered":0,"skipped":0,"pct":100},"statements":{"total":1,"covered":1,"skipped":0,"pct":100},"branches":{"total":0,"covered":0,"skipped":0,"pct":100}}
,"/Users/dsipos/others/sui-js/src/component/waiter.ts": {"lines":{"total":24,"covered":3,"skipped":0,"pct":12.5},"functions":{"total":10,"covered":1,"skipped":0,"pct":10},"statements":{"total":24,"covered":3,"skipped":0,"pct":12.5},"branches":{"total":8,"covered":0,"skipped":0,"pct":0}}
,"/Users/dsipos/others/sui-js/src/component/year.ts": {"lines":{"total":21,"covered":20,"skipped":0,"pct":95.23},"functions":{"total":6,"covered":5,"skipped":0,"pct":83.33},"statements":{"total":21,"covered":20,"skipped":0,"pct":95.23},"branches":{"total":4,"covered":4,"skipped":0,"pct":100}}
,"/Users/dsipos/others/sui-js/src/core/async.ts": {"lines":{"total":83,"covered":72,"skipped":0,"pct":86.74},"functions":{"total":16,"covered":14,"skipped":0,"pct":87.5},"statements":{"total":83,"covered":72,"skipped":0,"pct":86.74},"branches":{"total":52,"covered":44,"skipped":0,"pct":84.61}}
,"/Users/dsipos/others/sui-js/src/core/collection.ts": {"lines":{"total":91,"covered":83,"skipped":0,"pct":91.2},"functions":{"total":37,"covered":32,"skipped":0,"pct":86.48},"statements":{"total":91,"covered":83,"skipped":0,"pct":91.2},"branches":{"total":45,"covered":36,"skipped":0,"pct":80}}
,"/Users/dsipos/others/sui-js/src/core/deferred.ts": {"lines":{"total":6,"covered":6,"skipped":0,"pct":100},"functions":{"total":4,"covered":4,"skipped":0,"pct":100},"statements":{"total":6,"covered":6,"skipped":0,"pct":100},"branches":{"total":0,"covered":0,"skipped":0,"pct":100}}
,"/Users/dsipos/others/sui-js/src/core/index.ts": {"lines":{"total":10,"covered":10,"skipped":0,"pct":100},"functions":{"total":0,"covered":0,"skipped":0,"pct":100},"statements":{"total":10,"covered":10,"skipped":0,"pct":100},"branches":{"total":0,"covered":0,"skipped":0,"pct":100}}
,"/Users/dsipos/others/sui-js/src/core/knot.ts": {"lines":{"total":159,"covered":139,"skipped":0,"pct":87.42},"functions":{"total":66,"covered":62,"skipped":0,"pct":93.93},"statements":{"total":159,"covered":139,"skipped":0,"pct":87.42},"branches":{"total":100,"covered":83,"skipped":0,"pct":83}}
,"/Users/dsipos/others/sui-js/src/core/module.ts": {"lines":{"total":108,"covered":50,"skipped":0,"pct":46.29},"functions":{"total":40,"covered":18,"skipped":0,"pct":45},"statements":{"total":112,"covered":50,"skipped":0,"pct":44.64},"branches":{"total":28,"covered":4,"skipped":0,"pct":14.28}}
,"/Users/dsipos/others/sui-js/src/core/objekt.ts": {"lines":{"total":83,"covered":63,"skipped":0,"pct":75.9},"functions":{"total":26,"covered":18,"skipped":0,"pct":69.23},"statements":{"total":83,"covered":63,"skipped":0,"pct":75.9},"branches":{"total":63,"covered":46,"skipped":0,"pct":73.01}}
,"/Users/dsipos/others/sui-js/src/core/promize.ts": {"lines":{"total":35,"covered":35,"skipped":0,"pct":100},"functions":{"total":8,"covered":8,"skipped":0,"pct":100},"statements":{"total":35,"covered":35,"skipped":0,"pct":100},"branches":{"total":25,"covered":24,"skipped":0,"pct":96}}
,"/Users/dsipos/others/sui-js/src/core/query.ts": {"lines":{"total":32,"covered":32,"skipped":0,"pct":100},"functions":{"total":4,"covered":4,"skipped":0,"pct":100},"statements":{"total":33,"covered":33,"skipped":0,"pct":100},"branches":{"total":23,"covered":23,"skipped":0,"pct":100}}
,"/Users/dsipos/others/sui-js/src/core/router.ts": {"lines":{"total":54,"covered":53,"skipped":0,"pct":98.14},"functions":{"total":7,"covered":7,"skipped":0,"pct":100},"statements":{"total":55,"covered":54,"skipped":0,"pct":98.18},"branches":{"total":22,"covered":18,"skipped":0,"pct":81.81}}
,"/Users/dsipos/others/sui-js/src/core/state.ts": {"lines":{"total":114,"covered":94,"skipped":0,"pct":82.45},"functions":{"total":40,"covered":30,"skipped":0,"pct":75},"statements":{"total":114,"covered":94,"skipped":0,"pct":82.45},"branches":{"total":56,"covered":37,"skipped":0,"pct":66.07}}
,"/Users/dsipos/others/sui-js/src/field/autoCompleteField.ts": {"lines":{"total":3,"covered":3,"skipped":0,"pct":100},"functions":{"total":1,"covered":1,"skipped":0,"pct":100},"statements":{"total":3,"covered":3,"skipped":0,"pct":100},"branches":{"total":0,"covered":0,"skipped":0,"pct":100}}
,"/Users/dsipos/others/sui-js/src/field/baseCheckboxField.ts": {"lines":{"total":44,"covered":39,"skipped":0,"pct":88.63},"functions":{"total":9,"covered":8,"skipped":0,"pct":88.88},"statements":{"total":44,"covered":39,"skipped":0,"pct":88.63},"branches":{"total":14,"covered":9,"skipped":0,"pct":64.28}}
,"/Users/dsipos/others/sui-js/src/field/baseField.ts": {"lines":{"total":131,"covered":117,"skipped":0,"pct":89.31},"functions":{"total":37,"covered":36,"skipped":0,"pct":97.29},"statements":{"total":131,"covered":117,"skipped":0,"pct":89.31},"branches":{"total":91,"covered":76,"skipped":0,"pct":83.51}}
,"/Users/dsipos/others/sui-js/src/field/button.ts": {"lines":{"total":11,"covered":10,"skipped":0,"pct":90.9},"functions":{"total":5,"covered":4,"skipped":0,"pct":80},"statements":{"total":11,"covered":10,"skipped":0,"pct":90.9},"branches":{"total":0,"covered":0,"skipped":0,"pct":100}}
,"/Users/dsipos/others/sui-js/src/field/checkboxField.ts": {"lines":{"total":18,"covered":18,"skipped":0,"pct":100},"functions":{"total":2,"covered":2,"skipped":0,"pct":100},"statements":{"total":18,"covered":18,"skipped":0,"pct":100},"branches":{"total":0,"covered":0,"skipped":0,"pct":100}}
,"/Users/dsipos/others/sui-js/src/field/colorField.ts": {"lines":{"total":85,"covered":56,"skipped":0,"pct":65.88},"functions":{"total":12,"covered":9,"skipped":0,"pct":75},"statements":{"total":87,"covered":56,"skipped":0,"pct":64.36},"branches":{"total":22,"covered":9,"skipped":0,"pct":40.9}}
,"/Users/dsipos/others/sui-js/src/field/dateTimeField.ts": {"lines":{"total":72,"covered":66,"skipped":0,"pct":91.66},"functions":{"total":12,"covered":8,"skipped":0,"pct":66.66},"statements":{"total":72,"covered":66,"skipped":0,"pct":91.66},"branches":{"total":14,"covered":8,"skipped":0,"pct":57.14}}
,"/Users/dsipos/others/sui-js/src/field/dateTimeRangeField.ts": {"lines":{"total":79,"covered":50,"skipped":0,"pct":63.29},"functions":{"total":12,"covered":4,"skipped":0,"pct":33.33},"statements":{"total":79,"covered":50,"skipped":0,"pct":63.29},"branches":{"total":18,"covered":4,"skipped":0,"pct":22.22}}
,"/Users/dsipos/others/sui-js/src/field/fileField.ts": {"lines":{"total":112,"covered":62,"skipped":0,"pct":55.35},"functions":{"total":21,"covered":13,"skipped":0,"pct":61.9},"statements":{"total":112,"covered":62,"skipped":0,"pct":55.35},"branches":{"total":49,"covered":23,"skipped":0,"pct":46.93}}
,"/Users/dsipos/others/sui-js/src/field/hiddenField.ts": {"lines":{"total":8,"covered":8,"skipped":0,"pct":100},"functions":{"total":5,"covered":5,"skipped":0,"pct":100},"statements":{"total":8,"covered":8,"skipped":0,"pct":100},"branches":{"total":0,"covered":0,"skipped":0,"pct":100}}
,"/Users/dsipos/others/sui-js/src/field/iconToggleField.ts": {"lines":{"total":32,"covered":32,"skipped":0,"pct":100},"functions":{"total":4,"covered":4,"skipped":0,"pct":100},"statements":{"total":32,"covered":32,"skipped":0,"pct":100},"branches":{"total":8,"covered":7,"skipped":0,"pct":87.5}}
,"/Users/dsipos/others/sui-js/src/field/index.ts": {"lines":{"total":23,"covered":23,"skipped":0,"pct":100},"functions":{"total":0,"covered":0,"skipped":0,"pct":100},"statements":{"total":23,"covered":23,"skipped":0,"pct":100},"branches":{"total":0,"covered":0,"skipped":0,"pct":100}}
,"/Users/dsipos/others/sui-js/src/field/locationField.ts": {"lines":{"total":138,"covered":101,"skipped":0,"pct":73.18},"functions":{"total":32,"covered":15,"skipped":0,"pct":46.87},"statements":{"total":138,"covered":101,"skipped":0,"pct":73.18},"branches":{"total":28,"covered":15,"skipped":0,"pct":53.57}}
,"/Users/dsipos/others/sui-js/src/field/numberField.ts": {"lines":{"total":63,"covered":46,"skipped":0,"pct":73.01},"functions":{"total":13,"covered":9,"skipped":0,"pct":69.23},"statements":{"total":63,"covered":46,"skipped":0,"pct":73.01},"branches":{"total":26,"covered":11,"skipped":0,"pct":42.3}}
,"/Users/dsipos/others/sui-js/src/field/radiobuttonField.ts": {"lines":{"total":72,"covered":69,"skipped":0,"pct":95.83},"functions":{"total":16,"covered":15,"skipped":0,"pct":93.75},"statements":{"total":72,"covered":69,"skipped":0,"pct":95.83},"branches":{"total":16,"covered":12,"skipped":0,"pct":75}}
,"/Users/dsipos/others/sui-js/src/field/rangeField.ts": {"lines":{"total":29,"covered":24,"skipped":0,"pct":82.75},"functions":{"total":6,"covered":5,"skipped":0,"pct":83.33},"statements":{"total":29,"covered":24,"skipped":0,"pct":82.75},"branches":{"total":10,"covered":7,"skipped":0,"pct":70}}
,"/Users/dsipos/others/sui-js/src/field/resetButton.ts": {"lines":{"total":9,"covered":9,"skipped":0,"pct":100},"functions":{"total":4,"covered":4,"skipped":0,"pct":100},"statements":{"total":9,"covered":9,"skipped":0,"pct":100},"branches":{"total":0,"covered":0,"skipped":0,"pct":100}}
,"/Users/dsipos/others/sui-js/src/field/searchField.ts": {"lines":{"total":48,"covered":37,"skipped":0,"pct":77.08},"functions":{"total":9,"covered":6,"skipped":0,"pct":66.66},"statements":{"total":48,"covered":37,"skipped":0,"pct":77.08},"branches":{"total":8,"covered":2,"skipped":0,"pct":25}}
,"/Users/dsipos/others/sui-js/src/field/selectField.ts": {"lines":{"total":235,"covered":125,"skipped":0,"pct":53.19},"functions":{"total":45,"covered":22,"skipped":0,"pct":48.88},"statements":{"total":235,"covered":125,"skipped":0,"pct":53.19},"branches":{"total":82,"covered":29,"skipped":0,"pct":35.36}}
,"/Users/dsipos/others/sui-js/src/field/submitButton.ts": {"lines":{"total":9,"covered":9,"skipped":0,"pct":100},"functions":{"total":4,"covered":4,"skipped":0,"pct":100},"statements":{"total":9,"covered":9,"skipped":0,"pct":100},"branches":{"total":0,"covered":0,"skipped":0,"pct":100}}
,"/Users/dsipos/others/sui-js/src/field/switchField.ts": {"lines":{"total":16,"covered":16,"skipped":0,"pct":100},"functions":{"total":2,"covered":2,"skipped":0,"pct":100},"statements":{"total":16,"covered":16,"skipped":0,"pct":100},"branches":{"total":0,"covered":0,"skipped":0,"pct":100}}
,"/Users/dsipos/others/sui-js/src/field/textField.ts": {"lines":{"total":23,"covered":19,"skipped":0,"pct":82.6},"functions":{"total":7,"covered":6,"skipped":0,"pct":85.71},"statements":{"total":23,"covered":19,"skipped":0,"pct":82.6},"branches":{"total":8,"covered":5,"skipped":0,"pct":62.5}}
,"/Users/dsipos/others/sui-js/src/field/textareaField.ts": {"lines":{"total":104,"covered":28,"skipped":0,"pct":26.92},"functions":{"total":30,"covered":9,"skipped":0,"pct":30},"statements":{"total":104,"covered":28,"skipped":0,"pct":26.92},"branches":{"total":34,"covered":9,"skipped":0,"pct":26.47}}
,"/Users/dsipos/others/sui-js/src/field/urlField.ts": {"lines":{"total":29,"covered":21,"skipped":0,"pct":72.41},"functions":{"total":6,"covered":5,"skipped":0,"pct":83.33},"statements":{"total":29,"covered":21,"skipped":0,"pct":72.41},"branches":{"total":10,"covered":6,"skipped":0,"pct":60}}
,"/Users/dsipos/others/sui-js/src/module/baseModal.ts": {"lines":{"total":77,"covered":60,"skipped":0,"pct":77.92},"functions":{"total":21,"covered":13,"skipped":0,"pct":61.9},"statements":{"total":77,"covered":60,"skipped":0,"pct":77.92},"branches":{"total":25,"covered":15,"skipped":0,"pct":60}}
,"/Users/dsipos/others/sui-js/src/module/bottomMenu.ts": {"lines":{"total":22,"covered":11,"skipped":0,"pct":50},"functions":{"total":9,"covered":2,"skipped":0,"pct":22.22},"statements":{"total":22,"covered":11,"skipped":0,"pct":50},"branches":{"total":2,"covered":0,"skipped":0,"pct":0}}
,"/Users/dsipos/others/sui-js/src/module/browser.ts": {"lines":{"total":74,"covered":69,"skipped":0,"pct":93.24},"functions":{"total":22,"covered":22,"skipped":0,"pct":100},"statements":{"total":74,"covered":69,"skipped":0,"pct":93.24},"branches":{"total":33,"covered":25,"skipped":0,"pct":75.75}}
,"/Users/dsipos/others/sui-js/src/module/confirm.ts": {"lines":{"total":43,"covered":43,"skipped":0,"pct":100},"functions":{"total":4,"covered":4,"skipped":0,"pct":100},"statements":{"total":43,"covered":43,"skipped":0,"pct":100},"branches":{"total":9,"covered":8,"skipped":0,"pct":88.88}}
,"/Users/dsipos/others/sui-js/src/module/cookie.ts": {"lines":{"total":40,"covered":38,"skipped":0,"pct":95},"functions":{"total":11,"covered":11,"skipped":0,"pct":100},"statements":{"total":41,"covered":39,"skipped":0,"pct":95.12},"branches":{"total":28,"covered":22,"skipped":0,"pct":78.57}}
,"/Users/dsipos/others/sui-js/src/module/depot.ts": {"lines":{"total":58,"covered":36,"skipped":0,"pct":62.06},"functions":{"total":15,"covered":9,"skipped":0,"pct":60},"statements":{"total":58,"covered":36,"skipped":0,"pct":62.06},"branches":{"total":23,"covered":11,"skipped":0,"pct":47.82}}
,"/Users/dsipos/others/sui-js/src/module/dialog.ts": {"lines":{"total":61,"covered":20,"skipped":0,"pct":32.78},"functions":{"total":10,"covered":3,"skipped":0,"pct":30},"statements":{"total":61,"covered":20,"skipped":0,"pct":32.78},"branches":{"total":8,"covered":1,"skipped":0,"pct":12.5}}
,"/Users/dsipos/others/sui-js/src/module/eventBus.ts": {"lines":{"total":23,"covered":23,"skipped":0,"pct":100},"functions":{"total":6,"covered":6,"skipped":0,"pct":100},"statements":{"total":23,"covered":23,"skipped":0,"pct":100},"branches":{"total":5,"covered":5,"skipped":0,"pct":100}}
,"/Users/dsipos/others/sui-js/src/module/flash.ts": {"lines":{"total":57,"covered":54,"skipped":0,"pct":94.73},"functions":{"total":19,"covered":16,"skipped":0,"pct":84.21},"statements":{"total":57,"covered":54,"skipped":0,"pct":94.73},"branches":{"total":52,"covered":41,"skipped":0,"pct":78.84}}
,"/Users/dsipos/others/sui-js/src/module/footer.ts": {"lines":{"total":31,"covered":11,"skipped":0,"pct":35.48},"functions":{"total":11,"covered":3,"skipped":0,"pct":27.27},"statements":{"total":31,"covered":11,"skipped":0,"pct":35.48},"branches":{"total":10,"covered":1,"skipped":0,"pct":10}}
,"/Users/dsipos/others/sui-js/src/module/geoLocation.ts": {"lines":{"total":27,"covered":21,"skipped":0,"pct":77.77},"functions":{"total":13,"covered":13,"skipped":0,"pct":100},"statements":{"total":27,"covered":21,"skipped":0,"pct":77.77},"branches":{"total":4,"covered":1,"skipped":0,"pct":25}}
,"/Users/dsipos/others/sui-js/src/module/header.ts": {"lines":{"total":37,"covered":18,"skipped":0,"pct":48.64},"functions":{"total":18,"covered":3,"skipped":0,"pct":16.66},"statements":{"total":37,"covered":18,"skipped":0,"pct":48.64},"branches":{"total":2,"covered":1,"skipped":0,"pct":50}}
,"/Users/dsipos/others/sui-js/src/module/helper.ts": {"lines":{"total":93,"covered":65,"skipped":0,"pct":69.89},"functions":{"total":21,"covered":10,"skipped":0,"pct":47.61},"statements":{"total":93,"covered":65,"skipped":0,"pct":69.89},"branches":{"total":64,"covered":37,"skipped":0,"pct":57.81}}
,"/Users/dsipos/others/sui-js/src/module/http.ts": {"lines":{"total":41,"covered":41,"skipped":0,"pct":100},"functions":{"total":16,"covered":16,"skipped":0,"pct":100},"statements":{"total":41,"covered":41,"skipped":0,"pct":100},"branches":{"total":2,"covered":1,"skipped":0,"pct":50}}
,"/Users/dsipos/others/sui-js/src/module/index.ts": {"lines":{"total":27,"covered":27,"skipped":0,"pct":100},"functions":{"total":0,"covered":0,"skipped":0,"pct":100},"statements":{"total":27,"covered":27,"skipped":0,"pct":100},"branches":{"total":0,"covered":0,"skipped":0,"pct":100}}
,"/Users/dsipos/others/sui-js/src/module/leftMenu.ts": {"lines":{"total":49,"covered":27,"skipped":0,"pct":55.1},"functions":{"total":15,"covered":3,"skipped":0,"pct":20},"statements":{"total":49,"covered":27,"skipped":0,"pct":55.1},"branches":{"total":2,"covered":0,"skipped":0,"pct":0}}
,"/Users/dsipos/others/sui-js/src/module/loader.ts": {"lines":{"total":20,"covered":20,"skipped":0,"pct":100},"functions":{"total":5,"covered":5,"skipped":0,"pct":100},"statements":{"total":20,"covered":20,"skipped":0,"pct":100},"branches":{"total":6,"covered":3,"skipped":0,"pct":50}}
,"/Users/dsipos/others/sui-js/src/module/navBar.ts": {"lines":{"total":23,"covered":9,"skipped":0,"pct":39.13},"functions":{"total":12,"covered":2,"skipped":0,"pct":16.66},"statements":{"total":23,"covered":9,"skipped":0,"pct":39.13},"branches":{"total":2,"covered":0,"skipped":0,"pct":0}}
,"/Users/dsipos/others/sui-js/src/module/page.ts": {"lines":{"total":15,"covered":10,"skipped":0,"pct":66.66},"functions":{"total":7,"covered":3,"skipped":0,"pct":42.85},"statements":{"total":15,"covered":10,"skipped":0,"pct":66.66},"branches":{"total":2,"covered":1,"skipped":0,"pct":50}}
,"/Users/dsipos/others/sui-js/src/module/progressBar.ts": {"lines":{"total":106,"covered":28,"skipped":0,"pct":26.41},"functions":{"total":33,"covered":6,"skipped":0,"pct":18.18},"statements":{"total":106,"covered":28,"skipped":0,"pct":26.41},"branches":{"total":58,"covered":1,"skipped":0,"pct":1.72}}
,"/Users/dsipos/others/sui-js/src/module/scheduler.ts": {"lines":{"total":11,"covered":11,"skipped":0,"pct":100},"functions":{"total":3,"covered":3,"skipped":0,"pct":100},"statements":{"total":11,"covered":11,"skipped":0,"pct":100},"branches":{"total":2,"covered":2,"skipped":0,"pct":100}}
,"/Users/dsipos/others/sui-js/src/module/screen.ts": {"lines":{"total":45,"covered":25,"skipped":0,"pct":55.55},"functions":{"total":25,"covered":12,"skipped":0,"pct":48},"statements":{"total":45,"covered":25,"skipped":0,"pct":55.55},"branches":{"total":24,"covered":14,"skipped":0,"pct":58.33}}
,"/Users/dsipos/others/sui-js/src/module/script.ts": {"lines":{"total":36,"covered":12,"skipped":0,"pct":33.33},"functions":{"total":7,"covered":3,"skipped":0,"pct":42.85},"statements":{"total":36,"covered":12,"skipped":0,"pct":33.33},"branches":{"total":12,"covered":1,"skipped":0,"pct":8.33}}
,"/Users/dsipos/others/sui-js/src/module/style.ts": {"lines":{"total":34,"covered":12,"skipped":0,"pct":35.29},"functions":{"total":7,"covered":3,"skipped":0,"pct":42.85},"statements":{"total":34,"covered":12,"skipped":0,"pct":35.29},"branches":{"total":8,"covered":1,"skipped":0,"pct":12.5}}
,"/Users/dsipos/others/sui-js/src/module/template.ts": {"lines":{"total":34,"covered":34,"skipped":0,"pct":100},"functions":{"total":10,"covered":10,"skipped":0,"pct":100},"statements":{"total":34,"covered":34,"skipped":0,"pct":100},"branches":{"total":10,"covered":9,"skipped":0,"pct":90}}
,"/Users/dsipos/others/sui-js/src/module/topMenu.ts": {"lines":{"total":22,"covered":8,"skipped":0,"pct":36.36},"functions":{"total":8,"covered":2,"skipped":0,"pct":25},"statements":{"total":22,"covered":8,"skipped":0,"pct":36.36},"branches":{"total":2,"covered":0,"skipped":0,"pct":0}}
,"/Users/dsipos/others/sui-js/src/module/viewer.ts": {"lines":{"total":25,"covered":18,"skipped":0,"pct":72},"functions":{"total":5,"covered":3,"skipped":0,"pct":60},"statements":{"total":25,"covered":18,"skipped":0,"pct":72},"branches":{"total":3,"covered":1,"skipped":0,"pct":33.33}}
,"/Users/dsipos/others/sui-js/src/module/xhr.ts": {"lines":{"total":137,"covered":123,"skipped":0,"pct":89.78},"functions":{"total":32,"covered":31,"skipped":0,"pct":96.87},"statements":{"total":138,"covered":124,"skipped":0,"pct":89.85},"branches":{"total":75,"covered":56,"skipped":0,"pct":74.66}}
,"/Users/dsipos/others/sui-js/src/utils/coder.ts": {"lines":{"total":22,"covered":22,"skipped":0,"pct":100},"functions":{"total":8,"covered":8,"skipped":0,"pct":100},"statements":{"total":32,"covered":32,"skipped":0,"pct":100},"branches":{"total":2,"covered":1,"skipped":0,"pct":50}}
,"/Users/dsipos/others/sui-js/src/utils/color.ts": {"lines":{"total":91,"covered":77,"skipped":0,"pct":84.61},"functions":{"total":9,"covered":9,"skipped":0,"pct":100},"statements":{"total":102,"covered":88,"skipped":0,"pct":86.27},"branches":{"total":31,"covered":21,"skipped":0,"pct":67.74}}
,"/Users/dsipos/others/sui-js/src/utils/dateio.ts": {"lines":{"total":53,"covered":51,"skipped":0,"pct":96.22},"functions":{"total":33,"covered":33,"skipped":0,"pct":100},"statements":{"total":55,"covered":53,"skipped":0,"pct":96.36},"branches":{"total":8,"covered":8,"skipped":0,"pct":100}}
,"/Users/dsipos/others/sui-js/src/utils/index.ts": {"lines":{"total":8,"covered":8,"skipped":0,"pct":100},"functions":{"total":0,"covered":0,"skipped":0,"pct":100},"statements":{"total":8,"covered":8,"skipped":0,"pct":100},"branches":{"total":0,"covered":0,"skipped":0,"pct":100}}
,"/Users/dsipos/others/sui-js/src/utils/log.ts": {"lines":{"total":16,"covered":13,"skipped":0,"pct":81.25},"functions":{"total":6,"covered":4,"skipped":0,"pct":66.66},"statements":{"total":22,"covered":19,"skipped":0,"pct":86.36},"branches":{"total":6,"covered":2,"skipped":0,"pct":33.33}}
,"/Users/dsipos/others/sui-js/src/utils/math.ts": {"lines":{"total":46,"covered":45,"skipped":0,"pct":97.82},"functions":{"total":8,"covered":8,"skipped":0,"pct":100},"statements":{"total":52,"covered":51,"skipped":0,"pct":98.07},"branches":{"total":35,"covered":31,"skipped":0,"pct":88.57}}
,"/Users/dsipos/others/sui-js/src/utils/operation.ts": {"lines":{"total":229,"covered":217,"skipped":0,"pct":94.75},"functions":{"total":67,"covered":65,"skipped":0,"pct":97.01},"statements":{"total":294,"covered":282,"skipped":0,"pct":95.91},"branches":{"total":130,"covered":104,"skipped":0,"pct":80}}
,"/Users/dsipos/others/sui-js/src/utils/render.ts": {"lines":{"total":9,"covered":9,"skipped":0,"pct":100},"functions":{"total":1,"covered":1,"skipped":0,"pct":100},"statements":{"total":10,"covered":10,"skipped":0,"pct":100},"branches":{"total":7,"covered":7,"skipped":0,"pct":100}}
}
