TN:
SF:src/index.ts
FNF:0
FNH:0
DA:27,1
DA:28,1
DA:29,1
DA:30,1
DA:31,1
DA:32,1
LF:6
LH:6
BRF:0
BRH:0
end_of_record
TN:
SF:src/test-helpers.ts
FN:5,createKnot
FN:18,createObjekt
FN:23,cleanupDOM
FN:28,(anonymous_3)
FN:45,(anonymous_4)
FN:51,(anonymous_5)
FN:55,(anonymous_6)
FN:59,(anonymous_7)
FN:64,(anonymous_8)
FN:81,installXhrMock
FN:83,(anonymous_10)
FN:91,uninstallXhrMock
FN:100,getLastXhr
FNF:13
FNH:11
FNDA:0,createKnot
FNDA:0,createObjekt
FNDA:34,cleanupDOM
FNDA:74,(anonymous_3)
FNDA:59,(anonymous_4)
FNDA:182,(anonymous_5)
FNDA:59,(anonymous_6)
FNDA:45,(anonymous_7)
FNDA:23,(anonymous_8)
FNDA:79,installXhrMock
FNDA:74,(anonymous_10)
FNDA:79,uninstallXhrMock
FNDA:57,getLastXhr
DA:1,3
DA:2,3
DA:5,3
DA:9,0
DA:10,0
DA:11,0
DA:13,0
DA:14,0
DA:18,3
DA:19,0
DA:23,3
DA:24,34
DA:28,3
DA:29,74
DA:30,74
DA:31,74
DA:32,74
DA:33,74
DA:34,74
DA:35,74
DA:36,74
DA:37,74
DA:38,74
DA:39,74
DA:40,74
DA:43,74
DA:46,59
DA:47,59
DA:48,59
DA:52,182
DA:56,59
DA:60,45
DA:65,23
DA:66,23
DA:67,23
DA:68,23
DA:69,23
DA:70,23
DA:81,3
DA:82,79
DA:83,79
DA:84,74
DA:85,74
DA:86,74
DA:91,3
DA:92,79
DA:93,79
DA:94,79
DA:96,79
DA:100,3
DA:101,57
DA:102,0
DA:106,57
LF:53
LH:46
BRDA:7,0,0,0
BRDA:18,1,0,0
BRDA:45,2,0,0
BRDA:56,3,0,59
BRDA:56,3,1,0
BRDA:56,4,0,59
BRDA:56,4,1,59
BRDA:60,5,0,25
BRDA:60,5,1,20
BRDA:60,6,0,45
BRDA:60,6,1,45
BRDA:70,7,0,0
BRDA:70,7,1,23
BRDA:70,8,0,23
BRDA:70,8,1,23
BRDA:92,9,0,79
BRDA:92,9,1,0
BRDA:101,10,0,0
BRDA:101,10,1,57
BRF:19
BRH:12
end_of_record
TN:
SF:src/common/config.ts
FN:14,(anonymous_0)
FNF:1
FNH:1
FNDA:110,(anonymous_0)
DA:6,108
DA:14,108
DA:15,110
DA:23,108
LF:4
LH:4
BRF:0
BRH:0
end_of_record
TN:
SF:src/common/controller.ts
FN:26,(anonymous_0)
FN:33,(anonymous_1)
FNF:2
FNH:2
FNDA:1,(anonymous_0)
FNDA:1,(anonymous_1)
DA:22,2
LF:1
LH:1
BRF:0
BRH:0
end_of_record
TN:
SF:src/common/index.ts
FNF:0
FNH:0
DA:8,1
DA:9,1
DA:10,1
LF:3
LH:3
BRF:0
BRH:0
end_of_record
TN:
SF:src/common/service.ts
FN:23,(anonymous_0)
FNF:1
FNH:1
FNDA:1,(anonymous_0)
DA:19,2
LF:1
LH:1
BRF:0
BRH:0
end_of_record
TN:
SF:src/component/application.ts
FN:65,(anonymous_0)
FN:74,(anonymous_1)
FN:90,(anonymous_2)
FN:136,(anonymous_3)
FN:150,(anonymous_4)
FN:166,(anonymous_5)
FN:179,(anonymous_6)
FN:187,(anonymous_7)
FN:196,(anonymous_8)
FN:204,(anonymous_9)
FN:207,(anonymous_10)
FN:213,(anonymous_11)
FN:223,(anonymous_12)
FN:227,(anonymous_13)
FN:232,(anonymous_14)
FN:236,(anonymous_15)
FN:242,(anonymous_16)
FN:248,(anonymous_17)
FN:252,(anonymous_18)
FN:260,(anonymous_19)
FN:269,(anonymous_20)
FN:276,(anonymous_21)
FN:283,(anonymous_22)
FN:290,(anonymous_23)
FN:297,(anonymous_24)
FN:300,(anonymous_25)
FN:308,(anonymous_26)
FN:318,(anonymous_27)
FN:322,(anonymous_28)
FN:332,(anonymous_29)
FN:341,(anonymous_30)
FN:348,(anonymous_31)
FN:358,(anonymous_32)
FN:372,(anonymous_33)
FN:379,(anonymous_34)
FN:382,(anonymous_35)
FN:391,(anonymous_36)
FN:399,(anonymous_37)
FN:410,(anonymous_38)
FN:427,(anonymous_39)
FN:431,(anonymous_40)
FN:447,(anonymous_41)
FN:453,(anonymous_42)
FN:458,(anonymous_43)
FN:471,(anonymous_44)
FN:478,(anonymous_45)
FN:485,(anonymous_46)
FN:487,(anonymous_47)
FN:491,(anonymous_48)
FN:500,(anonymous_49)
FN:504,(anonymous_50)
FN:514,(anonymous_51)
FN:521,(anonymous_52)
FN:528,(anonymous_53)
FN:535,(anonymous_54)
FN:542,(anonymous_55)
FN:549,(anonymous_56)
FN:556,(anonymous_57)
FN:563,(anonymous_58)
FN:570,(anonymous_59)
FN:577,(anonymous_60)
FN:584,(anonymous_61)
FN:586,(anonymous_62)
FN:594,(anonymous_63)
FN:607,(anonymous_64)
FN:621,(anonymous_65)
FN:633,(anonymous_66)
FN:649,(anonymous_67)
FN:676,(anonymous_68)
FN:695,(anonymous_69)
FNF:70
FNH:44
FNDA:1,(anonymous_0)
FNDA:1,(anonymous_1)
FNDA:1,(anonymous_2)
FNDA:0,(anonymous_3)
FNDA:2,(anonymous_4)
FNDA:1,(anonymous_5)
FNDA:0,(anonymous_6)
FNDA:1,(anonymous_7)
FNDA:1,(anonymous_8)
FNDA:1,(anonymous_9)
FNDA:1,(anonymous_10)
FNDA:1,(anonymous_11)
FNDA:0,(anonymous_12)
FNDA:1,(anonymous_13)
FNDA:0,(anonymous_14)
FNDA:1,(anonymous_15)
FNDA:0,(anonymous_16)
FNDA:0,(anonymous_17)
FNDA:1,(anonymous_18)
FNDA:1,(anonymous_19)
FNDA:1,(anonymous_20)
FNDA:1,(anonymous_21)
FNDA:1,(anonymous_22)
FNDA:1,(anonymous_23)
FNDA:1,(anonymous_24)
FNDA:0,(anonymous_25)
FNDA:0,(anonymous_26)
FNDA:0,(anonymous_27)
FNDA:0,(anonymous_28)
FNDA:1,(anonymous_29)
FNDA:1,(anonymous_30)
FNDA:1,(anonymous_31)
FNDA:1,(anonymous_32)
FNDA:1,(anonymous_33)
FNDA:1,(anonymous_34)
FNDA:0,(anonymous_35)
FNDA:1,(anonymous_36)
FNDA:0,(anonymous_37)
FNDA:0,(anonymous_38)
FNDA:0,(anonymous_39)
FNDA:0,(anonymous_40)
FNDA:0,(anonymous_41)
FNDA:0,(anonymous_42)
FNDA:0,(anonymous_43)
FNDA:1,(anonymous_44)
FNDA:1,(anonymous_45)
FNDA:1,(anonymous_46)
FNDA:0,(anonymous_47)
FNDA:0,(anonymous_48)
FNDA:1,(anonymous_49)
FNDA:0,(anonymous_50)
FNDA:1,(anonymous_51)
FNDA:1,(anonymous_52)
FNDA:1,(anonymous_53)
FNDA:1,(anonymous_54)
FNDA:1,(anonymous_55)
FNDA:1,(anonymous_56)
FNDA:1,(anonymous_57)
FNDA:1,(anonymous_58)
FNDA:1,(anonymous_59)
FNDA:1,(anonymous_60)
FNDA:1,(anonymous_61)
FNDA:1,(anonymous_62)
FNDA:1,(anonymous_63)
FNDA:0,(anonymous_64)
FNDA:0,(anonymous_65)
FNDA:0,(anonymous_66)
FNDA:1,(anonymous_67)
FNDA:0,(anonymous_68)
FNDA:0,(anonymous_69)
DA:1,21
DA:2,21
DA:3,21
DA:4,21
DA:5,21
DA:6,21
DA:7,21
DA:8,21
DA:9,21
DA:10,21
DA:11,21
DA:12,21
DA:13,21
DA:14,21
DA:15,21
DA:16,21
DA:17,21
DA:18,21
DA:19,21
DA:20,21
DA:21,21
DA:22,21
DA:23,21
DA:24,21
DA:25,21
DA:26,21
DA:27,21
DA:28,21
DA:29,21
DA:32,21
DA:51,21
DA:53,1
DA:54,1
DA:66,1
DA:67,1
DA:75,1
DA:83,1
DA:91,1
DA:93,1
DA:94,1
DA:95,1
DA:96,1
DA:97,1
DA:98,1
DA:99,1
DA:100,1
DA:101,1
DA:102,1
DA:103,1
DA:104,1
DA:105,1
DA:106,1
DA:107,1
DA:108,1
DA:109,1
DA:110,1
DA:111,1
DA:112,1
DA:113,1
DA:114,1
DA:115,1
DA:116,1
DA:117,1
DA:118,1
DA:119,1
DA:120,1
DA:121,1
DA:122,1
DA:123,1
DA:125,1
DA:137,0
DA:138,0
DA:151,2
DA:152,2
DA:153,1
DA:155,2
DA:167,1
DA:168,1
DA:180,0
DA:181,0
DA:188,1
DA:189,1
DA:190,1
DA:197,1
DA:198,1
DA:205,1
DA:207,1
DA:208,1
DA:209,1
DA:210,1
DA:213,1
DA:214,1
DA:215,1
DA:216,1
DA:217,1
DA:218,1
DA:223,1
DA:224,0
DA:227,1
DA:228,1
DA:229,1
DA:232,1
DA:233,0
DA:236,1
DA:237,1
DA:238,1
DA:239,1
DA:242,1
DA:243,0
DA:244,0
DA:245,0
DA:248,1
DA:249,0
DA:252,1
DA:253,1
DA:261,1
DA:263,1
DA:270,1
DA:277,1
DA:284,1
DA:291,1
DA:298,1
DA:300,1
DA:305,0
DA:309,0
DA:312,0
DA:318,1
DA:319,0
DA:323,0
DA:333,1
DA:342,1
DA:349,1
DA:359,1
DA:363,1
DA:373,1
DA:380,1
DA:381,1
DA:382,1
DA:383,0
DA:384,0
DA:392,1
DA:393,1
DA:394,1
DA:395,1
DA:396,1
DA:397,1
DA:399,1
DA:400,0
DA:401,0
DA:402,0
DA:403,0
DA:410,1
DA:416,0
DA:417,0
DA:418,0
DA:419,0
DA:427,1
DA:428,0
DA:431,1
DA:435,0
DA:442,1
DA:447,1
DA:448,0
DA:449,0
DA:453,1
DA:454,0
DA:460,0
DA:472,1
DA:479,1
DA:486,1
DA:487,1
DA:488,0
DA:489,0
DA:491,1
DA:492,0
DA:493,0
DA:501,1
DA:504,1
DA:505,0
DA:506,0
DA:507,0
DA:515,1
DA:522,1
DA:529,1
DA:536,1
DA:543,1
DA:550,1
DA:557,1
DA:564,1
DA:571,1
DA:578,1
DA:585,1
DA:586,1
DA:587,1
DA:595,1
DA:608,0
DA:609,0
DA:622,0
DA:634,0
DA:650,1
DA:651,0
DA:656,1
DA:661,1
DA:662,1
DA:681,0
DA:700,0
LF:206
LH:161
BRDA:152,0,0,1
BRDA:152,0,1,1
BRDA:448,1,0,0
BRDA:448,1,1,0
BRDA:622,2,0,0
BRDA:622,2,1,0
BRDA:622,3,0,0
BRDA:622,3,1,0
BRDA:650,4,0,0
BRDA:650,4,1,1
BRF:10
BRH:3
end_of_record
TN:
SF:src/component/calendar.ts
FN:57,(anonymous_0)
FN:67,(anonymous_1)
FN:74,(anonymous_2)
FN:94,(anonymous_3)
FN:109,(anonymous_4)
FN:131,(anonymous_5)
FN:156,(anonymous_6)
FN:166,(anonymous_7)
FN:176,(anonymous_8)
FN:194,(anonymous_9)
FN:220,(anonymous_10)
FN:233,(anonymous_11)
FN:242,(anonymous_12)
FN:251,(anonymous_13)
FN:264,(anonymous_14)
FN:266,(anonymous_15)
FN:269,(anonymous_16)
FN:272,(anonymous_17)
FN:287,(anonymous_18)
FN:289,(anonymous_19)
FN:292,(anonymous_20)
FN:295,(anonymous_21)
FN:307,(anonymous_22)
FN:319,(anonymous_23)
FN:344,(anonymous_24)
FN:355,(anonymous_25)
FN:364,(anonymous_26)
FN:372,(anonymous_27)
FN:381,(anonymous_28)
FN:390,(anonymous_29)
FN:407,(anonymous_30)
FN:427,(anonymous_31)
FN:444,(anonymous_32)
FN:456,(anonymous_33)
FN:472,(anonymous_34)
FN:487,(anonymous_35)
FN:503,(anonymous_36)
FN:506,(anonymous_37)
FN:510,(anonymous_38)
FN:513,(anonymous_39)
FN:525,(anonymous_40)
FN:540,(anonymous_41)
FN:550,(anonymous_42)
FNF:43
FNH:43
FNDA:87,(anonymous_0)
FNDA:87,(anonymous_1)
FNDA:87,(anonymous_2)
FNDA:87,(anonymous_3)
FNDA:87,(anonymous_4)
FNDA:8,(anonymous_5)
FNDA:87,(anonymous_6)
FNDA:9,(anonymous_7)
FNDA:9,(anonymous_8)
FNDA:207,(anonymous_9)
FNDA:96,(anonymous_10)
FNDA:11,(anonymous_11)
FNDA:12,(anonymous_12)
FNDA:73,(anonymous_13)
FNDA:4,(anonymous_14)
FNDA:1,(anonymous_15)
FNDA:1,(anonymous_16)
FNDA:2,(anonymous_17)
FNDA:3,(anonymous_18)
FNDA:1,(anonymous_19)
FNDA:1,(anonymous_20)
FNDA:1,(anonymous_21)
FNDA:99,(anonymous_22)
FNDA:99,(anonymous_23)
FNDA:99,(anonymous_24)
FNDA:70,(anonymous_25)
FNDA:14,(anonymous_26)
FNDA:15,(anonymous_27)
FNDA:99,(anonymous_28)
FNDA:14,(anonymous_29)
FNDA:15,(anonymous_30)
FNDA:70,(anonymous_31)
FNDA:70,(anonymous_32)
FNDA:99,(anonymous_33)
FNDA:99,(anonymous_34)
FNDA:99,(anonymous_35)
FNDA:5,(anonymous_36)
FNDA:2,(anonymous_37)
FNDA:1,(anonymous_38)
FNDA:2,(anonymous_39)
FNDA:5,(anonymous_40)
FNDA:92,(anonymous_41)
FNDA:2,(anonymous_42)
DA:1,25
DA:2,25
DA:3,25
DA:4,25
DA:5,25
DA:6,25
DA:7,25
DA:22,25
DA:58,87
DA:59,87
DA:60,87
DA:68,87
DA:75,87
DA:76,87
DA:77,87
DA:79,87
DA:80,87
DA:88,87
DA:95,87
DA:96,87
DA:97,87
DA:101,87
DA:102,87
DA:103,87
DA:110,87
DA:111,87
DA:112,87
DA:114,87
DA:115,87
DA:116,87
DA:122,87
DA:123,87
DA:124,87
DA:125,87
DA:126,87
DA:127,87
DA:129,87
DA:130,87
DA:131,87
DA:132,8
DA:133,8
DA:135,87
DA:137,87
DA:138,87
DA:139,87
DA:145,87
DA:146,87
DA:147,87
DA:148,87
DA:149,87
DA:150,87
DA:157,87
DA:158,87
DA:159,87
DA:167,9
DA:168,9
DA:177,9
DA:178,9
DA:179,9
DA:181,9
DA:182,9
DA:199,207
DA:200,207
DA:202,147
DA:203,147
DA:205,29
DA:206,29
DA:208,31
DA:209,31
DA:211,0
DA:213,207
DA:221,96
DA:222,96
DA:223,96
DA:234,11
DA:235,11
DA:236,11
DA:243,12
DA:244,12
DA:245,12
DA:252,73
DA:253,73
DA:254,73
DA:256,73
DA:257,73
DA:258,73
DA:265,4
DA:267,1
DA:270,1
DA:273,2
DA:274,2
DA:275,0
DA:277,2
DA:280,4
DA:281,4
DA:288,3
DA:290,1
DA:293,1
DA:296,1
DA:299,3
DA:300,3
DA:308,99
DA:310,99
DA:311,99
DA:312,99
DA:320,99
DA:322,99
DA:328,99
DA:332,99
DA:345,99
DA:356,70
DA:357,70
DA:358,70
DA:365,14
DA:366,14
DA:373,15
DA:374,15
DA:382,99
DA:383,99
DA:384,99
DA:391,14
DA:392,14
DA:393,168
DA:398,168
DA:399,168
DA:400,168
DA:408,15
DA:410,15
DA:412,15
DA:413,240
DA:418,240
DA:419,240
DA:420,240
DA:428,70
DA:430,70
DA:431,70
DA:432,490
DA:434,490
DA:435,490
DA:436,490
DA:437,490
DA:445,70
DA:446,70
DA:447,2940
DA:448,2940
DA:449,2940
DA:457,99
DA:458,99
DA:459,99
DA:460,570
DA:461,570
DA:464,570
DA:465,570
DA:473,99
DA:474,99
DA:475,2973
DA:476,2973
DA:479,2973
DA:480,2973
DA:488,99
DA:489,99
DA:490,615
DA:491,615
DA:494,615
DA:495,615
DA:504,5
DA:505,5
DA:507,2
DA:508,2
DA:511,1
DA:514,2
DA:517,5
DA:518,5
DA:526,5
DA:528,5
DA:529,5
DA:530,1
DA:532,5
DA:533,5
DA:541,92
DA:551,2
LF:181
LH:179
BRDA:178,0,0,9
BRDA:178,0,1,0
BRDA:182,1,0,8
BRDA:182,1,1,1
BRDA:200,2,0,147
BRDA:200,2,1,29
BRDA:200,2,2,31
BRDA:200,2,3,0
BRDA:213,3,0,207
BRDA:213,3,1,200
BRDA:274,4,0,0
BRDA:274,4,1,2
BRDA:383,5,0,84
BRDA:383,5,1,15
BRDA:529,6,0,1
BRDA:529,6,1,4
BRF:16
BRH:13
end_of_record
TN:
SF:src/component/canvas.ts
FN:30,(anonymous_0)
FN:39,(anonymous_1)
FN:55,(anonymous_2)
FN:56,(anonymous_3)
FN:72,(anonymous_4)
FN:84,(anonymous_5)
FN:96,(anonymous_6)
FN:108,(anonymous_7)
FN:121,(anonymous_8)
FN:142,(anonymous_9)
FN:167,(anonymous_10)
FN:193,(anonymous_11)
FN:207,(anonymous_12)
FN:234,(anonymous_13)
FN:256,(anonymous_14)
FN:265,(anonymous_15)
FN:275,(anonymous_16)
FNF:17
FNH:3
FNDA:52,(anonymous_0)
FNDA:52,(anonymous_1)
FNDA:52,(anonymous_2)
FNDA:0,(anonymous_3)
FNDA:0,(anonymous_4)
FNDA:0,(anonymous_5)
FNDA:0,(anonymous_6)
FNDA:0,(anonymous_7)
FNDA:0,(anonymous_8)
FNDA:0,(anonymous_9)
FNDA:0,(anonymous_10)
FNDA:0,(anonymous_11)
FNDA:0,(anonymous_12)
FNDA:0,(anonymous_13)
FNDA:0,(anonymous_14)
FNDA:0,(anonymous_15)
FNDA:0,(anonymous_16)
DA:1,24
DA:2,24
DA:3,24
DA:4,24
DA:21,24
DA:31,52
DA:32,52
DA:40,52
DA:41,52
DA:42,0
DA:45,52
DA:46,52
DA:48,52
DA:49,52
DA:56,52
DA:57,0
DA:58,0
DA:59,0
DA:60,0
DA:73,0
DA:85,0
DA:97,0
DA:109,0
DA:122,0
DA:123,0
DA:150,0
DA:151,0
DA:153,0
DA:154,0
DA:155,0
DA:156,0
DA:157,0
DA:158,0
DA:159,0
DA:160,0
DA:165,0
DA:167,0
DA:169,0
DA:171,0
DA:172,0
DA:173,0
DA:201,0
DA:202,0
DA:203,0
DA:204,0
DA:205,0
DA:207,0
DA:209,0
DA:212,0
DA:213,0
DA:216,0
DA:217,0
DA:219,0
DA:239,0
DA:240,0
DA:241,0
DA:242,0
DA:243,0
DA:257,0
DA:266,0
DA:276,0
LF:61
LH:14
BRDA:41,0,0,0
BRDA:41,0,1,52
BRDA:45,1,0,52
BRDA:45,1,1,0
BRDA:150,2,0,0
BRDA:150,2,1,0
BRDA:212,3,0,0
BRDA:212,3,1,0
BRDA:216,4,0,0
BRDA:216,4,1,0
BRDA:239,5,0,0
BRDA:239,5,1,0
BRDA:240,6,0,0
BRDA:240,6,1,0
BRF:14
BRH:2
end_of_record
TN:
SF:src/component/cardCollection.ts
FN:49,(anonymous_0)
FN:65,(anonymous_1)
FN:84,(anonymous_2)
FN:95,(anonymous_3)
FN:103,(anonymous_4)
FN:113,(anonymous_5)
FN:136,(anonymous_6)
FN:150,(anonymous_7)
FN:154,(anonymous_8)
FN:163,(anonymous_9)
FN:196,(anonymous_10)
FN:219,(anonymous_11)
FN:233,(anonymous_12)
FN:241,(anonymous_13)
FN:256,(anonymous_14)
FN:273,(anonymous_15)
FN:283,(anonymous_16)
FN:297,(anonymous_17)
FN:299,(anonymous_18)
FN:311,(anonymous_19)
FNF:20
FNH:6
FNDA:1,(anonymous_0)
FNDA:1,(anonymous_1)
FNDA:1,(anonymous_2)
FNDA:0,(anonymous_3)
FNDA:1,(anonymous_4)
FNDA:1,(anonymous_5)
FNDA:1,(anonymous_6)
FNDA:0,(anonymous_7)
FNDA:0,(anonymous_8)
FNDA:0,(anonymous_9)
FNDA:0,(anonymous_10)
FNDA:0,(anonymous_11)
FNDA:0,(anonymous_12)
FNDA:0,(anonymous_13)
FNDA:0,(anonymous_14)
FNDA:0,(anonymous_15)
FNDA:0,(anonymous_16)
FNDA:0,(anonymous_17)
FNDA:0,(anonymous_18)
FNDA:0,(anonymous_19)
DA:1,21
DA:2,21
DA:3,21
DA:4,21
DA:5,21
DA:6,21
DA:7,21
DA:8,21
DA:9,21
DA:27,21
DA:55,1
DA:56,1
DA:57,1
DA:58,1
DA:66,1
DA:78,1
DA:85,1
DA:86,1
DA:87,1
DA:88,1
DA:89,1
DA:90,1
DA:95,1
DA:96,0
DA:104,1
DA:114,1
DA:116,1
DA:117,1
DA:118,1
DA:120,1
DA:121,1
DA:122,1
DA:124,1
DA:125,1
DA:126,1
DA:128,1
DA:129,1
DA:130,1
DA:137,1
DA:141,1
DA:142,1
DA:151,0
DA:152,0
DA:153,0
DA:154,0
DA:155,0
DA:156,0
DA:157,0
DA:158,0
DA:159,0
DA:160,0
DA:162,0
DA:163,0
DA:164,0
DA:165,0
DA:167,0
DA:170,0
DA:171,0
DA:172,0
DA:173,0
DA:174,0
DA:176,0
DA:180,0
DA:186,0
DA:197,0
DA:198,0
DA:200,0
DA:207,0
DA:220,0
DA:234,0
DA:242,0
DA:243,0
DA:244,0
DA:245,0
DA:257,0
DA:258,0
DA:259,0
DA:261,0
DA:262,0
DA:274,0
DA:275,0
DA:284,0
DA:285,0
DA:286,0
DA:291,0
DA:298,0
DA:299,0
DA:300,0
DA:302,0
DA:312,0
LF:90
LH:40
BRDA:51,0,0,1
BRDA:52,1,0,1
BRDA:53,2,0,1
BRDA:65,3,0,0
BRDA:156,4,0,0
BRDA:156,4,1,0
BRDA:164,5,0,0
BRDA:164,5,1,0
BRDA:170,6,0,0
BRDA:170,6,1,0
BRDA:172,7,0,0
BRDA:172,7,1,0
BRDA:196,8,0,0
BRDA:197,9,0,0
BRDA:197,9,1,0
BRDA:258,10,0,0
BRDA:258,10,1,0
BRDA:285,11,0,0
BRDA:285,11,1,0
BRF:19
BRH:3
end_of_record
TN:
SF:src/component/carousel.ts
FN:21,(anonymous_0)
FN:35,(anonymous_1)
FN:43,(anonymous_2)
FNF:3
FNH:3
FNDA:1,(anonymous_0)
FNDA:1,(anonymous_1)
FNDA:1,(anonymous_2)
DA:2,21
DA:3,21
DA:11,21
DA:26,1
DA:27,1
DA:28,1
DA:36,1
DA:37,1
LF:8
LH:8
BRDA:23,0,0,1
BRDA:24,1,0,1
BRDA:35,2,0,0
BRF:3
BRH:2
end_of_record
TN:
SF:src/component/clock.ts
FN:41,(anonymous_0)
FN:51,(anonymous_1)
FN:58,(anonymous_2)
FN:74,(anonymous_3)
FN:95,(anonymous_4)
FN:108,(anonymous_5)
FN:122,(anonymous_6)
FN:135,(anonymous_7)
FN:147,(anonymous_8)
FN:150,(anonymous_9)
FN:159,(anonymous_10)
FN:162,(anonymous_11)
FN:172,(anonymous_12)
FN:181,(anonymous_13)
FN:191,(anonymous_14)
FN:201,(anonymous_15)
FN:213,(anonymous_16)
FN:226,(anonymous_17)
FN:239,(anonymous_18)
FN:253,(anonymous_19)
FN:270,(anonymous_20)
FN:280,(anonymous_21)
FN:295,(anonymous_22)
FN:305,(anonymous_23)
FN:309,(anonymous_24)
FN:312,(anonymous_25)
FN:322,(anonymous_26)
FN:327,(anonymous_27)
FN:339,(anonymous_28)
FN:343,(anonymous_29)
FN:357,(anonymous_30)
FN:369,(anonymous_31)
FNF:32
FNH:20
FNDA:52,(anonymous_0)
FNDA:52,(anonymous_1)
FNDA:52,(anonymous_2)
FNDA:51,(anonymous_3)
FNDA:52,(anonymous_4)
FNDA:52,(anonymous_5)
FNDA:52,(anonymous_6)
FNDA:0,(anonymous_7)
FNDA:52,(anonymous_8)
FNDA:0,(anonymous_9)
FNDA:52,(anonymous_10)
FNDA:0,(anonymous_11)
FNDA:0,(anonymous_12)
FNDA:52,(anonymous_13)
FNDA:52,(anonymous_14)
FNDA:51,(anonymous_15)
FNDA:52,(anonymous_16)
FNDA:52,(anonymous_17)
FNDA:52,(anonymous_18)
FNDA:52,(anonymous_19)
FNDA:52,(anonymous_20)
FNDA:0,(anonymous_21)
FNDA:0,(anonymous_22)
FNDA:51,(anonymous_23)
FNDA:51,(anonymous_24)
FNDA:0,(anonymous_25)
FNDA:0,(anonymous_26)
FNDA:0,(anonymous_27)
FNDA:51,(anonymous_28)
FNDA:0,(anonymous_29)
FNDA:0,(anonymous_30)
FNDA:0,(anonymous_31)
DA:1,25
DA:2,25
DA:3,25
DA:4,25
DA:5,25
DA:18,25
DA:42,52
DA:43,52
DA:44,52
DA:52,52
DA:59,52
DA:60,52
DA:65,52
DA:78,51
DA:79,51
DA:81,51
DA:82,51
DA:84,0
DA:85,0
DA:87,0
DA:89,51
DA:96,52
DA:97,52
DA:98,52
DA:102,52
DA:109,52
DA:110,52
DA:111,52
DA:113,52
DA:114,52
DA:115,52
DA:116,52
DA:123,52
DA:124,52
DA:125,52
DA:129,52
DA:136,0
DA:137,0
DA:139,0
DA:141,0
DA:148,52
DA:149,52
DA:150,52
DA:151,0
DA:153,52
DA:160,52
DA:161,52
DA:162,52
DA:163,0
DA:165,52
DA:173,0
DA:174,0
DA:175,0
DA:182,52
DA:183,52
DA:184,52
DA:185,52
DA:192,52
DA:193,52
DA:194,52
DA:202,51
DA:203,51
DA:204,51
DA:205,51
DA:206,51
DA:214,52
DA:215,52
DA:216,52
DA:217,52
DA:218,52
DA:219,52
DA:227,52
DA:228,52
DA:229,52
DA:230,52
DA:231,52
DA:232,52
DA:240,52
DA:241,52
DA:242,52
DA:243,52
DA:244,52
DA:254,52
DA:256,52
DA:257,52
DA:259,52
DA:260,52
DA:262,52
DA:263,52
DA:271,52
DA:272,52
DA:281,0
DA:282,0
DA:283,0
DA:285,0
DA:286,0
DA:296,0
DA:297,0
DA:306,51
DA:308,51
DA:310,51
DA:313,0
DA:323,0
DA:327,0
DA:328,0
DA:329,0
DA:330,0
DA:332,0
DA:340,51
DA:343,51
DA:344,0
DA:345,0
DA:346,0
DA:347,0
DA:348,0
DA:350,51
DA:358,0
DA:359,0
DA:360,0
DA:370,0
LF:120
LH:85
BRDA:79,0,0,51
BRDA:79,0,1,0
BRDA:79,0,2,0
BRDA:89,1,0,51
BRDA:89,1,1,51
BRDA:136,2,0,0
BRDA:136,2,1,0
BRDA:215,3,0,51
BRDA:215,3,1,1
BRDA:218,4,0,1
BRDA:218,4,1,51
BRDA:228,5,0,0
BRDA:228,5,1,52
BRDA:231,6,0,1
BRDA:231,6,1,51
BRDA:256,7,0,52
BRDA:256,7,1,51
BRDA:262,8,0,52
BRDA:262,8,1,0
BRDA:282,9,0,0
BRDA:282,9,1,0
BRDA:286,10,0,0
BRDA:286,10,1,0
BRDA:345,11,0,0
BRDA:345,11,1,0
BRDA:346,12,0,0
BRDA:346,12,1,0
BRF:27
BRH:13
end_of_record
TN:
SF:src/component/contentHandler.ts
FN:28,(anonymous_0)
FN:38,(anonymous_1)
FN:49,(anonymous_2)
FN:74,(anonymous_3)
FN:85,(anonymous_4)
FNF:5
FNH:5
FNDA:51,(anonymous_0)
FNDA:51,(anonymous_1)
FNDA:51,(anonymous_2)
FNDA:52,(anonymous_3)
FNDA:23,(anonymous_4)
DA:1,23
DA:2,23
DA:18,23
DA:29,51
DA:30,51
DA:31,51
DA:39,51
DA:43,51
DA:50,51
DA:51,51
DA:52,51
DA:54,51
DA:55,0
DA:56,0
DA:57,0
DA:59,51
DA:60,0
DA:61,0
DA:62,0
DA:65,51
DA:75,52
DA:76,52
DA:86,23
DA:87,23
LF:24
LH:18
BRDA:28,0,0,1
BRDA:38,1,0,0
BRDA:54,2,0,0
BRDA:54,2,1,51
BRDA:59,3,0,0
BRDA:59,3,1,51
BRF:6
BRH:3
end_of_record
TN:
SF:src/component/dateTime.ts
FN:48,(anonymous_0)
FN:58,(anonymous_1)
FN:65,(anonymous_2)
FN:74,(anonymous_3)
FN:118,(anonymous_4)
FN:127,(anonymous_5)
FN:135,(anonymous_6)
FN:146,(anonymous_7)
FN:161,(anonymous_8)
FN:169,(anonymous_9)
FN:180,(anonymous_10)
FN:192,(anonymous_11)
FN:201,(anonymous_12)
FN:209,(anonymous_13)
FN:215,(anonymous_14)
FN:237,(anonymous_15)
FN:243,(anonymous_16)
FN:261,(anonymous_17)
FN:272,(anonymous_18)
FNF:19
FNH:15
FNDA:49,(anonymous_0)
FNDA:49,(anonymous_1)
FNDA:49,(anonymous_2)
FNDA:49,(anonymous_3)
FNDA:54,(anonymous_4)
FNDA:54,(anonymous_5)
FNDA:54,(anonymous_6)
FNDA:54,(anonymous_7)
FNDA:53,(anonymous_8)
FNDA:54,(anonymous_9)
FNDA:5,(anonymous_10)
FNDA:48,(anonymous_11)
FNDA:51,(anonymous_12)
FNDA:51,(anonymous_13)
FNDA:0,(anonymous_14)
FNDA:51,(anonymous_15)
FNDA:0,(anonymous_16)
FNDA:0,(anonymous_17)
FNDA:0,(anonymous_18)
DA:1,24
DA:2,24
DA:3,24
DA:4,24
DA:5,24
DA:6,24
DA:30,24
DA:49,49
DA:50,49
DA:51,49
DA:59,49
DA:66,49
DA:67,49
DA:68,49
DA:75,49
DA:112,49
DA:119,54
DA:120,54
DA:121,54
DA:128,54
DA:129,54
DA:136,54
DA:137,54
DA:138,54
DA:139,54
DA:147,54
DA:148,54
DA:149,54
DA:150,54
DA:162,53
DA:170,54
DA:171,54
DA:181,5
DA:182,5
DA:183,5
DA:193,48
DA:202,51
DA:203,51
DA:210,51
DA:211,51
DA:215,51
DA:216,0
DA:220,0
DA:224,0
DA:228,0
DA:230,51
DA:238,51
DA:239,51
DA:243,51
DA:244,0
DA:248,0
DA:252,0
DA:254,51
DA:262,0
DA:263,0
DA:273,0
LF:56
LH:46
BRDA:136,0,0,54
BRDA:136,0,1,0
BRDA:147,1,0,54
BRDA:147,1,1,0
BRDA:170,2,0,54
BRDA:170,2,1,0
BRDA:210,3,0,51
BRDA:210,3,1,0
BRDA:238,4,0,51
BRDA:238,4,1,0
BRF:10
BRH:5
end_of_record
TN:
SF:src/component/day.ts
FN:29,(anonymous_0)
FN:40,(anonymous_1)
FN:47,(anonymous_2)
FN:68,(anonymous_3)
FN:73,(anonymous_4)
FN:86,(anonymous_5)
FNF:6
FNH:5
FNDA:4159,(anonymous_0)
FNDA:4159,(anonymous_1)
FNDA:4159,(anonymous_2)
FNDA:2940,(anonymous_3)
FNDA:2,(anonymous_4)
FNDA:0,(anonymous_5)
DA:1,26
DA:2,26
DA:3,26
DA:4,26
DA:15,26
DA:30,4159
DA:31,4159
DA:32,4159
DA:33,4159
DA:41,4159
DA:49,4159
DA:54,4159
DA:58,4159
DA:69,2940
DA:70,2940
DA:71,2940
DA:72,2940
DA:73,2940
DA:74,2
DA:77,2940
DA:87,0
LF:21
LH:20
BRDA:49,0,0,92
BRDA:49,0,1,4067
BRDA:54,1,0,0
BRDA:54,1,1,4159
BRF:4
BRH:3
end_of_record
TN:
SF:src/component/dropdown.ts
FN:35,(anonymous_0)
FN:45,(anonymous_1)
FN:55,(anonymous_2)
FN:66,(anonymous_3)
FN:86,(anonymous_4)
FN:109,(anonymous_5)
FN:120,(anonymous_6)
FN:121,(anonymous_7)
FN:130,(anonymous_8)
FNF:9
FNH:8
FNDA:3,(anonymous_0)
FNDA:3,(anonymous_1)
FNDA:3,(anonymous_2)
FNDA:3,(anonymous_3)
FNDA:3,(anonymous_4)
FNDA:2,(anonymous_5)
FNDA:2,(anonymous_6)
FNDA:8,(anonymous_7)
FNDA:0,(anonymous_8)
DA:1,22
DA:2,22
DA:3,22
DA:4,22
DA:5,22
DA:7,22
DA:21,22
DA:36,3
DA:37,3
DA:38,3
DA:46,3
DA:49,3
DA:56,3
DA:57,3
DA:58,3
DA:59,3
DA:60,3
DA:67,3
DA:68,3
DA:69,3
DA:75,3
DA:76,3
DA:77,3
DA:78,3
DA:80,3
DA:87,3
DA:88,3
DA:89,3
DA:96,3
DA:110,2
DA:111,2
DA:112,2
DA:113,2
DA:114,2
DA:121,2
DA:122,8
DA:123,8
DA:124,8
DA:125,8
DA:126,8
DA:127,8
DA:128,0
DA:130,8
DA:131,0
DA:133,8
LF:45
LH:43
BRDA:35,0,0,3
BRDA:45,1,0,0
BRDA:123,2,0,8
BRDA:123,2,1,0
BRDA:126,3,0,8
BRDA:126,3,1,0
BRDA:127,4,0,0
BRDA:127,4,1,8
BRF:8
BRH:4
end_of_record
TN:
SF:src/component/form.ts
FN:41,(anonymous_0)
FN:58,(anonymous_1)
FN:82,(anonymous_2)
FN:83,(anonymous_3)
FN:105,(anonymous_4)
FN:106,(anonymous_5)
FN:117,(anonymous_6)
FN:118,(anonymous_7)
FN:127,(anonymous_8)
FN:137,(anonymous_9)
FN:146,(anonymous_10)
FN:149,(anonymous_11)
FN:152,(anonymous_12)
FN:178,(anonymous_13)
FN:185,(anonymous_14)
FN:204,(anonymous_15)
FN:217,(anonymous_16)
FN:221,(anonymous_17)
FN:235,(anonymous_18)
FN:249,(anonymous_19)
FN:259,(anonymous_20)
FN:269,(anonymous_21)
FN:291,(anonymous_22)
FN:293,(anonymous_23)
FN:312,(anonymous_24)
FN:316,(anonymous_25)
FN:332,(anonymous_26)
FN:346,(anonymous_27)
FN:357,(anonymous_28)
FN:358,(anonymous_29)
FN:381,(anonymous_30)
FN:382,(anonymous_31)
FN:395,(anonymous_32)
FN:396,(anonymous_33)
FN:399,(anonymous_34)
FN:410,(anonymous_35)
FN:411,(anonymous_36)
FN:421,(anonymous_37)
FN:430,(anonymous_38)
FN:439,(anonymous_39)
FN:447,(anonymous_40)
FNF:41
FNH:38
FNDA:58,(anonymous_0)
FNDA:58,(anonymous_1)
FNDA:58,(anonymous_2)
FNDA:32,(anonymous_3)
FNDA:58,(anonymous_4)
FNDA:57,(anonymous_5)
FNDA:58,(anonymous_6)
FNDA:61,(anonymous_7)
FNDA:60,(anonymous_8)
FNDA:1081,(anonymous_9)
FNDA:221,(anonymous_10)
FNDA:0,(anonymous_11)
FNDA:0,(anonymous_12)
FNDA:8,(anonymous_13)
FNDA:138,(anonymous_14)
FNDA:10,(anonymous_15)
FNDA:4,(anonymous_16)
FNDA:69,(anonymous_17)
FNDA:1052,(anonymous_18)
FNDA:1273,(anonymous_19)
FNDA:0,(anonymous_20)
FNDA:221,(anonymous_21)
FNDA:2,(anonymous_22)
FNDA:46,(anonymous_23)
FNDA:286,(anonymous_24)
FNDA:6509,(anonymous_25)
FNDA:5,(anonymous_26)
FNDA:2,(anonymous_27)
FNDA:2,(anonymous_28)
FNDA:23,(anonymous_29)
FNDA:29,(anonymous_30)
FNDA:227,(anonymous_31)
FNDA:4,(anonymous_32)
FNDA:69,(anonymous_33)
FNDA:69,(anonymous_34)
FNDA:3,(anonymous_35)
FNDA:46,(anonymous_36)
FNDA:57,(anonymous_37)
FNDA:60,(anonymous_38)
FNDA:1,(anonymous_39)
FNDA:1,(anonymous_40)
DA:1,23
DA:2,23
DA:3,23
DA:4,23
DA:5,23
DA:6,23
DA:27,23
DA:42,58
DA:46,58
DA:47,58
DA:50,58
DA:52,58
DA:59,58
DA:60,58
DA:61,58
DA:63,58
DA:69,58
DA:75,58
DA:76,58
DA:83,58
DA:84,32
DA:87,32
DA:93,32
DA:95,32
DA:98,58
DA:99,58
DA:106,58
DA:107,57
DA:108,57
DA:109,57
DA:118,58
DA:119,61
DA:120,61
DA:128,60
DA:133,60
DA:135,60
DA:136,60
DA:137,60
DA:138,1081
DA:139,1081
DA:140,23
DA:141,22
DA:142,22
DA:143,22
DA:146,1058
DA:147,221
DA:149,1058
DA:150,0
DA:152,1058
DA:153,0
DA:155,1058
DA:156,1012
DA:157,1012
DA:159,1058
DA:160,1058
DA:161,1012
DA:165,60
DA:183,8
DA:184,8
DA:185,8
DA:186,138
DA:187,138
DA:188,138
DA:189,138
DA:190,138
DA:205,10
DA:221,4
DA:222,69
DA:223,69
DA:225,4
DA:226,4
DA:236,1052
DA:237,1052
DA:238,1052
DA:239,1052
DA:250,1273
DA:260,0
DA:261,0
DA:274,221
DA:275,221
DA:276,221
DA:277,40
DA:278,40
DA:280,221
DA:292,2
DA:293,2
DA:294,46
DA:295,46
DA:296,46
DA:316,286
DA:317,6509
DA:319,286
DA:333,5
DA:347,2
DA:358,2
DA:359,23
DA:360,23
DA:361,0
DA:362,0
DA:363,0
DA:365,23
DA:368,2
DA:382,29
DA:383,227
DA:396,4
DA:397,69
DA:399,4
DA:400,69
DA:411,3
DA:412,46
DA:422,57
DA:431,60
DA:440,1
DA:448,1
DA:449,1
DA:450,1
LF:116
LH:109
BRDA:41,0,0,58
BRDA:85,1,0,32
BRDA:85,1,1,0
BRDA:87,2,0,32
BRDA:87,2,1,0
BRDA:89,3,0,32
BRDA:89,3,1,32
BRDA:90,4,0,32
BRDA:90,4,1,0
BRDA:90,4,2,0
BRDA:90,4,3,0
BRDA:108,5,0,57
BRDA:108,5,1,0
BRDA:139,6,0,23
BRDA:139,6,1,1058
BRDA:140,7,0,22
BRDA:140,7,1,1
BRDA:155,8,0,1012
BRDA:155,8,1,46
BRDA:160,9,0,1012
BRDA:160,9,1,46
BRDA:180,10,0,8
BRDA:181,11,0,8
BRDA:188,12,0,138
BRDA:188,12,1,0
BRDA:218,13,0,4
BRDA:219,14,0,4
BRDA:237,15,0,1052
BRDA:237,15,1,0
BRDA:276,16,0,40
BRDA:276,16,1,181
BRDA:313,17,0,3
BRDA:314,18,0,65
BRDA:360,19,0,0
BRDA:360,19,1,23
BRF:35
BRH:26
end_of_record
TN:
SF:src/component/formField.ts
FN:45,(anonymous_0)
FN:68,(anonymous_1)
FN:124,(anonymous_2)
FNF:3
FNH:3
FNDA:1059,(anonymous_0)
FNDA:1140,(anonymous_1)
FNDA:1059,(anonymous_2)
DA:1,23
DA:2,23
DA:3,23
DA:4,23
DA:5,23
DA:6,23
DA:7,23
DA:8,23
DA:9,23
DA:10,23
DA:11,23
DA:12,23
DA:13,23
DA:14,23
DA:15,23
DA:16,23
DA:17,23
DA:18,23
DA:19,23
DA:20,23
DA:21,23
DA:22,23
DA:45,23
DA:49,1059
DA:51,1059
DA:68,23
DA:75,1140
DA:76,1140
DA:77,1140
DA:79,1140
DA:81,1140
DA:83,1140
DA:87,0
DA:90,1140
DA:91,1140
DA:92,956
DA:97,956
DA:99,956
DA:101,956
DA:102,956
DA:103,956
DA:105,956
DA:108,1140
DA:124,23
DA:131,1059
DA:133,1059
DA:134,1059
DA:135,1059
DA:136,1059
DA:137,46
DA:139,1059
DA:140,46
DA:141,1013
DA:142,967
DA:143,967
DA:145,46
DA:146,46
DA:148,46
DA:149,46
DA:151,46
DA:152,46
DA:160,46
DA:161,46
DA:162,0
DA:169,46
DA:170,0
DA:177,46
DA:178,46
DA:185,46
DA:187,46
DA:188,46
DA:190,138
DA:191,46
DA:192,92
DA:193,46
DA:200,46
DA:207,138
DA:209,92
DA:216,92
DA:218,46
DA:219,46
DA:221,46
DA:222,46
DA:224,46
DA:225,46
DA:227,46
DA:228,46
DA:230,46
DA:231,46
DA:233,46
DA:234,46
DA:236,139
DA:237,46
DA:244,93
DA:246,139
DA:248,92
DA:249,92
DA:252,1059
LF:98
LH:95
BRDA:83,0,0,0
BRDA:83,0,1,1140
BRDA:84,1,0,1140
BRDA:84,1,1,1094
BRDA:84,1,2,184
BRDA:91,2,0,956
BRDA:91,2,1,184
BRDA:136,3,0,46
BRDA:136,3,1,1013
BRDA:139,4,0,46
BRDA:139,4,1,1013
BRDA:141,5,0,967
BRDA:141,5,1,46
BRDA:141,6,0,1013
BRDA:141,6,1,184
BRDA:143,7,0,46
BRDA:143,7,1,46
BRDA:143,7,2,46
BRDA:143,7,3,46
BRDA:143,7,4,46
BRDA:143,7,5,46
BRDA:143,7,6,46
BRDA:143,7,7,46
BRDA:143,7,8,46
BRDA:143,7,9,46
BRDA:143,7,10,46
BRDA:143,7,11,138
BRDA:143,7,12,92
BRDA:143,7,13,46
BRDA:143,7,14,46
BRDA:143,7,15,46
BRDA:143,7,16,46
BRDA:143,7,17,46
BRDA:143,7,18,46
BRDA:143,7,19,139
BRDA:143,7,20,92
BRDA:161,8,0,0
BRDA:161,8,1,46
BRDA:169,9,0,0
BRDA:169,9,1,46
BRDA:177,10,0,46
BRDA:177,10,1,0
BRDA:190,11,0,46
BRDA:190,11,1,92
BRDA:192,12,0,46
BRDA:192,12,1,46
BRDA:236,13,0,46
BRDA:236,13,1,93
BRF:48
BRH:44
end_of_record
TN:
SF:src/component/googleMap.ts
FN:42,(anonymous_0)
FN:64,(anonymous_1)
FN:117,(anonymous_2)
FN:131,(anonymous_3)
FN:162,(anonymous_4)
FN:174,(anonymous_5)
FN:190,(anonymous_6)
FN:204,(anonymous_7)
FN:217,(anonymous_8)
FN:230,(anonymous_9)
FN:232,(anonymous_10)
FN:238,(anonymous_11)
FN:246,(anonymous_12)
FN:253,(anonymous_13)
FN:255,(anonymous_14)
FN:266,(anonymous_15)
FN:289,(anonymous_16)
FN:320,(anonymous_17)
FN:368,(anonymous_18)
FN:376,(anonymous_19)
FN:398,(anonymous_20)
FN:400,(anonymous_21)
FN:417,(anonymous_22)
FN:429,(anonymous_23)
FN:447,(anonymous_24)
FN:448,(anonymous_25)
FN:463,(anonymous_26)
FN:470,(anonymous_27)
FN:486,(anonymous_28)
FN:497,(anonymous_29)
FN:514,(anonymous_30)
FN:524,(anonymous_31)
FN:530,(anonymous_32)
FN:533,(anonymous_33)
FN:536,(anonymous_34)
FN:546,(anonymous_35)
FN:558,(anonymous_36)
FN:586,(anonymous_37)
FN:608,(anonymous_38)
FN:630,(anonymous_39)
FN:651,(anonymous_40)
FN:660,(anonymous_41)
FN:669,(anonymous_42)
FN:685,(anonymous_43)
FN:690,(anonymous_44)
FN:712,(anonymous_45)
FN:725,(anonymous_46)
FN:731,(anonymous_47)
FN:748,(anonymous_48)
FN:768,(anonymous_49)
FN:785,(anonymous_50)
FN:792,(anonymous_51)
FN:810,(anonymous_52)
FN:826,(anonymous_53)
FN:844,(anonymous_54)
FN:861,(anonymous_55)
FN:897,(anonymous_56)
FN:907,(anonymous_57)
FN:918,(anonymous_58)
FN:932,(anonymous_59)
FN:961,(anonymous_60)
FN:1008,(anonymous_61)
FN:1054,(anonymous_62)
FN:1081,(anonymous_63)
FN:1088,(anonymous_64)
FN:1093,(anonymous_65)
FN:1098,(anonymous_66)
FN:1103,(anonymous_67)
FN:1110,(anonymous_68)
FN:1127,(anonymous_69)
FN:1145,(anonymous_70)
FN:1155,(anonymous_71)
FN:1177,(anonymous_72)
FN:1179,(anonymous_73)
FN:1196,(anonymous_74)
FN:1208,(anonymous_75)
FN:1226,(anonymous_76)
FN:1227,(anonymous_77)
FN:1245,(anonymous_78)
FN:1265,(anonymous_79)
FN:1279,(anonymous_80)
FN:1288,(anonymous_81)
FN:1297,(anonymous_82)
FN:1308,(anonymous_83)
FN:1338,(anonymous_84)
FN:1378,(anonymous_85)
FN:1388,(anonymous_86)
FN:1399,(anonymous_87)
FN:1427,(anonymous_88)
FN:1451,(anonymous_89)
FN:1465,(anonymous_90)
FN:1478,(anonymous_91)
FNF:92
FNH:19
FNDA:51,(anonymous_0)
FNDA:0,(anonymous_1)
FNDA:47,(anonymous_2)
FNDA:47,(anonymous_3)
FNDA:0,(anonymous_4)
FNDA:0,(anonymous_5)
FNDA:0,(anonymous_6)
FNDA:47,(anonymous_7)
FNDA:47,(anonymous_8)
FNDA:47,(anonymous_9)
FNDA:0,(anonymous_10)
FNDA:0,(anonymous_11)
FNDA:47,(anonymous_12)
FNDA:47,(anonymous_13)
FNDA:0,(anonymous_14)
FNDA:0,(anonymous_15)
FNDA:0,(anonymous_16)
FNDA:0,(anonymous_17)
FNDA:0,(anonymous_18)
FNDA:0,(anonymous_19)
FNDA:0,(anonymous_20)
FNDA:0,(anonymous_21)
FNDA:0,(anonymous_22)
FNDA:0,(anonymous_23)
FNDA:0,(anonymous_24)
FNDA:0,(anonymous_25)
FNDA:0,(anonymous_26)
FNDA:0,(anonymous_27)
FNDA:0,(anonymous_28)
FNDA:0,(anonymous_29)
FNDA:0,(anonymous_30)
FNDA:0,(anonymous_31)
FNDA:0,(anonymous_32)
FNDA:0,(anonymous_33)
FNDA:0,(anonymous_34)
FNDA:0,(anonymous_35)
FNDA:0,(anonymous_36)
FNDA:0,(anonymous_37)
FNDA:0,(anonymous_38)
FNDA:0,(anonymous_39)
FNDA:0,(anonymous_40)
FNDA:0,(anonymous_41)
FNDA:0,(anonymous_42)
FNDA:0,(anonymous_43)
FNDA:0,(anonymous_44)
FNDA:0,(anonymous_45)
FNDA:0,(anonymous_46)
FNDA:0,(anonymous_47)
FNDA:0,(anonymous_48)
FNDA:0,(anonymous_49)
FNDA:0,(anonymous_50)
FNDA:0,(anonymous_51)
FNDA:0,(anonymous_52)
FNDA:0,(anonymous_53)
FNDA:93,(anonymous_54)
FNDA:0,(anonymous_55)
FNDA:0,(anonymous_56)
FNDA:0,(anonymous_57)
FNDA:0,(anonymous_58)
FNDA:47,(anonymous_59)
FNDA:0,(anonymous_60)
FNDA:51,(anonymous_61)
FNDA:0,(anonymous_62)
FNDA:51,(anonymous_63)
FNDA:0,(anonymous_64)
FNDA:0,(anonymous_65)
FNDA:0,(anonymous_66)
FNDA:0,(anonymous_67)
FNDA:0,(anonymous_68)
FNDA:5,(anonymous_69)
FNDA:0,(anonymous_70)
FNDA:0,(anonymous_71)
FNDA:51,(anonymous_72)
FNDA:153,(anonymous_73)
FNDA:10,(anonymous_74)
FNDA:5,(anonymous_75)
FNDA:0,(anonymous_76)
FNDA:0,(anonymous_77)
FNDA:0,(anonymous_78)
FNDA:0,(anonymous_79)
FNDA:0,(anonymous_80)
FNDA:0,(anonymous_81)
FNDA:0,(anonymous_82)
FNDA:0,(anonymous_83)
FNDA:46,(anonymous_84)
FNDA:0,(anonymous_85)
FNDA:0,(anonymous_86)
FNDA:0,(anonymous_87)
FNDA:51,(anonymous_88)
FNDA:0,(anonymous_89)
FNDA:0,(anonymous_90)
FNDA:0,(anonymous_91)
DA:1,24
DA:2,24
DA:3,24
DA:4,24
DA:5,24
DA:6,24
DA:9,24
DA:42,24
DA:46,51
DA:51,51
DA:52,51
DA:54,51
DA:64,24
DA:69,0
DA:97,24
DA:122,47
DA:123,47
DA:124,47
DA:132,47
DA:151,47
DA:163,0
DA:175,0
DA:195,0
DA:198,0
DA:205,47
DA:207,47
DA:208,47
DA:210,47
DA:211,47
DA:218,47
DA:223,47
DA:224,47
DA:232,47
DA:233,0
DA:234,0
DA:238,47
DA:239,0
DA:247,47
DA:254,47
DA:255,47
DA:258,47
DA:270,0
DA:296,0
DA:297,0
DA:298,0
DA:300,0
DA:327,0
DA:328,0
DA:329,0
DA:331,0
DA:332,0
DA:334,0
DA:335,0
DA:336,0
DA:337,0
DA:339,0
DA:340,0
DA:345,0
DA:347,0
DA:349,0
DA:375,0
DA:376,0
DA:377,0
DA:380,0
DA:381,0
DA:382,0
DA:384,0
DA:385,0
DA:386,0
DA:387,0
DA:399,0
DA:400,0
DA:401,0
DA:402,0
DA:405,0
DA:418,0
DA:430,0
DA:431,0
DA:432,0
DA:433,0
DA:434,0
DA:435,0
DA:436,0
DA:437,0
DA:448,0
DA:449,0
DA:450,0
DA:451,0
DA:452,0
DA:453,0
DA:455,0
DA:467,0
DA:470,0
DA:471,0
DA:472,0
DA:473,0
DA:475,0
DA:476,0
DA:486,0
DA:487,0
DA:488,0
DA:497,0
DA:498,0
DA:499,0
DA:507,0
DA:515,0
DA:516,0
DA:528,0
DA:529,0
DA:530,0
DA:531,0
DA:533,0
DA:534,0
DA:536,0
DA:537,0
DA:547,0
DA:548,0
DA:549,0
DA:562,0
DA:563,0
DA:565,0
DA:566,0
DA:567,0
DA:575,0
DA:576,0
DA:592,0
DA:614,0
DA:636,0
DA:652,0
DA:661,0
DA:673,0
DA:674,0
DA:675,0
DA:676,0
DA:677,0
DA:689,0
DA:690,0
DA:692,0
DA:696,0
DA:697,0
DA:702,0
DA:704,0
DA:716,0
DA:717,0
DA:729,0
DA:730,0
DA:731,0
DA:732,0
DA:735,0
DA:752,0
DA:753,0
DA:754,0
DA:769,0
DA:770,0
DA:771,0
DA:772,0
DA:773,0
DA:774,0
DA:775,0
DA:788,0
DA:789,0
DA:790,0
DA:791,0
DA:792,0
DA:793,0
DA:798,0
DA:811,0
DA:812,0
DA:813,0
DA:831,0
DA:832,0
DA:833,0
DA:845,93
DA:847,93
DA:850,93
DA:862,0
DA:876,0
DA:881,0
DA:901,0
DA:906,0
DA:907,0
DA:908,0
DA:919,0
DA:920,0
DA:933,47
DA:935,47
DA:944,47
DA:970,0
DA:971,0
DA:972,0
DA:982,0
DA:1017,51
DA:1018,51
DA:1019,51
DA:1021,51
DA:1022,51
DA:1024,51
DA:1025,51
DA:1026,51
DA:1027,51
DA:1028,51
DA:1029,51
DA:1030,51
DA:1031,51
DA:1033,51
DA:1034,51
DA:1036,51
DA:1038,51
DA:1062,0
DA:1063,0
DA:1064,0
DA:1066,0
DA:1085,51
DA:1088,51
DA:1089,0
DA:1093,51
DA:1094,0
DA:1098,51
DA:1099,0
DA:1103,51
DA:1104,0
DA:1105,0
DA:1106,0
DA:1110,51
DA:1111,0
DA:1112,0
DA:1113,0
DA:1114,0
DA:1128,5
DA:1154,0
DA:1155,0
DA:1156,0
DA:1158,0
DA:1159,0
DA:1160,0
DA:1162,0
DA:1163,0
DA:1164,0
DA:1165,0
DA:1166,0
DA:1168,0
DA:1169,0
DA:1178,51
DA:1179,51
DA:1180,153
DA:1181,51
DA:1184,51
DA:1197,10
DA:1209,5
DA:1210,5
DA:1211,5
DA:1212,5
DA:1213,5
DA:1214,5
DA:1215,5
DA:1216,5
DA:1227,0
DA:1228,0
DA:1229,0
DA:1230,0
DA:1231,0
DA:1232,0
DA:1234,0
DA:1246,0
DA:1247,0
DA:1248,0
DA:1249,0
DA:1250,0
DA:1251,0
DA:1252,0
DA:1266,0
DA:1267,0
DA:1268,0
DA:1271,0
DA:1280,0
DA:1289,0
DA:1298,0
DA:1314,0
DA:1340,46
DA:1356,46
DA:1361,46
DA:1379,0
DA:1383,0
DA:1384,0
DA:1389,0
DA:1398,0
DA:1399,0
DA:1400,0
DA:1405,0
DA:1407,0
DA:1409,0
DA:1413,0
DA:1432,51
DA:1433,51
DA:1434,0
DA:1435,0
DA:1438,51
DA:1452,0
DA:1453,0
DA:1466,0
DA:1479,0
DA:1480,0
DA:1482,0
DA:1483,0
DA:1484,0
DA:1486,0
DA:1490,0
DA:1495,0
LF:308
LH:83
BRDA:119,0,0,0
BRDA:120,1,0,1
BRDA:131,2,0,0
BRDA:293,3,0,0
BRDA:294,4,0,0
BRDA:297,5,0,0
BRDA:297,5,1,0
BRDA:324,6,0,0
BRDA:325,7,0,0
BRDA:328,8,0,0
BRDA:328,8,1,0
BRDA:372,9,0,0
BRDA:373,10,0,0
BRDA:401,11,0,0
BRDA:401,11,1,0
BRDA:431,12,0,0
BRDA:431,12,1,0
BRDA:471,13,0,0
BRDA:471,13,1,0
BRDA:529,14,0,0
BRDA:529,14,1,0
BRDA:548,15,0,0
BRDA:548,15,1,0
BRDA:696,16,0,0
BRDA:696,16,1,0
BRDA:730,17,0,0
BRDA:730,17,1,0
BRDA:770,18,0,0
BRDA:770,18,1,0
BRDA:772,19,0,0
BRDA:772,19,1,0
BRDA:844,20,0,47
BRDA:861,21,0,0
BRDA:899,22,0,0
BRDA:919,23,0,0
BRDA:919,23,1,0
BRDA:932,24,0,47
BRDA:967,25,0,0
BRDA:968,26,0,0
BRDA:971,27,0,0
BRDA:971,27,1,0
BRDA:1014,28,0,51
BRDA:1015,29,0,51
BRDA:1018,30,0,51
BRDA:1018,30,1,0
BRDA:1060,31,0,0
BRDA:1151,32,0,0
BRDA:1152,33,0,0
BRDA:1180,34,0,51
BRDA:1180,34,1,102
BRDA:1210,35,0,5
BRDA:1210,35,1,0
BRDA:1247,36,0,0
BRDA:1247,36,1,0
BRDA:1389,37,0,0
BRDA:1389,37,1,0
BRDA:1390,38,0,0
BRDA:1390,38,1,0
BRDA:1390,38,2,0
BRDA:1430,39,0,51
BRDA:1433,40,0,0
BRDA:1433,40,1,51
BRDA:1434,41,0,0
BRDA:1434,41,1,0
BRF:64
BRH:11
end_of_record
TN:
SF:src/component/index.ts
FNF:0
FNH:0
DA:8,20
DA:9,20
DA:10,20
DA:11,20
DA:12,20
DA:13,20
DA:14,20
DA:15,20
DA:16,20
DA:17,20
DA:18,20
DA:19,20
DA:20,20
DA:21,20
DA:22,20
DA:23,20
DA:24,20
DA:25,20
DA:26,20
DA:27,20
DA:28,20
DA:29,20
DA:30,20
DA:31,20
DA:33,20
DA:34,20
LF:26
LH:26
BRF:0
BRH:0
end_of_record
TN:
SF:src/component/mapLabel.ts
FN:24,(anonymous_0)
FN:52,(anonymous_1)
FN:72,(anonymous_2)
FN:85,(anonymous_3)
FN:94,(anonymous_4)
FN:113,(anonymous_5)
FN:133,(anonymous_6)
FN:178,(anonymous_7)
FN:200,(anonymous_8)
FN:219,(anonymous_9)
FN:250,(anonymous_10)
FN:278,(anonymous_11)
FNF:12
FNH:4
FNDA:52,(anonymous_0)
FNDA:102,(anonymous_1)
FNDA:0,(anonymous_2)
FNDA:5,(anonymous_3)
FNDA:52,(anonymous_4)
FNDA:0,(anonymous_5)
FNDA:0,(anonymous_6)
FNDA:0,(anonymous_7)
FNDA:0,(anonymous_8)
FNDA:0,(anonymous_9)
FNDA:0,(anonymous_10)
FNDA:0,(anonymous_11)
DA:16,25
DA:25,52
DA:27,52
DA:28,52
DA:29,52
DA:30,52
DA:31,52
DA:32,52
DA:33,52
DA:35,52
DA:37,52
DA:58,102
DA:73,0
DA:88,5
DA:95,52
DA:96,52
DA:97,52
DA:98,52
DA:114,0
DA:122,0
DA:126,0
DA:134,0
DA:136,0
DA:137,0
DA:139,0
DA:140,0
DA:141,0
DA:142,0
DA:143,0
DA:144,0
DA:149,0
DA:151,0
DA:152,0
DA:153,0
DA:154,0
DA:155,0
DA:158,0
DA:160,0
DA:161,0
DA:162,0
DA:165,0
DA:179,0
DA:180,0
DA:181,0
DA:183,0
DA:184,0
DA:185,0
DA:187,0
DA:189,0
DA:190,0
DA:191,0
DA:201,0
DA:203,0
DA:205,0
DA:207,0
DA:220,0
DA:222,0
DA:224,0
DA:227,0
DA:229,0
DA:232,0
DA:233,0
DA:234,0
DA:236,0
DA:238,0
DA:240,0
DA:241,0
DA:243,0
DA:251,0
DA:252,0
DA:254,0
DA:255,0
DA:258,0
DA:259,0
DA:260,0
DA:263,0
DA:264,0
DA:265,0
DA:267,0
DA:279,0
DA:280,0
LF:81
LH:17
BRDA:114,0,0,0
BRDA:114,0,1,0
BRDA:114,0,2,0
BRDA:114,0,3,0
BRDA:114,0,4,0
BRDA:114,0,5,0
BRDA:114,0,6,0
BRDA:114,0,7,0
BRDA:114,0,8,0
BRDA:114,0,9,0
BRDA:134,1,0,0
BRDA:134,1,1,0
BRDA:140,2,0,0
BRDA:140,2,1,0
BRDA:152,3,0,0
BRDA:152,3,1,0
BRDA:153,4,0,0
BRDA:153,4,1,0
BRDA:190,5,0,0
BRDA:190,5,1,0
BRDA:201,6,0,0
BRDA:201,6,1,0
BRDA:222,7,0,0
BRDA:222,7,1,0
BRDA:227,8,0,0
BRDA:227,8,1,0
BRDA:233,9,0,0
BRDA:233,9,1,0
BRDA:254,10,0,0
BRDA:254,10,1,0
BRDA:254,11,0,0
BRDA:254,11,1,0
BRDA:259,12,0,0
BRDA:259,12,1,0
BRDA:264,13,0,0
BRDA:264,13,1,0
BRDA:264,14,0,0
BRDA:264,14,1,0
BRDA:279,15,0,0
BRDA:279,15,1,0
BRDA:279,16,0,0
BRDA:279,16,1,0
BRF:42
BRH:0
end_of_record
TN:
SF:src/component/month.ts
FN:29,(anonymous_0)
FN:40,(anonymous_1)
FN:47,(anonymous_2)
FN:68,(anonymous_3)
FN:73,(anonymous_4)
FN:85,(anonymous_5)
FNF:6
FNH:5
FNDA:169,(anonymous_0)
FNDA:169,(anonymous_1)
FNDA:169,(anonymous_2)
FNDA:168,(anonymous_3)
FNDA:1,(anonymous_4)
FNDA:0,(anonymous_5)
DA:1,26
DA:2,26
DA:3,26
DA:4,26
DA:15,26
DA:30,169
DA:31,169
DA:32,169
DA:33,169
DA:41,169
DA:49,169
DA:54,169
DA:58,169
DA:69,168
DA:70,168
DA:71,168
DA:72,168
DA:73,168
DA:74,1
DA:76,168
DA:86,0
LF:21
LH:20
BRDA:49,0,0,12
BRDA:49,0,1,157
BRDA:54,1,0,0
BRDA:54,1,1,169
BRF:4
BRH:3
end_of_record
TN:
SF:src/component/navigation.ts
FN:38,(anonymous_0)
FN:48,(anonymous_1)
FN:56,(anonymous_2)
FN:81,(anonymous_3)
FN:119,(anonymous_4)
FN:149,(anonymous_5)
FN:183,(anonymous_6)
FN:204,(anonymous_7)
FN:233,(anonymous_8)
FN:252,(anonymous_9)
FN:269,(anonymous_10)
FN:298,(anonymous_11)
FN:299,(anonymous_12)
FN:312,(anonymous_13)
FN:314,(anonymous_14)
FN:328,(anonymous_15)
FN:339,(anonymous_16)
FN:354,(anonymous_17)
FN:365,(anonymous_18)
FN:372,(anonymous_19)
FN:390,(anonymous_20)
FN:391,(anonymous_21)
FN:410,(anonymous_22)
FN:411,(anonymous_23)
FN:425,(anonymous_24)
FN:442,(anonymous_25)
FNF:26
FNH:22
FNDA:15,(anonymous_0)
FNDA:15,(anonymous_1)
FNDA:15,(anonymous_2)
FNDA:3,(anonymous_3)
FNDA:1,(anonymous_4)
FNDA:2,(anonymous_5)
FNDA:0,(anonymous_6)
FNDA:0,(anonymous_7)
FNDA:14,(anonymous_8)
FNDA:17,(anonymous_9)
FNDA:0,(anonymous_10)
FNDA:5,(anonymous_11)
FNDA:8,(anonymous_12)
FNDA:1,(anonymous_13)
FNDA:2,(anonymous_14)
FNDA:3,(anonymous_15)
FNDA:7,(anonymous_16)
FNDA:1,(anonymous_17)
FNDA:2,(anonymous_18)
FNDA:0,(anonymous_19)
FNDA:2,(anonymous_20)
FNDA:3,(anonymous_21)
FNDA:1,(anonymous_22)
FNDA:1,(anonymous_23)
FNDA:1,(anonymous_24)
FNDA:2,(anonymous_25)
DA:1,21
DA:2,21
DA:3,21
DA:4,21
DA:5,21
DA:28,21
DA:39,15
DA:40,15
DA:41,15
DA:49,15
DA:50,15
DA:57,15
DA:59,15
DA:82,3
DA:83,3
DA:84,3
DA:85,3
DA:86,3
DA:87,3
DA:88,3
DA:89,3
DA:91,3
DA:92,0
DA:93,3
DA:94,1
DA:95,2
DA:96,0
DA:98,2
DA:101,3
DA:102,1
DA:127,1
DA:128,1
DA:129,1
DA:130,1
DA:132,1
DA:133,1
DA:157,2
DA:158,2
DA:159,2
DA:160,2
DA:162,2
DA:163,2
DA:164,2
DA:166,2
DA:167,2
DA:191,0
DA:193,0
DA:194,0
DA:196,0
DA:197,0
DA:205,0
DA:206,0
DA:209,0
DA:210,0
DA:211,0
DA:212,0
DA:214,0
DA:217,0
DA:218,0
DA:240,14
DA:259,17
DA:260,17
DA:261,17
DA:262,17
DA:263,17
DA:264,17
DA:266,17
DA:267,17
DA:269,17
DA:270,0
DA:273,17
DA:274,17
DA:281,17
DA:283,17
DA:285,17
DA:299,5
DA:300,8
DA:313,1
DA:314,1
DA:315,2
DA:316,2
DA:329,3
DA:330,3
DA:331,3
DA:340,7
DA:341,7
DA:342,7
DA:343,7
DA:355,1
DA:356,1
DA:357,1
DA:366,2
DA:367,2
DA:368,2
DA:369,2
DA:370,2
DA:371,2
DA:372,2
DA:373,0
DA:375,2
DA:391,2
DA:392,3
DA:393,3
DA:394,3
DA:395,3
DA:399,2
DA:411,1
DA:412,1
DA:413,1
DA:426,1
DA:427,1
DA:428,1
DA:429,1
DA:430,1
DA:443,2
DA:444,2
DA:445,2
DA:446,2
DA:447,2
LF:119
LH:101
BRDA:38,0,0,15
BRDA:48,1,0,0
BRDA:91,2,0,0
BRDA:91,2,1,3
BRDA:93,3,0,1
BRDA:93,3,1,2
BRDA:95,4,0,0
BRDA:95,4,1,2
BRDA:101,5,0,1
BRDA:101,5,1,2
BRDA:124,6,0,1
BRDA:125,7,0,1
BRDA:154,8,0,2
BRDA:155,9,0,1
BRDA:188,10,0,0
BRDA:189,11,0,0
BRDA:196,12,0,0
BRDA:196,12,1,0
BRDA:211,13,0,0
BRDA:211,13,1,0
BRDA:237,14,0,14
BRDA:238,15,0,12
BRDA:256,16,0,0
BRDA:257,17,0,0
BRDA:260,18,0,17
BRDA:260,18,1,0
BRDA:266,19,0,17
BRDA:266,19,1,17
BRDA:330,20,0,3
BRDA:330,20,1,0
BRDA:356,21,0,1
BRDA:356,21,1,0
BRDA:395,22,0,2
BRDA:395,22,1,1
BRDA:396,23,0,3
BRDA:396,23,1,0
BRDA:396,23,2,3
BRDA:427,24,0,1
BRDA:427,24,1,0
BRDA:444,25,0,2
BRDA:444,25,1,0
BRF:41
BRH:24
end_of_record
TN:
SF:src/component/pager.ts
FN:46,(anonymous_0)
FN:61,(anonymous_1)
FN:72,(anonymous_2)
FN:80,(anonymous_3)
FN:91,(anonymous_4)
FN:108,(anonymous_5)
FN:116,(anonymous_6)
FN:131,(anonymous_7)
FN:139,(anonymous_8)
FN:154,(anonymous_9)
FN:157,(anonymous_10)
FN:169,(anonymous_11)
FN:183,(anonymous_12)
FN:217,(anonymous_13)
FN:228,(anonymous_14)
FN:244,(anonymous_15)
FN:252,(anonymous_16)
FN:264,(anonymous_17)
FN:276,(anonymous_18)
FN:290,(anonymous_19)
FNF:20
FNH:14
FNDA:58,(anonymous_0)
FNDA:58,(anonymous_1)
FNDA:58,(anonymous_2)
FNDA:5,(anonymous_3)
FNDA:5,(anonymous_4)
FNDA:5,(anonymous_5)
FNDA:0,(anonymous_6)
FNDA:5,(anonymous_7)
FNDA:0,(anonymous_8)
FNDA:5,(anonymous_9)
FNDA:20,(anonymous_10)
FNDA:0,(anonymous_11)
FNDA:5,(anonymous_12)
FNDA:0,(anonymous_13)
FNDA:0,(anonymous_14)
FNDA:6,(anonymous_15)
FNDA:0,(anonymous_16)
FNDA:65,(anonymous_17)
FNDA:5,(anonymous_18)
FNDA:1,(anonymous_19)
DA:1,23
DA:2,23
DA:3,23
DA:4,23
DA:5,23
DA:6,23
DA:31,23
DA:51,58
DA:52,58
DA:53,58
DA:54,58
DA:62,58
DA:66,58
DA:73,58
DA:74,58
DA:81,5
DA:82,5
DA:83,5
DA:84,5
DA:85,5
DA:92,5
DA:93,5
DA:94,5
DA:95,5
DA:96,5
DA:97,5
DA:101,0
DA:109,5
DA:110,4
DA:111,4
DA:116,4
DA:117,0
DA:119,4
DA:120,4
DA:121,4
DA:122,4
DA:123,4
DA:124,4
DA:132,5
DA:133,4
DA:134,4
DA:139,4
DA:140,0
DA:142,4
DA:143,4
DA:144,4
DA:145,4
DA:146,4
DA:147,4
DA:155,5
DA:156,5
DA:157,4
DA:158,20
DA:159,20
DA:160,20
DA:161,20
DA:166,20
DA:167,4
DA:169,20
DA:170,0
DA:171,0
DA:173,20
DA:174,20
DA:184,5
DA:185,5
DA:186,5
DA:187,0
DA:192,5
DA:193,20
DA:194,20
DA:195,17
DA:201,5
DA:205,4
DA:211,5
DA:218,0
DA:219,0
DA:220,0
DA:222,0
DA:229,0
DA:230,0
DA:231,0
DA:233,0
DA:245,6
DA:253,0
DA:254,0
DA:265,65
DA:266,65
DA:277,5
DA:278,5
DA:291,1
LF:90
LH:74
BRDA:48,0,0,8
BRDA:49,1,0,8
BRDA:61,2,0,0
BRDA:95,3,0,1
BRDA:95,3,1,4
BRDA:96,4,0,5
BRDA:96,4,1,0
BRDA:109,5,0,4
BRDA:109,5,1,1
BRDA:132,6,0,4
BRDA:132,6,1,1
BRDA:156,7,0,4
BRDA:156,7,1,1
BRDA:166,8,0,4
BRDA:166,8,1,16
BRDA:186,9,0,0
BRDA:186,9,1,5
BRDA:194,10,0,17
BRDA:194,10,1,3
BRDA:201,11,0,4
BRDA:201,11,1,1
BRDA:202,12,0,5
BRDA:202,12,1,4
BRDA:219,13,0,0
BRDA:219,13,1,0
BRDA:230,14,0,0
BRDA:230,14,1,0
BRF:27
BRH:20
end_of_record
TN:
SF:src/component/popup.ts
FN:33,(anonymous_0)
FN:47,(anonymous_1)
FN:55,(anonymous_2)
FN:70,(anonymous_3)
FN:80,(anonymous_4)
FN:100,(anonymous_5)
FN:113,(anonymous_6)
FN:126,(anonymous_7)
FN:136,(anonymous_8)
FN:151,(anonymous_9)
FNF:10
FNH:9
FNDA:174,(anonymous_0)
FNDA:174,(anonymous_1)
FNDA:174,(anonymous_2)
FNDA:174,(anonymous_3)
FNDA:0,(anonymous_4)
FNDA:20,(anonymous_5)
FNDA:20,(anonymous_6)
FNDA:20,(anonymous_7)
FNDA:2,(anonymous_8)
FNDA:27,(anonymous_9)
DA:1,27
DA:2,27
DA:3,27
DA:4,27
DA:20,27
DA:38,174
DA:39,174
DA:40,174
DA:41,174
DA:48,174
DA:49,174
DA:56,174
DA:57,174
DA:59,174
DA:60,174
DA:62,174
DA:64,174
DA:71,174
DA:72,1
DA:73,1
DA:74,1
DA:80,1
DA:81,0
DA:83,1
DA:85,1
DA:86,1
DA:87,1
DA:88,1
DA:90,1
DA:101,20
DA:102,20
DA:103,20
DA:104,20
DA:114,20
DA:115,20
DA:116,20
DA:117,20
DA:127,20
DA:137,2
DA:138,1
DA:140,1
DA:152,27
LF:42
LH:41
BRDA:36,0,0,173
BRDA:71,1,0,1
BRDA:71,1,1,173
BRDA:137,2,0,1
BRDA:137,2,1,1
BRF:5
BRH:5
end_of_record
TN:
SF:src/component/popupContainer.ts
FN:27,(anonymous_0)
FN:35,(anonymous_1)
FN:43,(anonymous_2)
FN:58,(anonymous_3)
FN:74,(anonymous_4)
FN:88,(anonymous_5)
FN:92,(anonymous_6)
FN:105,(anonymous_7)
FN:124,(anonymous_8)
FNF:9
FNH:9
FNDA:178,(anonymous_0)
FNDA:178,(anonymous_1)
FNDA:31,(anonymous_2)
FNDA:31,(anonymous_3)
FNDA:31,(anonymous_4)
FNDA:20,(anonymous_5)
FNDA:1,(anonymous_6)
FNDA:20,(anonymous_7)
FNDA:20,(anonymous_8)
DA:2,29
DA:3,29
DA:19,29
DA:28,178
DA:29,178
DA:36,178
DA:45,31
DA:59,31
DA:61,31
DA:63,31
DA:76,31
DA:78,31
DA:90,20
DA:92,15
DA:93,1
DA:111,20
DA:125,20
LF:17
LH:17
BRDA:27,0,0,178
BRDA:47,1,0,31
BRDA:47,1,1,7
BRDA:61,2,0,31
BRDA:61,2,1,0
BRDA:76,3,0,31
BRDA:76,3,1,0
BRDA:90,4,0,15
BRDA:90,4,1,5
BRF:9
BRH:7
end_of_record
TN:
SF:src/component/progressStatus.ts
FN:28,(anonymous_0)
FN:42,(anonymous_1)
FN:55,(anonymous_2)
FN:66,(anonymous_3)
FN:92,(anonymous_4)
FN:104,(anonymous_5)
FN:116,(anonymous_6)
FN:128,(anonymous_7)
FNF:8
FNH:3
FNDA:1,(anonymous_0)
FNDA:1,(anonymous_1)
FNDA:1,(anonymous_2)
FNDA:0,(anonymous_3)
FNDA:0,(anonymous_4)
FNDA:0,(anonymous_5)
FNDA:0,(anonymous_6)
FNDA:0,(anonymous_7)
DA:2,21
DA:3,21
DA:16,21
DA:33,1
DA:34,1
DA:35,1
DA:43,1
DA:49,1
DA:56,1
DA:57,1
DA:71,0
DA:77,0
DA:78,0
DA:79,0
DA:80,0
DA:93,0
DA:105,0
DA:117,0
DA:129,0
LF:19
LH:10
BRDA:30,0,0,1
BRDA:31,1,0,1
BRDA:42,2,0,0
BRDA:69,3,0,0
BRDA:79,4,0,0
BRDA:79,4,1,0
BRDA:92,5,0,0
BRDA:104,6,0,0
BRDA:116,7,0,0
BRDA:128,8,0,0
BRF:10
BRH:2
end_of_record
TN:
SF:src/component/route.ts
FN:25,(anonymous_0)
FNF:1
FNH:1
FNDA:121,(anonymous_0)
DA:1,23
DA:15,23
DA:33,121
DA:35,121
DA:36,121
DA:37,121
DA:38,121
DA:39,121
DA:40,121
LF:9
LH:9
BRDA:30,0,0,105
BRDA:31,1,0,121
BRF:2
BRH:2
end_of_record
TN:
SF:src/component/tabPanel.ts
FN:37,(anonymous_0)
FN:54,(anonymous_1)
FN:65,(anonymous_2)
FN:67,(anonymous_3)
FN:74,(anonymous_4)
FN:83,(anonymous_5)
FN:91,(anonymous_6)
FN:94,(anonymous_7)
FN:102,(anonymous_8)
FN:119,(anonymous_9)
FN:131,(anonymous_10)
FN:138,(anonymous_11)
FN:156,(anonymous_12)
FNF:13
FNH:12
FNDA:6,(anonymous_0)
FNDA:6,(anonymous_1)
FNDA:6,(anonymous_2)
FNDA:12,(anonymous_3)
FNDA:0,(anonymous_4)
FNDA:6,(anonymous_5)
FNDA:10,(anonymous_6)
FNDA:20,(anonymous_7)
FNDA:20,(anonymous_8)
FNDA:4,(anonymous_9)
FNDA:5,(anonymous_10)
FNDA:4,(anonymous_11)
FNDA:7,(anonymous_12)
DA:1,21
DA:2,21
DA:3,21
DA:4,21
DA:5,21
DA:23,21
DA:43,6
DA:44,6
DA:48,6
DA:55,6
DA:56,6
DA:58,6
DA:59,6
DA:66,6
DA:67,6
DA:68,12
DA:69,12
DA:70,0
DA:72,12
DA:73,12
DA:74,12
DA:75,0
DA:84,6
DA:92,10
DA:94,10
DA:95,20
DA:96,20
DA:97,4
DA:98,4
DA:102,10
DA:103,20
DA:104,20
DA:105,0
DA:109,10
DA:120,4
DA:132,5
DA:133,5
DA:134,4
DA:135,4
DA:136,4
DA:139,4
DA:144,1
DA:146,5
DA:157,7
LF:44
LH:41
BRDA:39,0,0,6
BRDA:40,1,0,6
BRDA:41,2,0,6
BRDA:46,3,0,6
BRDA:46,3,1,6
BRDA:69,4,0,0
BRDA:69,4,1,12
BRDA:96,5,0,4
BRDA:96,5,1,16
BRDA:96,6,0,20
BRDA:96,6,1,16
BRDA:104,7,0,0
BRDA:104,7,1,20
BRDA:133,8,0,4
BRDA:133,8,1,1
BRF:15
BRH:13
end_of_record
TN:
SF:src/component/table.ts
FN:92,(anonymous_0)
FN:106,(anonymous_1)
FN:130,(anonymous_2)
FN:148,(anonymous_3)
FN:158,(anonymous_4)
FN:194,(anonymous_5)
FN:214,(anonymous_6)
FN:217,(anonymous_7)
FN:229,(anonymous_8)
FN:235,(anonymous_9)
FN:240,(anonymous_10)
FN:281,(anonymous_11)
FN:306,(anonymous_12)
FN:320,(anonymous_13)
FN:338,(anonymous_14)
FN:346,(anonymous_15)
FN:363,(anonymous_16)
FN:382,(anonymous_17)
FN:384,(anonymous_18)
FN:395,(anonymous_19)
FN:407,(anonymous_20)
FN:409,(anonymous_21)
FN:418,(anonymous_22)
FN:427,(anonymous_23)
FN:429,(anonymous_24)
FN:459,(anonymous_25)
FN:477,(anonymous_26)
FN:482,(anonymous_27)
FN:506,(anonymous_28)
FN:517,(anonymous_29)
FN:538,(anonymous_30)
FN:563,(anonymous_31)
FN:588,(anonymous_32)
FN:605,(anonymous_33)
FN:606,(anonymous_34)
FN:616,(anonymous_35)
FN:627,(anonymous_36)
FN:646,(anonymous_37)
FN:671,(anonymous_38)
FN:689,(anonymous_39)
FN:698,(anonymous_40)
FN:712,(anonymous_41)
FN:714,(anonymous_42)
FN:727,(anonymous_43)
FNF:44
FNH:43
FNDA:49,(anonymous_0)
FNDA:49,(anonymous_1)
FNDA:49,(anonymous_2)
FNDA:49,(anonymous_3)
FNDA:49,(anonymous_4)
FNDA:1,(anonymous_5)
FNDA:49,(anonymous_6)
FNDA:98,(anonymous_7)
FNDA:125,(anonymous_8)
FNDA:10,(anonymous_9)
FNDA:4,(anonymous_10)
FNDA:49,(anonymous_11)
FNDA:0,(anonymous_12)
FNDA:9,(anonymous_13)
FNDA:1,(anonymous_14)
FNDA:4,(anonymous_15)
FNDA:37,(anonymous_16)
FNDA:5,(anonymous_17)
FNDA:10,(anonymous_18)
FNDA:4,(anonymous_19)
FNDA:5,(anonymous_20)
FNDA:10,(anonymous_21)
FNDA:27,(anonymous_22)
FNDA:27,(anonymous_23)
FNDA:1,(anonymous_24)
FNDA:54,(anonymous_25)
FNDA:27,(anonymous_26)
FNDA:54,(anonymous_27)
FNDA:6,(anonymous_28)
FNDA:54,(anonymous_29)
FNDA:54,(anonymous_30)
FNDA:54,(anonymous_31)
FNDA:54,(anonymous_32)
FNDA:52,(anonymous_33)
FNDA:10,(anonymous_34)
FNDA:2,(anonymous_35)
FNDA:10,(anonymous_36)
FNDA:1,(anonymous_37)
FNDA:24,(anonymous_38)
FNDA:2,(anonymous_39)
FNDA:23,(anonymous_40)
FNDA:23,(anonymous_41)
FNDA:27,(anonymous_42)
FNDA:1,(anonymous_43)
DA:1,21
DA:11,21
DA:12,21
DA:13,21
DA:14,21
DA:15,21
DA:16,21
DA:17,21
DA:18,21
DA:19,21
DA:20,21
DA:22,21
DA:72,21
DA:97,49
DA:98,49
DA:99,49
DA:107,49
DA:124,49
DA:131,49
DA:132,49
DA:133,49
DA:134,49
DA:135,49
DA:136,49
DA:137,49
DA:138,49
DA:139,49
DA:149,49
DA:159,49
DA:162,2
DA:163,2
DA:168,2
DA:172,2
DA:173,2
DA:178,2
DA:179,2
DA:181,2
DA:182,2
DA:183,2
DA:184,2
DA:186,2
DA:187,2
DA:188,2
DA:190,2
DA:191,2
DA:192,2
DA:193,2
DA:194,2
DA:195,1
DA:196,1
DA:197,1
DA:199,1
DA:201,2
DA:203,2
DA:204,2
DA:205,2
DA:207,2
DA:215,49
DA:216,49
DA:217,49
DA:218,98
DA:219,98
DA:220,98
DA:230,125
DA:231,125
DA:232,49
DA:235,125
DA:236,10
DA:238,125
DA:239,5
DA:240,5
DA:241,4
DA:242,4
DA:245,5
DA:246,5
DA:247,5
DA:249,5
DA:250,5
DA:251,5
DA:252,5
DA:254,5
DA:255,5
DA:256,5
DA:257,5
DA:260,125
DA:261,125
DA:262,125
DA:263,0
DA:264,0
DA:265,0
DA:267,0
DA:268,0
DA:270,0
DA:271,0
DA:272,0
DA:273,0
DA:274,0
DA:282,49
DA:283,49
DA:285,49
DA:286,49
DA:288,49
DA:290,49
DA:291,49
DA:292,49
DA:294,49
DA:295,49
DA:296,49
DA:297,49
DA:299,49
DA:301,49
DA:306,49
DA:307,0
DA:321,9
DA:322,2
DA:324,9
DA:331,9
DA:339,1
DA:347,4
DA:348,4
DA:349,4
DA:353,1
DA:355,4
DA:364,37
DA:365,37
DA:369,32
DA:373,32
DA:374,5
DA:383,5
DA:384,5
DA:385,10
DA:387,5
DA:399,4
DA:400,4
DA:401,4
DA:408,5
DA:409,5
DA:410,10
DA:419,27
DA:428,27
DA:429,27
DA:430,1
DA:431,1
DA:432,1
DA:434,27
DA:435,27
DA:436,27
DA:438,27
DA:439,27
DA:440,27
DA:446,27
DA:448,27
DA:449,27
DA:450,27
DA:460,54
DA:461,54
DA:462,4
DA:463,4
DA:464,2
DA:465,2
DA:466,2
DA:469,54
DA:478,27
DA:479,27
DA:480,27
DA:481,27
DA:482,27
DA:483,54
DA:484,54
DA:485,54
DA:507,6
DA:523,54
DA:526,54
DA:527,6
DA:533,48
DA:536,54
DA:538,54
DA:539,54
DA:540,50
DA:541,50
DA:542,50
DA:544,54
DA:545,54
DA:549,2
DA:550,2
DA:570,54
DA:571,27
DA:573,27
DA:574,27
DA:575,27
DA:576,27
DA:577,27
DA:578,27
DA:579,27
DA:589,54
DA:590,54
DA:591,54
DA:592,54
DA:593,2
DA:594,2
DA:596,52
DA:606,52
DA:607,10
DA:617,2
DA:618,2
DA:633,10
DA:634,10
DA:635,8
DA:636,8
DA:637,8
DA:643,8
DA:644,2
DA:646,6
DA:647,1
DA:650,8
DA:651,8
DA:652,8
DA:654,8
DA:655,8
DA:656,8
DA:657,8
DA:672,24
DA:673,24
DA:674,1
DA:676,23
DA:677,23
DA:690,2
DA:691,2
DA:699,23
DA:700,23
DA:701,1
DA:706,23
DA:713,23
DA:714,23
DA:715,27
DA:716,27
DA:718,23
DA:728,1
DA:729,1
LF:239
LH:228
BRDA:94,0,0,0
BRDA:95,1,0,0
BRDA:106,2,0,0
BRDA:134,3,0,49
BRDA:134,3,1,0
BRDA:159,4,0,2
BRDA:159,4,1,47
BRDA:195,5,0,1
BRDA:195,5,1,0
BRDA:231,6,0,49
BRDA:231,6,1,76
BRDA:238,7,0,5
BRDA:238,7,1,120
BRDA:262,8,0,0
BRDA:262,8,1,125
BRDA:262,9,0,125
BRDA:262,9,1,125
BRDA:264,10,0,0
BRDA:264,10,1,0
BRDA:267,11,0,0
BRDA:267,11,1,0
BRDA:320,12,0,7
BRDA:321,13,0,2
BRDA:321,13,1,7
BRDA:348,14,0,4
BRDA:348,14,1,4
BRDA:349,15,0,1
BRDA:349,15,1,3
BRDA:350,16,0,4
BRDA:350,16,1,1
BRDA:353,17,0,0
BRDA:353,17,1,1
BRDA:365,18,0,32
BRDA:365,18,1,5
BRDA:366,19,0,37
BRDA:366,19,1,29
BRDA:366,19,2,9
BRDA:373,20,0,5
BRDA:373,20,1,27
BRDA:397,21,0,0
BRDA:419,22,0,27
BRDA:419,22,1,27
BRDA:461,23,0,4
BRDA:461,23,1,50
BRDA:461,24,0,54
BRDA:461,24,1,4
BRDA:463,25,0,2
BRDA:463,25,1,2
BRDA:465,26,0,2
BRDA:465,26,1,0
BRDA:526,27,0,6
BRDA:526,27,1,48
BRDA:536,28,0,2
BRDA:536,28,1,52
BRDA:539,29,0,50
BRDA:539,29,1,4
BRDA:545,30,0,2
BRDA:545,30,1,52
BRDA:546,31,0,54
BRDA:546,31,1,52
BRDA:570,32,0,27
BRDA:570,32,1,27
BRDA:592,33,0,2
BRDA:592,33,1,52
BRDA:634,34,0,8
BRDA:634,34,1,2
BRDA:643,35,0,2
BRDA:643,35,1,6
BRDA:650,36,0,8
BRDA:650,36,1,0
BRDA:673,37,0,1
BRDA:673,37,1,23
BRDA:700,38,0,1
BRDA:700,38,1,22
BRDA:728,39,0,1
BRDA:728,39,1,0
BRF:76
BRH:61
end_of_record
TN:
SF:src/component/time.ts
FN:27,(anonymous_0)
FN:37,(anonymous_1)
FN:44,(anonymous_2)
FN:52,(anonymous_3)
FN:68,(anonymous_4)
FN:82,(anonymous_5)
FN:102,(anonymous_6)
FN:118,(anonymous_7)
FN:148,(anonymous_8)
FN:150,(anonymous_9)
FN:165,(anonymous_10)
FN:209,(anonymous_11)
FNF:12
FNH:10
FNDA:52,(anonymous_0)
FNDA:52,(anonymous_1)
FNDA:52,(anonymous_2)
FNDA:52,(anonymous_3)
FNDA:52,(anonymous_4)
FNDA:52,(anonymous_5)
FNDA:51,(anonymous_6)
FNDA:51,(anonymous_7)
FNDA:612,(anonymous_8)
FNDA:0,(anonymous_9)
FNDA:612,(anonymous_10)
FNDA:0,(anonymous_11)
DA:1,26
DA:2,26
DA:3,26
DA:15,26
DA:28,52
DA:29,52
DA:30,52
DA:38,52
DA:45,52
DA:46,52
DA:53,52
DA:54,52
DA:55,52
DA:56,52
DA:57,52
DA:58,52
DA:59,52
DA:60,52
DA:69,52
DA:70,52
DA:72,52
DA:75,52
DA:76,52
DA:83,52
DA:84,52
DA:85,52
DA:87,52
DA:88,52
DA:89,52
DA:108,51
DA:124,51
DA:125,51
DA:126,612
DA:127,612
DA:129,612
DA:131,612
DA:134,612
DA:135,612
DA:138,612
DA:139,612
DA:149,612
DA:150,612
DA:151,0
DA:152,0
DA:173,612
DA:174,612
DA:176,612
DA:181,612
DA:186,612
DA:187,612
DA:193,612
DA:194,51
DA:195,51
DA:197,51
DA:210,0
LF:55
LH:52
BRDA:105,0,0,0
BRDA:106,1,0,0
BRDA:121,2,0,0
BRDA:122,3,0,0
BRDA:129,4,0,612
BRDA:129,4,1,0
BRDA:131,5,0,0
BRDA:131,5,1,612
BRDA:131,6,0,612
BRDA:131,6,1,0
BRDA:170,7,0,0
BRDA:171,8,0,0
BRDA:173,9,0,612
BRDA:173,9,1,0
BRDA:174,10,0,51
BRDA:174,10,1,561
BRDA:184,11,0,612
BRDA:184,11,1,0
BRDA:193,12,0,51
BRDA:193,12,1,561
BRF:20
BRH:9
end_of_record
TN:
SF:src/component/tooltip.ts
FN:30,(anonymous_0)
FN:41,(anonymous_1)
FN:62,(anonymous_2)
FN:71,(anonymous_3)
FN:85,(anonymous_4)
FN:112,(anonymous_5)
FN:121,(anonymous_6)
FN:136,(anonymous_7)
FN:154,(anonymous_8)
FN:164,(anonymous_9)
FN:175,(anonymous_10)
FN:185,(anonymous_11)
FNF:12
FNH:12
FNDA:1115,(anonymous_0)
FNDA:1115,(anonymous_1)
FNDA:1115,(anonymous_2)
FNDA:95,(anonymous_3)
FNDA:1115,(anonymous_4)
FNDA:95,(anonymous_5)
FNDA:95,(anonymous_6)
FNDA:5796,(anonymous_7)
FNDA:3,(anonymous_8)
FNDA:2,(anonymous_9)
FNDA:7,(anonymous_10)
FNDA:2,(anonymous_11)
DA:1,33
DA:2,33
DA:3,33
DA:4,33
DA:5,33
DA:19,33
DA:31,1115
DA:32,1115
DA:33,1115
DA:34,1115
DA:42,1115
DA:43,1115
DA:45,1109
DA:46,1109
DA:48,2
DA:49,2
DA:51,2
DA:52,2
DA:54,2
DA:55,2
DA:63,1115
DA:72,95
DA:73,22
DA:74,22
DA:75,0
DA:77,22
DA:79,95
DA:86,1115
DA:87,1115
DA:88,1073
DA:89,1073
DA:90,1073
DA:92,1115
DA:96,1115
DA:98,1115
DA:99,1115
DA:100,1115
DA:101,1115
DA:102,1115
DA:113,95
DA:114,95
DA:115,95
DA:122,95
DA:123,83
DA:124,83
DA:125,83
DA:137,5796
DA:138,164
DA:139,164
DA:141,5632
DA:144,5632
DA:155,3
DA:165,2
DA:176,7
DA:186,2
DA:187,1
DA:189,1
LF:57
LH:56
BRDA:30,0,0,1104
BRDA:41,1,0,0
BRDA:43,2,0,1109
BRDA:43,2,1,2
BRDA:43,2,2,2
BRDA:43,2,3,2
BRDA:71,3,0,6
BRDA:72,4,0,22
BRDA:72,4,1,73
BRDA:73,5,0,22
BRDA:73,5,1,22
BRDA:74,6,0,0
BRDA:74,6,1,22
BRDA:77,7,0,22
BRDA:77,7,1,20
BRDA:79,8,0,95
BRDA:79,8,1,0
BRDA:79,9,0,95
BRDA:79,9,1,95
BRDA:87,10,0,1073
BRDA:87,10,1,42
BRDA:122,11,0,83
BRDA:122,11,1,12
BRDA:136,12,0,0
BRDA:137,13,0,164
BRDA:137,13,1,5632
BRDA:186,14,0,1
BRDA:186,14,1,1
BRF:28
BRH:24
end_of_record
TN:
SF:src/component/treeView.ts
FNF:0
FNH:0
DA:7,1
LF:1
LH:1
BRF:0
BRH:0
end_of_record
TN:
SF:src/component/waiter.ts
FN:20,(anonymous_0)
FN:36,(anonymous_1)
FN:50,(anonymous_2)
FN:56,(anonymous_3)
FN:72,(anonymous_4)
FN:74,(anonymous_5)
FN:86,(anonymous_6)
FN:99,(anonymous_7)
FN:113,(anonymous_8)
FN:119,(anonymous_9)
FNF:10
FNH:1
FNDA:1,(anonymous_0)
FNDA:0,(anonymous_1)
FNDA:0,(anonymous_2)
FNDA:0,(anonymous_3)
FNDA:0,(anonymous_4)
FNDA:0,(anonymous_5)
FNDA:0,(anonymous_6)
FNDA:0,(anonymous_7)
FNDA:0,(anonymous_8)
FNDA:0,(anonymous_9)
DA:12,21
DA:21,1
DA:22,1
DA:40,0
DA:41,0
DA:55,0
DA:56,0
DA:57,0
DA:58,0
DA:59,0
DA:60,0
DA:73,0
DA:74,0
DA:75,0
DA:87,0
DA:88,0
DA:103,0
DA:104,0
DA:118,0
DA:119,0
DA:120,0
DA:121,0
DA:122,0
DA:123,0
LF:24
LH:3
BRDA:40,0,0,0
BRDA:40,0,1,0
BRDA:58,1,0,0
BRDA:58,1,1,0
BRDA:103,2,0,0
BRDA:103,2,1,0
BRDA:121,3,0,0
BRDA:121,3,1,0
BRF:8
BRH:0
end_of_record
TN:
SF:src/component/year.ts
FN:29,(anonymous_0)
FN:40,(anonymous_1)
FN:47,(anonymous_2)
FN:68,(anonymous_3)
FN:73,(anonymous_4)
FN:86,(anonymous_5)
FNF:6
FNH:5
FNDA:241,(anonymous_0)
FNDA:241,(anonymous_1)
FNDA:241,(anonymous_2)
FNDA:240,(anonymous_3)
FNDA:2,(anonymous_4)
FNDA:0,(anonymous_5)
DA:1,26
DA:2,26
DA:3,26
DA:4,26
DA:15,26
DA:30,241
DA:31,241
DA:32,241
DA:33,241
DA:41,241
DA:49,241
DA:54,241
DA:58,241
DA:69,240
DA:70,240
DA:71,240
DA:72,240
DA:73,240
DA:74,2
DA:77,240
DA:87,0
LF:21
LH:20
BRDA:49,0,0,12
BRDA:49,0,1,229
BRDA:54,1,0,11
BRDA:54,1,1,230
BRF:4
BRH:4
end_of_record
TN:
SF:src/core/async.ts
FN:62,(anonymous_0)
FN:89,(anonymous_1)
FN:96,(anonymous_2)
FN:134,(anonymous_3)
FN:160,(anonymous_4)
FN:175,(anonymous_5)
FN:186,(anonymous_6)
FN:235,(anonymous_7)
FN:274,(anonymous_8)
FN:297,(anonymous_9)
FN:327,(anonymous_10)
FN:355,(anonymous_11)
FN:376,(anonymous_12)
FN:391,(anonymous_13)
FN:396,(anonymous_14)
FN:422,(anonymous_15)
FNF:16
FNH:14
FNDA:46,(anonymous_0)
FNDA:5,(anonymous_1)
FNDA:5,(anonymous_2)
FNDA:0,(anonymous_3)
FNDA:5,(anonymous_4)
FNDA:3,(anonymous_5)
FNDA:1,(anonymous_6)
FNDA:5,(anonymous_7)
FNDA:86,(anonymous_8)
FNDA:1,(anonymous_9)
FNDA:0,(anonymous_10)
FNDA:35,(anonymous_11)
FNDA:40,(anonymous_12)
FNDA:2,(anonymous_13)
FNDA:1,(anonymous_14)
FNDA:39,(anonymous_15)
DA:1,68
DA:2,68
DA:3,68
DA:45,68
DA:63,46
DA:64,46
DA:90,5
DA:91,5
DA:92,1
DA:93,1
DA:94,1
DA:96,4
DA:97,5
DA:98,5
DA:107,5
DA:141,0
DA:142,0
DA:143,0
DA:169,5
DA:170,5
DA:171,5
DA:172,5
DA:173,4
DA:176,3
DA:187,1
DA:197,1
DA:198,1
DA:207,0
DA:216,5
DA:245,5
DA:246,5
DA:247,5
DA:248,1
DA:250,5
DA:251,5
DA:252,4
DA:253,4
DA:254,4
DA:255,4
DA:256,0
DA:258,4
DA:261,0
DA:262,0
DA:264,0
DA:268,5
DA:275,86
DA:304,1
DA:305,1
DA:306,1
DA:307,1
DA:328,0
DA:356,35
DA:357,35
DA:358,3
DA:359,3
DA:360,3
DA:362,32
DA:364,35
DA:383,40
DA:384,40
DA:385,40
DA:386,40
DA:387,40
DA:388,40
DA:389,3
DA:392,2
DA:397,1
DA:398,1
DA:399,1
DA:402,37
DA:403,37
DA:405,0
DA:406,0
DA:408,40
DA:431,39
DA:432,39
DA:433,39
DA:434,39
DA:435,8
DA:437,31
DA:438,31
DA:439,31
DA:441,39
LF:83
LH:72
BRDA:63,0,0,46
BRDA:63,0,1,42
BRDA:91,1,0,1
BRDA:91,1,1,4
BRDA:92,2,0,1
BRDA:92,2,1,1
BRDA:141,3,0,0
BRDA:141,3,1,0
BRDA:170,4,0,5
BRDA:170,4,1,5
BRDA:172,5,0,4
BRDA:172,5,1,1
BRDA:172,6,0,5
BRDA:172,6,1,4
BRDA:197,7,0,1
BRDA:197,7,1,0
BRDA:197,8,0,1
BRDA:197,8,1,1
BRDA:247,9,0,1
BRDA:247,9,1,4
BRDA:251,10,0,4
BRDA:251,10,1,1
BRDA:252,11,0,4
BRDA:252,11,1,4
BRDA:254,12,0,4
BRDA:254,12,1,0
BRDA:255,13,0,0
BRDA:255,13,1,4
BRDA:261,14,0,0
BRDA:261,14,1,0
BRDA:357,15,0,3
BRDA:357,15,1,32
BRDA:358,16,0,3
BRDA:358,16,1,2
BRDA:385,17,0,40
BRDA:385,17,1,12
BRDA:386,18,0,40
BRDA:386,18,1,12
BRDA:388,19,0,3
BRDA:388,19,1,37
BRDA:388,20,0,40
BRDA:388,20,1,6
BRDA:397,21,0,1
BRDA:397,21,1,1
BRDA:402,22,0,37
BRDA:402,22,1,0
BRDA:402,23,0,37
BRDA:402,23,1,34
BRDA:434,24,0,8
BRDA:434,24,1,31
BRDA:437,25,0,31
BRDA:437,25,1,8
BRF:52
BRH:44
end_of_record
TN:
SF:src/core/collection.ts
FN:67,(anonymous_0)
FN:85,(anonymous_1)
FN:104,(anonymous_2)
FN:105,(anonymous_3)
FN:122,(anonymous_4)
FN:140,(anonymous_5)
FN:154,(anonymous_6)
FN:178,(anonymous_7)
FN:203,(anonymous_8)
FN:227,(anonymous_9)
FN:254,(anonymous_10)
FN:261,(anonymous_11)
FN:285,(anonymous_12)
FN:286,(anonymous_13)
FN:309,(anonymous_14)
FN:341,(anonymous_15)
FN:357,(anonymous_16)
FN:374,(anonymous_17)
FN:393,(anonymous_18)
FN:394,(anonymous_19)
FN:412,(anonymous_20)
FN:438,(anonymous_21)
FN:439,(anonymous_22)
FN:456,(anonymous_23)
FN:460,(anonymous_24)
FN:481,(anonymous_25)
FN:482,(anonymous_26)
FN:500,(anonymous_27)
FN:520,(anonymous_28)
FN:521,(anonymous_29)
FN:540,(anonymous_30)
FN:569,(anonymous_31)
FN:570,(anonymous_32)
FN:591,(anonymous_33)
FN:596,(anonymous_34)
FN:616,(anonymous_35)
FN:635,(anonymous_36)
FNF:37
FNH:32
FNDA:8774,(anonymous_0)
FNDA:8774,(anonymous_1)
FNDA:8860,(anonymous_2)
FNDA:8662,(anonymous_3)
FNDA:26,(anonymous_4)
FNDA:8905,(anonymous_5)
FNDA:8909,(anonymous_6)
FNDA:2,(anonymous_7)
FNDA:2,(anonymous_8)
FNDA:1077,(anonymous_9)
FNDA:1785,(anonymous_10)
FNDA:11323,(anonymous_11)
FNDA:1785,(anonymous_12)
FNDA:11323,(anonymous_13)
FNDA:6776,(anonymous_14)
FNDA:0,(anonymous_15)
FNDA:29,(anonymous_16)
FNDA:117,(anonymous_17)
FNDA:118,(anonymous_18)
FNDA:144,(anonymous_19)
FNDA:149,(anonymous_20)
FNDA:0,(anonymous_21)
FNDA:0,(anonymous_22)
FNDA:2,(anonymous_23)
FNDA:6,(anonymous_24)
FNDA:31,(anonymous_25)
FNDA:31,(anonymous_26)
FNDA:7,(anonymous_27)
FNDA:7,(anonymous_28)
FNDA:9,(anonymous_29)
FNDA:39,(anonymous_30)
FNDA:0,(anonymous_31)
FNDA:0,(anonymous_32)
FNDA:3,(anonymous_33)
FNDA:26,(anonymous_34)
FNDA:311,(anonymous_35)
FNDA:3,(anonymous_36)
DA:2,78
DA:10,78
DA:39,78
DA:73,8774
DA:74,8774
DA:75,8774
DA:76,8774
DA:86,8774
DA:90,8774
DA:105,8860
DA:106,8662
DA:123,26
DA:124,26
DA:141,8905
DA:142,8905
DA:143,8905
DA:155,8909
DA:156,8539
DA:159,8539
DA:161,370
DA:179,2
DA:180,2
DA:181,1
DA:183,1
DA:185,2
DA:204,2
DA:205,2
DA:206,2
DA:207,2
DA:208,2
DA:209,1
DA:210,1
DA:213,1
DA:228,1077
DA:259,1785
DA:260,1785
DA:261,1785
DA:262,11323
DA:263,11323
DA:264,11323
DA:267,1785
DA:286,1785
DA:287,11323
DA:313,6776
DA:314,3617
DA:315,3617
DA:316,156
DA:318,3461
DA:320,3159
DA:342,0
DA:343,0
DA:344,0
DA:346,0
DA:358,29
DA:375,117
DA:394,118
DA:395,144
DA:415,149
DA:416,149
DA:417,241
DA:419,149
DA:439,0
DA:440,0
DA:459,2
DA:460,2
DA:461,6
DA:462,2
DA:465,2
DA:482,31
DA:483,31
DA:501,7
DA:521,7
DA:522,9
DA:543,39
DA:544,39
DA:545,2
DA:547,39
DA:548,39
DA:549,39
DA:570,0
DA:571,0
DA:594,3
DA:595,3
DA:596,3
DA:597,26
DA:598,2
DA:600,24
DA:603,3
DA:604,3
DA:617,311
DA:636,3
LF:91
LH:83
BRDA:68,0,0,260
BRDA:70,1,0,293
BRDA:71,2,0,333
BRDA:85,3,0,0
BRDA:155,4,0,8539
BRDA:155,4,1,370
BRDA:156,5,0,8417
BRDA:156,5,1,122
BRDA:180,6,0,1
BRDA:180,6,1,1
BRDA:205,7,0,2
BRDA:205,7,1,0
BRDA:205,8,0,2
BRDA:205,8,1,2
BRDA:208,9,0,1
BRDA:208,9,1,1
BRDA:208,10,0,2
BRDA:208,10,1,1
BRDA:259,11,0,1785
BRDA:259,11,1,1785
BRDA:262,12,0,11323
BRDA:262,12,1,0
BRDA:313,13,0,3617
BRDA:313,13,1,3159
BRDA:313,14,0,6776
BRDA:313,14,1,6775
BRDA:315,15,0,156
BRDA:315,15,1,3461
BRDA:315,16,0,3617
BRDA:315,16,1,3617
BRDA:315,16,2,156
BRDA:343,17,0,0
BRDA:343,17,1,0
BRDA:343,18,0,0
BRDA:343,18,1,0
BRDA:343,18,2,0
BRDA:416,19,0,390
BRDA:416,19,1,376
BRDA:461,20,0,2
BRDA:461,20,1,4
BRDA:544,21,0,41
BRDA:544,21,1,41
BRDA:597,22,0,2
BRDA:597,22,1,24
BRDA:635,23,0,0
BRF:45
BRH:36
end_of_record
TN:
SF:src/core/deferred.ts
FN:35,(anonymous_0)
FN:52,(anonymous_1)
FN:67,(anonymous_2)
FN:82,(anonymous_3)
FNF:4
FNH:4
FNDA:486,(anonymous_0)
FNDA:470,(anonymous_1)
FNDA:306,(anonymous_2)
FNDA:121,(anonymous_3)
DA:1,74
DA:29,74
DA:36,486
DA:53,470
DA:68,306
DA:83,121
LF:6
LH:6
BRF:0
BRH:0
end_of_record
TN:
SF:src/core/index.ts
FNF:0
FNH:0
DA:7,62
DA:8,62
DA:9,62
DA:10,62
DA:11,62
DA:12,62
DA:13,62
DA:14,62
DA:15,62
DA:16,62
LF:10
LH:10
BRF:0
BRH:0
end_of_record
TN:
SF:src/core/knot.ts
FN:72,(anonymous_0)
FN:96,(anonymous_1)
FN:111,(anonymous_2)
FN:128,(anonymous_3)
FN:129,(anonymous_4)
FN:146,(anonymous_5)
FN:162,(anonymous_6)
FN:174,(anonymous_7)
FN:185,(anonymous_8)
FN:196,(anonymous_9)
FN:210,(anonymous_10)
FN:223,(anonymous_11)
FN:238,(anonymous_12)
FN:249,(anonymous_13)
FN:254,(anonymous_14)
FN:272,(anonymous_15)
FN:273,(anonymous_16)
FN:289,(anonymous_17)
FN:290,(anonymous_18)
FN:304,(anonymous_19)
FN:305,(anonymous_20)
FN:317,(anonymous_21)
FN:344,(anonymous_22)
FN:391,(anonymous_23)
FN:410,(anonymous_24)
FN:422,(anonymous_25)
FN:447,(anonymous_26)
FN:455,(anonymous_27)
FN:474,(anonymous_28)
FN:493,(anonymous_29)
FN:516,(anonymous_30)
FN:532,(anonymous_31)
FN:534,(anonymous_32)
FN:546,(anonymous_33)
FN:558,(anonymous_34)
FN:574,(anonymous_35)
FN:590,(anonymous_36)
FN:600,(anonymous_37)
FN:613,(anonymous_38)
FN:625,(anonymous_39)
FN:643,(anonymous_40)
FN:659,(anonymous_41)
FN:674,(anonymous_42)
FN:696,(anonymous_43)
FN:715,(anonymous_44)
FN:734,(anonymous_45)
FN:757,(anonymous_46)
FN:775,(anonymous_47)
FN:788,(anonymous_48)
FN:804,(anonymous_49)
FN:819,(anonymous_50)
FN:831,(anonymous_51)
FN:850,(anonymous_52)
FN:874,(anonymous_53)
FN:893,(anonymous_54)
FN:911,(anonymous_55)
FN:925,(anonymous_56)
FN:944,(anonymous_57)
FN:956,(anonymous_58)
FN:970,(anonymous_59)
FN:971,(anonymous_60)
FN:984,(anonymous_61)
FN:985,(anonymous_62)
FN:999,(anonymous_63)
FN:1014,(anonymous_64)
FN:1029,(anonymous_65)
FNF:66
FNH:62
FNDA:25369,(anonymous_0)
FNDA:1,(anonymous_1)
FNDA:4,(anonymous_2)
FNDA:1,(anonymous_3)
FNDA:2,(anonymous_4)
FNDA:972,(anonymous_5)
FNDA:45314,(anonymous_6)
FNDA:3345,(anonymous_7)
FNDA:1353,(anonymous_8)
FNDA:1288,(anonymous_9)
FNDA:1401,(anonymous_10)
FNDA:0,(anonymous_11)
FNDA:33959,(anonymous_12)
FNDA:30051,(anonymous_13)
FNDA:28567,(anonymous_14)
FNDA:23609,(anonymous_15)
FNDA:41370,(anonymous_16)
FNDA:6438,(anonymous_17)
FNDA:6522,(anonymous_18)
FNDA:4,(anonymous_19)
FNDA:4,(anonymous_20)
FNDA:1,(anonymous_21)
FNDA:3178,(anonymous_22)
FNDA:10929,(anonymous_23)
FNDA:231,(anonymous_24)
FNDA:422,(anonymous_25)
FNDA:7532,(anonymous_26)
FNDA:546,(anonymous_27)
FNDA:7530,(anonymous_28)
FNDA:4,(anonymous_29)
FNDA:139,(anonymous_30)
FNDA:4,(anonymous_31)
FNDA:131,(anonymous_32)
FNDA:238,(anonymous_33)
FNDA:238,(anonymous_34)
FNDA:1000,(anonymous_35)
FNDA:11937,(anonymous_36)
FNDA:972,(anonymous_37)
FNDA:1702,(anonymous_38)
FNDA:58,(anonymous_39)
FNDA:1175,(anonymous_40)
FNDA:285,(anonymous_41)
FNDA:107,(anonymous_42)
FNDA:0,(anonymous_43)
FNDA:230,(anonymous_44)
FNDA:1269,(anonymous_45)
FNDA:0,(anonymous_46)
FNDA:1271,(anonymous_47)
FNDA:19031,(anonymous_48)
FNDA:1296,(anonymous_49)
FNDA:0,(anonymous_50)
FNDA:236,(anonymous_51)
FNDA:728,(anonymous_52)
FNDA:1819,(anonymous_53)
FNDA:1,(anonymous_54)
FNDA:89,(anonymous_55)
FNDA:2763,(anonymous_56)
FNDA:8,(anonymous_57)
FNDA:2,(anonymous_58)
FNDA:6410,(anonymous_59)
FNDA:8307,(anonymous_60)
FNDA:165,(anonymous_61)
FNDA:165,(anonymous_62)
FNDA:8246,(anonymous_63)
FNDA:1684,(anonymous_64)
FNDA:3,(anonymous_65)
DA:1,81
DA:15,81
DA:46,81
DA:76,25369
DA:77,12390
DA:78,1
DA:79,1
DA:80,1
DA:82,12389
DA:85,25369
DA:86,25369
DA:87,25369
DA:97,1
DA:112,4
DA:113,1
DA:115,3
DA:129,1
DA:130,2
DA:147,972
DA:148,1
DA:150,971
DA:163,45314
DA:175,3345
DA:186,1353
DA:197,1288
DA:211,1401
DA:212,1401
DA:224,0
DA:239,33959
DA:253,30051
DA:254,10722
DA:255,28567
DA:258,19329
DA:273,23609
DA:274,41370
DA:275,30385
DA:290,6438
DA:291,6522
DA:305,4
DA:306,4
DA:318,1
DA:360,3178
DA:363,3178
DA:365,0
DA:366,3178
DA:371,9
DA:373,3169
DA:392,10929
DA:393,10929
DA:398,2
DA:400,10927
DA:411,231
DA:423,422
DA:453,7532
DA:454,7532
DA:455,7530
DA:456,546
DA:457,546
DA:458,288
DA:461,7530
DA:462,7530
DA:464,7532
DA:476,7530
DA:477,7530
DA:478,6529
DA:480,7530
DA:481,7015
DA:483,7530
DA:495,4
DA:496,4
DA:500,4
DA:502,0
DA:520,139
DA:533,4
DA:534,4
DA:535,131
DA:547,238
DA:560,238
DA:561,238
DA:577,1000
DA:578,1000
DA:591,11937
DA:601,972
DA:602,669
DA:614,1702
DA:626,58
DA:627,58
DA:628,58
DA:630,0
DA:644,1175
DA:645,1175
DA:646,13
DA:660,285
DA:661,285
DA:676,107
DA:677,107
DA:678,107
DA:679,107
DA:682,0
DA:683,0
DA:697,0
DA:698,0
DA:699,0
DA:700,0
DA:702,0
DA:716,230
DA:717,230
DA:718,230
DA:719,230
DA:721,0
DA:735,1269
DA:736,1269
DA:737,1269
DA:738,1257
DA:742,1257
DA:744,12
DA:758,0
DA:759,0
DA:760,0
DA:761,0
DA:763,0
DA:777,1271
DA:778,1271
DA:789,19031
DA:805,1296
DA:806,1296
DA:808,0
DA:820,0
DA:832,236
DA:851,728
DA:852,728
DA:853,728
DA:854,707
DA:856,728
DA:875,1819
DA:876,1819
DA:880,441
DA:882,1819
DA:894,1
DA:895,1
DA:896,1
DA:912,89
DA:913,89
DA:914,89
DA:916,0
DA:926,2763
DA:927,956
DA:928,1807
DA:929,646
DA:931,1161
DA:945,8
DA:957,2
DA:971,6410
DA:972,8307
DA:985,165
DA:986,165
DA:1000,8246
DA:1015,1684
DA:1030,3
DA:1031,1
DA:1033,2
LF:161
LH:141
BRDA:76,0,0,12390
BRDA:76,0,1,12979
BRDA:77,1,0,1
BRDA:77,1,1,12389
BRDA:77,2,0,12390
BRDA:77,2,1,1
BRDA:112,3,0,1
BRDA:112,3,1,3
BRDA:147,4,0,1
BRDA:147,4,1,971
BRDA:186,5,0,1353
BRDA:186,5,1,1139
BRDA:225,6,0,0
BRDA:225,6,1,0
BRDA:253,7,0,10722
BRDA:253,7,1,19329
BRDA:274,8,0,30385
BRDA:274,8,1,10985
BRDA:274,9,0,41370
BRDA:274,9,1,33755
BRDA:360,10,0,176
BRDA:360,10,1,3002
BRDA:360,11,0,3178
BRDA:360,11,1,3131
BRDA:363,12,0,0
BRDA:363,12,1,3178
BRDA:366,13,0,9
BRDA:366,13,1,3169
BRDA:367,14,0,3178
BRDA:367,14,1,47
BRDA:367,14,2,10
BRDA:393,15,0,2
BRDA:393,15,1,10927
BRDA:394,16,0,10929
BRDA:394,16,1,753
BRDA:394,16,2,79
BRDA:394,16,3,79
BRDA:394,16,4,78
BRDA:454,17,0,7530
BRDA:454,17,1,2
BRDA:457,18,0,288
BRDA:457,18,1,258
BRDA:477,19,0,6529
BRDA:477,19,1,1001
BRDA:480,20,0,7015
BRDA:480,20,1,515
BRDA:496,21,0,4
BRDA:496,21,1,0
BRDA:497,22,0,4
BRDA:497,22,1,0
BRDA:626,23,0,58
BRDA:626,23,1,0
BRDA:645,24,0,13
BRDA:645,24,1,1162
BRDA:645,25,0,1175
BRDA:645,25,1,14
BRDA:676,26,0,107
BRDA:676,26,1,0
BRDA:677,27,0,107
BRDA:677,27,1,0
BRDA:698,28,0,0
BRDA:698,28,1,0
BRDA:717,29,0,230
BRDA:717,29,1,0
BRDA:737,30,0,1257
BRDA:737,30,1,12
BRDA:759,31,0,0
BRDA:759,31,1,0
BRDA:777,32,0,1271
BRDA:777,32,1,991
BRDA:804,33,0,104
BRDA:805,34,0,1296
BRDA:805,34,1,0
BRDA:806,35,0,1191
BRDA:806,35,1,105
BRDA:851,36,0,728
BRDA:851,36,1,0
BRDA:853,37,0,707
BRDA:853,37,1,21
BRDA:853,38,0,728
BRDA:853,38,1,708
BRDA:876,39,0,441
BRDA:876,39,1,1378
BRDA:877,40,0,1819
BRDA:877,40,1,844
BRDA:877,40,2,844
BRDA:877,40,3,843
BRDA:894,41,0,1
BRDA:894,41,1,0
BRDA:913,42,0,89
BRDA:913,42,1,0
BRDA:926,43,0,956
BRDA:926,43,1,1807
BRDA:926,44,0,2763
BRDA:926,44,1,956
BRDA:928,45,0,646
BRDA:928,45,1,1161
BRDA:1029,46,0,1
BRDA:1030,47,0,1
BRDA:1030,47,1,2
BRF:100
BRH:83
end_of_record
TN:
SF:src/core/module.ts
FN:60,(anonymous_0)
FN:81,(anonymous_1)
FN:96,(anonymous_2)
FN:117,(anonymous_3)
FN:138,(anonymous_4)
FN:141,(anonymous_5)
FN:160,(anonymous_6)
FN:162,(anonymous_7)
FN:165,(anonymous_8)
FN:171,(anonymous_9)
FN:190,(anonymous_10)
FN:200,(anonymous_11)
FN:208,(anonymous_12)
FN:225,(anonymous_13)
FN:243,(anonymous_14)
FN:264,(anonymous_15)
FN:268,(anonymous_16)
FN:269,(anonymous_17)
FN:295,(anonymous_18)
FN:299,(anonymous_19)
FN:322,(anonymous_20)
FN:324,(anonymous_21)
FN:339,(anonymous_22)
FN:356,(anonymous_23)
FN:361,(anonymous_24)
FN:366,(anonymous_25)
FN:370,(anonymous_26)
FN:385,(anonymous_27)
FN:401,(anonymous_28)
FN:405,(anonymous_29)
FN:410,(anonymous_30)
FN:429,(anonymous_31)
FN:437,(anonymous_32)
FN:449,(anonymous_33)
FN:461,(anonymous_34)
FN:478,(anonymous_35)
FN:499,(anonymous_36)
FN:511,(anonymous_37)
FN:520,(anonymous_38)
FN:529,(anonymous_39)
FNF:40
FNH:18
FNDA:9,(anonymous_0)
FNDA:2,(anonymous_1)
FNDA:2,(anonymous_2)
FNDA:1,(anonymous_3)
FNDA:0,(anonymous_4)
FNDA:0,(anonymous_5)
FNDA:1,(anonymous_6)
FNDA:0,(anonymous_7)
FNDA:0,(anonymous_8)
FNDA:0,(anonymous_9)
FNDA:1,(anonymous_10)
FNDA:0,(anonymous_11)
FNDA:0,(anonymous_12)
FNDA:0,(anonymous_13)
FNDA:0,(anonymous_14)
FNDA:1,(anonymous_15)
FNDA:0,(anonymous_16)
FNDA:0,(anonymous_17)
FNDA:1,(anonymous_18)
FNDA:0,(anonymous_19)
FNDA:1,(anonymous_20)
FNDA:1,(anonymous_21)
FNDA:1,(anonymous_22)
FNDA:1,(anonymous_23)
FNDA:1,(anonymous_24)
FNDA:0,(anonymous_25)
FNDA:0,(anonymous_26)
FNDA:0,(anonymous_27)
FNDA:1,(anonymous_28)
FNDA:0,(anonymous_29)
FNDA:0,(anonymous_30)
FNDA:0,(anonymous_31)
FNDA:1,(anonymous_32)
FNDA:0,(anonymous_33)
FNDA:0,(anonymous_34)
FNDA:0,(anonymous_35)
FNDA:0,(anonymous_36)
FNDA:1,(anonymous_37)
FNDA:1,(anonymous_38)
FNDA:1,(anonymous_39)
DA:1,63
DA:2,63
DA:3,63
DA:4,63
DA:5,63
DA:46,63
DA:61,9
DA:62,9
DA:82,2
DA:83,2
DA:97,2
DA:122,1
DA:126,1
DA:140,0
DA:141,0
DA:142,0
DA:149,0
DA:161,1
DA:163,0
DA:166,0
DA:168,0
DA:169,0
DA:171,0
DA:178,1
DA:196,1
DA:197,1
DA:198,1
DA:200,1
DA:201,0
DA:202,0
DA:203,0
DA:204,0
DA:205,0
DA:208,1
DA:209,0
DA:210,0
DA:212,0
DA:214,0
DA:217,0
DA:218,0
DA:221,0
DA:223,0
DA:225,0
DA:237,0
DA:240,0
DA:243,1
DA:245,1
DA:265,1
DA:267,1
DA:268,1
DA:269,0
DA:271,0
DA:274,0
DA:282,0
DA:286,0
DA:288,0
DA:291,1
DA:293,1
DA:294,1
DA:296,1
DA:297,1
DA:300,0
DA:323,1
DA:324,1
DA:329,1
DA:330,1
DA:335,0
DA:338,1
DA:339,1
DA:340,1
DA:360,1
DA:362,1
DA:363,1
DA:364,0
DA:365,0
DA:367,0
DA:368,0
DA:371,0
DA:375,1
DA:376,1
DA:386,0
DA:402,1
DA:403,1
DA:404,1
DA:405,0
DA:406,0
DA:407,0
DA:408,0
DA:409,0
DA:410,0
DA:411,0
DA:414,0
DA:418,1
DA:430,0
DA:438,1
DA:450,0
DA:462,0
DA:479,0
DA:480,0
DA:481,0
DA:482,0
DA:500,0
DA:501,0
DA:502,0
DA:503,0
DA:512,1
DA:521,1
DA:530,1
LF:108
LH:50
BRDA:144,0,0,0
BRDA:144,0,1,0
BRDA:168,1,0,0
BRDA:168,1,1,0
BRDA:203,2,0,0
BRDA:203,2,1,0
BRDA:204,3,0,0
BRDA:204,3,1,0
BRDA:212,4,0,0
BRDA:212,4,1,0
BRDA:217,5,0,0
BRDA:217,5,1,0
BRDA:274,6,0,0
BRDA:274,6,1,0
BRDA:330,7,0,0
BRDA:330,7,1,1
BRDA:331,8,0,1
BRDA:331,8,1,0
BRDA:331,8,2,0
BRDA:358,9,0,0
BRDA:363,10,0,0
BRDA:363,10,1,1
BRDA:404,11,0,0
BRDA:404,11,1,1
BRDA:407,12,0,0
BRDA:407,12,1,0
BRDA:407,13,0,0
BRDA:407,13,1,0
BRF:28
BRH:4
end_of_record
TN:
SF:src/core/objekt.ts
FN:54,(anonymous_0)
FN:75,(anonymous_1)
FN:106,(anonymous_2)
FN:107,(anonymous_3)
FN:137,(anonymous_4)
FN:160,(anonymous_5)
FN:167,(anonymous_6)
FN:193,(anonymous_7)
FN:201,(anonymous_8)
FN:229,(anonymous_9)
FN:257,(anonymous_10)
FN:279,(anonymous_11)
FN:292,(anonymous_12)
FN:303,(anonymous_13)
FN:346,(anonymous_14)
FN:354,(anonymous_15)
FN:374,(anonymous_16)
FN:403,(anonymous_17)
FN:418,(anonymous_18)
FN:432,(anonymous_19)
FN:450,(anonymous_20)
FN:451,(anonymous_21)
FN:469,(anonymous_22)
FN:470,(anonymous_23)
FN:491,(anonymous_24)
FN:493,(anonymous_25)
FNF:26
FNH:18
FNDA:18656,(anonymous_0)
FNDA:37387,(anonymous_1)
FNDA:1,(anonymous_2)
FNDA:1,(anonymous_3)
FNDA:4384,(anonymous_4)
FNDA:5630,(anonymous_5)
FNDA:30454,(anonymous_6)
FNDA:266,(anonymous_7)
FNDA:1070,(anonymous_8)
FNDA:3457,(anonymous_9)
FNDA:266,(anonymous_10)
FNDA:6,(anonymous_11)
FNDA:4,(anonymous_12)
FNDA:11,(anonymous_13)
FNDA:0,(anonymous_14)
FNDA:0,(anonymous_15)
FNDA:3457,(anonymous_16)
FNDA:14,(anonymous_17)
FNDA:113,(anonymous_18)
FNDA:3,(anonymous_19)
FNDA:0,(anonymous_20)
FNDA:0,(anonymous_21)
FNDA:0,(anonymous_22)
FNDA:0,(anonymous_23)
FNDA:0,(anonymous_24)
FNDA:0,(anonymous_25)
DA:1,93
DA:39,93
DA:55,18656
DA:56,18656
DA:76,37387
DA:78,33867
DA:79,33867
DA:80,570744
DA:81,47160
DA:82,4797
DA:83,3023
DA:85,4797
DA:86,42363
DA:87,1
DA:88,1
DA:90,42362
DA:95,37387
DA:107,1
DA:108,1
DA:142,4384
DA:144,39
DA:146,4345
DA:147,4345
DA:149,4345
DA:164,5630
DA:166,5630
DA:167,5630
DA:168,30454
DA:172,3171
DA:173,27283
DA:177,1285
DA:178,1285
DA:179,1285
DA:182,5630
DA:200,266
DA:201,266
DA:202,1070
DA:203,266
DA:204,804
DA:208,0
DA:209,0
DA:210,0
DA:230,3457
DA:231,3457
DA:232,3457
DA:262,266
DA:263,266
DA:264,266
DA:280,6
DA:281,6
DA:293,4
DA:308,11
DA:309,11
DA:310,25
DA:311,25
DA:312,5
DA:313,20
DA:317,5
DA:318,5
DA:319,5
DA:351,0
DA:352,0
DA:354,0
DA:355,0
DA:356,0
DA:357,0
DA:358,0
DA:360,0
DA:380,3457
DA:382,3457
DA:383,3457
DA:384,1835
DA:386,3457
DA:387,3457
DA:404,14
DA:405,14
DA:419,113
DA:433,3
DA:451,0
DA:452,0
DA:470,0
DA:471,0
DA:492,0
DA:493,0
DA:494,0
DA:495,0
DA:498,0
LF:87
LH:67
BRDA:76,0,0,33867
BRDA:76,0,1,3520
BRDA:80,1,0,47160
BRDA:80,1,1,523584
BRDA:81,2,0,4797
BRDA:81,2,1,42363
BRDA:82,3,0,3023
BRDA:82,3,1,1774
BRDA:86,4,0,1
BRDA:86,4,1,42362
BRDA:86,5,0,42363
BRDA:86,5,1,1041
BRDA:140,6,0,4384
BRDA:142,7,0,39
BRDA:142,7,1,4345
BRDA:146,8,0,0
BRDA:146,8,1,4345
BRDA:149,9,0,3166
BRDA:149,9,1,1179
BRDA:168,10,0,3171
BRDA:168,10,1,27283
BRDA:169,11,0,30454
BRDA:169,11,1,28105
BRDA:173,12,0,1285
BRDA:173,12,1,25998
BRDA:174,13,0,27283
BRDA:174,13,1,1286
BRDA:174,13,2,2
BRDA:202,14,0,266
BRDA:202,14,1,804
BRDA:202,15,0,1070
BRDA:202,15,1,1070
BRDA:204,16,0,0
BRDA:204,16,1,804
BRDA:205,17,0,804
BRDA:205,17,1,0
BRDA:205,17,2,0
BRDA:260,18,0,266
BRDA:263,19,0,0
BRDA:263,19,1,266
BRDA:310,20,0,25
BRDA:310,20,1,0
BRDA:311,21,0,5
BRDA:311,21,1,20
BRDA:311,22,0,25
BRDA:311,22,1,11
BRDA:313,23,0,5
BRDA:313,23,1,15
BRDA:314,24,0,20
BRDA:314,24,1,5
BRDA:314,24,2,0
BRDA:351,25,0,0
BRDA:351,25,1,0
BRDA:352,26,0,0
BRDA:352,26,1,0
BRDA:357,27,0,0
BRDA:357,27,1,0
BRDA:357,28,0,0
BRDA:357,28,1,0
BRDA:384,29,0,1835
BRDA:384,29,1,1835
BRDA:494,30,0,0
BRDA:494,30,1,0
BRF:63
BRH:46
end_of_record
TN:
SF:src/core/promize.ts
FN:45,(anonymous_0)
FN:55,(anonymous_1)
FN:81,(anonymous_2)
FN:114,(anonymous_3)
FN:159,(anonymous_4)
FN:203,(anonymous_5)
FN:205,(anonymous_6)
FN:208,(anonymous_7)
FNF:8
FNH:8
FNDA:494,(anonymous_0)
FNDA:494,(anonymous_1)
FNDA:310,(anonymous_2)
FNDA:124,(anonymous_3)
FNDA:408,(anonymous_4)
FNDA:95,(anonymous_5)
FNDA:92,(anonymous_6)
FNDA:1,(anonymous_7)
DA:1,74
DA:3,74
DA:35,74
DA:46,494
DA:56,494
DA:63,494
DA:83,310
DA:84,310
DA:85,309
DA:87,310
DA:91,147
DA:92,147
DA:94,163
DA:95,163
DA:116,124
DA:117,124
DA:118,123
DA:120,124
DA:124,115
DA:125,115
DA:127,9
DA:128,9
DA:167,408
DA:168,408
DA:169,408
DA:171,133
DA:172,133
DA:173,133
DA:175,9
DA:176,9
DA:177,9
DA:179,266
DA:204,95
DA:206,92
DA:209,1
LF:35
LH:35
BRDA:45,0,0,494
BRDA:55,1,0,0
BRDA:84,2,0,309
BRDA:84,2,1,1
BRDA:85,3,0,186
BRDA:85,3,1,123
BRDA:87,4,0,147
BRDA:87,4,1,163
BRDA:88,5,0,310
BRDA:88,5,1,147
BRDA:117,6,0,123
BRDA:117,6,1,1
BRDA:118,7,0,10
BRDA:118,7,1,113
BRDA:120,8,0,115
BRDA:120,8,1,9
BRDA:121,9,0,124
BRDA:121,9,1,115
BRDA:167,10,0,408
BRDA:167,10,1,162
BRDA:168,11,0,408
BRDA:168,11,1,402
BRDA:169,12,0,133
BRDA:169,12,1,9
BRDA:169,12,2,266
BRF:25
BRH:24
end_of_record
TN:
SF:src/core/query.ts
FN:39,(anonymous_0)
FN:61,(anonymous_1)
FN:78,(anonymous_2)
FN:96,(anonymous_3)
FNF:4
FNH:4
FNDA:8380,(anonymous_0)
FNDA:6397,(anonymous_1)
FNDA:3,(anonymous_2)
FNDA:8380,(anonymous_3)
DA:1,77
DA:2,77
DA:3,77
DA:28,77
DA:40,8380
DA:41,8380
DA:42,6643
DA:45,8380
DA:46,8380
DA:62,6397
DA:63,6397
DA:64,3141
DA:66,6397
DA:79,3
DA:96,77
DA:98,8380
DA:99,8380
DA:105,3365
DA:106,5015
DA:107,506
DA:108,506
DA:109,292
DA:111,506
DA:112,506
DA:113,4509
DA:114,2906
DA:116,1603
DA:118,8380
DA:119,8380
DA:120,7361
DA:121,7359
DA:124,8380
LF:32
LH:32
BRDA:40,0,0,6644
BRDA:40,0,1,1736
BRDA:40,1,0,8380
BRDA:40,1,1,8380
BRDA:41,2,0,6643
BRDA:41,2,1,1737
BRDA:63,3,0,3141
BRDA:63,3,1,3256
BRDA:99,4,0,3365
BRDA:99,4,1,5015
BRDA:100,5,0,8380
BRDA:100,5,1,7169
BRDA:100,5,2,7087
BRDA:100,5,3,2906
BRDA:100,5,4,7087
BRDA:106,6,0,506
BRDA:106,6,1,4509
BRDA:108,7,0,292
BRDA:108,7,1,214
BRDA:113,8,0,2906
BRDA:113,8,1,1603
BRDA:120,9,0,7359
BRDA:120,9,1,2
BRF:23
BRH:23
end_of_record
TN:
SF:src/core/router.ts
FN:54,(anonymous_0)
FN:68,(anonymous_1)
FN:72,(anonymous_2)
FN:96,(anonymous_3)
FN:132,(anonymous_4)
FN:156,(anonymous_5)
FN:178,(anonymous_6)
FNF:7
FNH:7
FNDA:150,(anonymous_0)
FNDA:150,(anonymous_1)
FNDA:28,(anonymous_2)
FNDA:80,(anonymous_3)
FNDA:123,(anonymous_4)
FNDA:63,(anonymous_5)
FNDA:38,(anonymous_6)
DA:2,66
DA:39,66
DA:55,150
DA:56,150
DA:57,150
DA:59,150
DA:69,150
DA:70,150
DA:71,150
DA:72,150
DA:73,28
DA:74,28
DA:76,150
DA:97,80
DA:99,80
DA:100,80
DA:101,23
DA:102,23
DA:103,23
DA:104,23
DA:105,10
DA:107,13
DA:111,80
DA:113,80
DA:114,80
DA:133,123
DA:134,123
DA:135,11
DA:137,123
DA:157,63
DA:158,63
DA:159,25
DA:162,38
DA:163,38
DA:164,9
DA:165,9
DA:167,38
DA:180,38
DA:181,38
DA:182,38
DA:183,3
DA:184,3
DA:185,6
DA:186,6
DA:187,0
DA:189,6
DA:190,6
DA:193,6
DA:194,3
DA:195,3
DA:196,1
DA:198,2
DA:201,3
DA:205,38
LF:54
LH:53
BRDA:54,0,0,1
BRDA:74,1,0,28
BRDA:74,1,1,0
BRDA:96,2,0,17
BRDA:101,3,0,23
BRDA:101,3,1,0
BRDA:104,4,0,10
[...]
BRDA:195,5,1,5
BRF:10
BRH:9
end_of_record
TN:
SF:src/module/topMenu.ts
FN:33,(anonymous_0)
FN:42,(anonymous_1)
FN:50,(anonymous_2)
FN:61,(anonymous_3)
FN:74,(anonymous_4)
FN:86,(anonymous_5)
FN:98,(anonymous_6)
FN:115,(anonymous_7)
FNF:8
FNH:8
FNDA:19,(anonymous_0)
FNDA:19,(anonymous_1)
FNDA:17,(anonymous_2)
FNDA:19,(anonymous_3)
FNDA:24,(anonymous_4)
FNDA:20,(anonymous_5)
FNDA:14,(anonymous_6)
FNDA:1,(anonymous_7)
DA:2,22
DA:21,22
DA:34,19
DA:35,19
DA:43,19
DA:45,19
DA:49,19
DA:50,19
DA:51,17
DA:62,19
DA:63,9
DA:65,10
DA:75,24
DA:87,20
DA:88,20
DA:89,20
DA:90,20
DA:99,14
DA:100,14
DA:101,14
DA:102,14
DA:116,1
LF:22
LH:22
BRDA:62,0,0,9
BRDA:62,0,1,10
BRF:2
BRH:2
end_of_record
TN:
SF:src/module/viewer.ts
FN:37,(anonymous_0)
FN:49,(anonymous_1)
FN:59,(anonymous_2)
FN:85,(anonymous_3)
FN:99,(anonymous_4)
FNF:5
FNH:3
FNDA:2,(anonymous_0)
FNDA:2,(anonymous_1)
FNDA:2,(anonymous_2)
FNDA:0,(anonymous_3)
FNDA:0,(anonymous_4)
DA:1,22
DA:2,22
DA:3,22
DA:4,22
DA:27,22
DA:38,2
DA:39,2
DA:40,2
DA:41,2
DA:50,2
DA:53,2
DA:60,2
DA:61,2
DA:62,2
DA:63,2
DA:64,2
DA:65,2
DA:66,2
DA:86,0
DA:88,0
DA:89,0
DA:91,0
DA:100,0
DA:101,0
DA:103,0
LF:25
LH:18
BRDA:37,0,0,2
BRDA:49,1,0,0
BRDA:85,2,0,0
BRF:3
BRH:1
end_of_record
TN:
SF:src/module/xhr.ts
FN:78,(anonymous_0)
FN:88,(anonymous_1)
FN:100,(anonymous_2)
FN:121,(anonymous_3)
FN:140,(anonymous_4)
FN:151,(anonymous_5)
FN:161,(anonymous_6)
FN:171,(anonymous_7)
FN:181,(anonymous_8)
FN:193,(anonymous_9)
FN:194,(anonymous_10)
FN:211,(anonymous_11)
FN:252,(anonymous_12)
FN:277,(anonymous_13)
FN:309,(anonymous_14)
FN:341,(anonymous_15)
FN:373,(anonymous_16)
FN:396,(anonymous_17)
FN:412,(anonymous_18)
FN:439,(anonymous_19)
FN:463,(anonymous_20)
FN:496,(anonymous_21)
FN:520,(anonymous_22)
FN:551,(anonymous_23)
FN:561,(anonymous_24)
FN:599,(anonymous_25)
FN:603,(anonymous_26)
FN:637,(anonymous_27)
FN:649,(anonymous_28)
FN:663,(anonymous_29)
FN:679,(anonymous_30)
FN:700,(anonymous_31)
FNF:32
FNH:32
FNDA:74,(anonymous_0)
FNDA:74,(anonymous_1)
FNDA:74,(anonymous_2)
FNDA:74,(anonymous_3)
FNDA:370,(anonymous_4)
FNDA:250,(anonymous_5)
FNDA:133,(anonymous_6)
FNDA:59,(anonymous_7)
FNDA:58,(anonymous_8)
FNDA:74,(anonymous_9)
FNDA:28,(anonymous_10)
FNDA:23,(anonymous_11)
FNDA:47,(anonymous_12)
FNDA:6,(anonymous_13)
FNDA:2,(anonymous_14)
FNDA:2,(anonymous_15)
FNDA:2,(anonymous_16)
FNDA:59,(anonymous_17)
FNDA:59,(anonymous_18)
FNDA:59,(anonymous_19)
FNDA:6,(anonymous_20)
FNDA:3,(anonymous_21)
FNDA:23,(anonymous_22)
FNDA:23,(anonymous_23)
FNDA:1,(anonymous_24)
FNDA:59,(anonymous_25)
FNDA:2,(anonymous_26)
FNDA:59,(anonymous_27)
FNDA:239,(anonymous_28)
FNDA:354,(anonymous_29)
FNDA:16,(anonymous_30)
FNDA:16,(anonymous_31)
DA:1,28
DA:10,28
DA:11,28
DA:12,28
DA:13,28
DA:51,28
DA:79,74
DA:80,74
DA:89,74
DA:93,74
DA:101,74
DA:102,74
DA:103,74
DA:105,74
DA:107,74
DA:108,74
DA:114,74
DA:122,74
DA:123,74
DA:129,74
DA:130,74
DA:131,74
DA:141,370
DA:152,250
DA:162,133
DA:172,59
DA:182,58
DA:194,74
DA:195,28
DA:198,1
DA:201,1
DA:204,1
DA:207,1
DA:210,23
DA:212,23
DA:213,19
DA:218,4
DA:225,23
DA:227,1
DA:231,1
DA:257,47
DA:283,6
DA:315,2
DA:347,2
DA:379,2
DA:397,59
DA:398,59
DA:419,59
DA:421,59
DA:422,59
DA:423,59
DA:425,59
DA:427,59
DA:440,59
DA:441,59
DA:442,59
DA:444,44
DA:445,44
DA:447,3
DA:448,3
DA:451,59
DA:469,6
DA:470,6
DA:471,6
DA:472,1
DA:473,1
DA:474,2
DA:476,5
DA:477,1
DA:478,2
DA:479,2
DA:480,2
DA:484,4
DA:486,6
DA:497,3
DA:498,3
DA:500,4
DA:501,4
DA:507,4
DA:510,3
DA:521,23
DA:523,23
DA:524,23
DA:527,1
DA:529,22
DA:532,22
DA:533,2
DA:536,1
DA:538,22
DA:552,23
DA:553,23
DA:555,23
DA:556,23
DA:557,23
DA:559,22
DA:560,1
DA:561,1
DA:562,1
DA:565,1
DA:566,1
DA:567,1
DA:569,1
DA:571,21
DA:574,21
DA:575,21
DA:576,21
DA:578,22
DA:580,1
DA:581,1
DA:582,1
DA:583,1
DA:586,23
DA:603,59
DA:604,2
DA:605,1
DA:607,1
DA:611,59
DA:612,58
DA:614,59
DA:615,59
DA:617,59
DA:618,59
DA:620,59
DA:624,3
DA:625,3
DA:627,59
DA:628,59
DA:638,59
DA:650,239
DA:651,182
DA:653,239
DA:664,354
DA:683,16
DA:684,2
DA:685,2
DA:701,16
DA:702,3
LF:137
LH:137
BRDA:78,0,0,31
BRDA:88,1,0,0
BRDA:152,2,0,250
BRDA:152,2,1,18
BRDA:195,3,0,1
BRDA:195,3,1,1
BRDA:195,3,2,1
BRDA:195,3,3,1
BRDA:195,3,4,23
BRDA:195,3,5,1
BRDA:212,4,0,19
BRDA:212,4,1,4
BRDA:255,5,0,45
BRDA:281,6,0,6
BRDA:313,7,0,2
BRDA:345,8,0,2
BRDA:377,9,0,2
BRDA:398,10,0,57
BRDA:398,10,1,2
BRDA:417,11,0,0
BRDA:441,12,0,59
BRDA:441,12,1,0
BRDA:442,13,0,44
BRDA:442,13,1,3
BRDA:469,14,0,2
BRDA:469,14,1,4
BRDA:471,15,0,1
BRDA:471,15,1,5
BRDA:476,16,0,1
BRDA:476,16,1,4
BRDA:478,17,0,2
BRDA:478,17,1,0
BRDA:500,18,0,4
BRDA:500,18,1,0
BRDA:524,19,0,1
BRDA:524,19,1,22
BRDA:532,20,0,2
BRDA:532,20,1,20
BRDA:556,21,0,23
BRDA:556,21,1,0
BRDA:557,22,0,22
BRDA:557,22,1,1
BRDA:559,23,0,1
BRDA:559,23,1,21
BRDA:563,24,0,1
BRDA:563,24,1,0
BRDA:571,25,0,2
BRDA:571,25,1,19
BRDA:572,26,0,2
BRDA:572,26,1,1
BRDA:601,27,0,0
BRDA:604,28,0,1
BRDA:604,28,1,1
BRDA:611,29,0,58
BRDA:611,29,1,1
BRDA:614,30,0,59
BRDA:614,30,1,0
BRDA:617,31,0,59
BRDA:617,31,1,0
BRDA:620,32,0,3
BRDA:620,32,1,56
BRDA:621,33,0,59
BRDA:621,33,1,59
BRDA:627,34,0,59
BRDA:627,34,1,0
BRDA:650,35,0,182
BRDA:650,35,1,57
BRDA:650,36,0,239
BRDA:650,36,1,239
BRDA:683,37,0,2
BRDA:683,37,1,14
BRDA:683,38,0,16
BRDA:683,38,1,3
BRDA:701,39,0,3
BRDA:701,39,1,13
BRF:75
BRH:64
end_of_record
TN:
SF:src/utils/coder.ts
FN:20,(anonymous_1)
FN:40,(anonymous_2)
FN:63,(anonymous_3)
FN:89,(anonymous_4)
FN:105,(anonymous_5)
FN:124,(anonymous_6)
FN:140,(anonymous_7)
FN:159,(anonymous_8)
FNF:8
FNH:8
FNDA:53,(anonymous_1)
FNDA:4,(anonymous_2)
FNDA:13,(anonymous_3)
FNDA:9,(anonymous_4)
FNDA:7,(anonymous_5)
FNDA:1304,(anonymous_6)
FNDA:1301,(anonymous_7)
FNDA:4,(anonymous_8)
DA:1,52
DA:2,52
DA:3,52
DA:4,52
DA:20,52
DA:21,53
DA:22,53
DA:40,52
DA:41,4
DA:42,4
DA:63,52
DA:64,13
DA:65,13
DA:89,52
DA:90,9
DA:91,9
DA:105,52
DA:124,52
DA:125,1304
DA:140,1301
DA:159,52
DA:160,4
LF:22
LH:22
BRDA:91,0,0,9
BRDA:91,0,1,0
BRF:2
BRH:1
end_of_record
TN:
SF:src/utils/color.ts
FN:27,(anonymous_0)
FN:37,(anonymous_1)
FN:82,(anonymous_2)
FN:114,(anonymous_3)
FN:138,(anonymous_4)
FN:171,(anonymous_5)
FN:241,(anonymous_6)
FN:277,(anonymous_7)
FN:311,(anonymous_8)
FNF:9
FNH:9
FNDA:5,(anonymous_0)
FNDA:9,(anonymous_1)
FNDA:8,(anonymous_2)
FNDA:1,(anonymous_3)
FNDA:10,(anonymous_4)
FNDA:5,(anonymous_5)
FNDA:1,(anonymous_6)
FNDA:3,(anonymous_7)
FNDA:3,(anonymous_8)
DA:1,30
DA:27,30
DA:32,5
DA:33,5
DA:34,5
DA:35,5
DA:36,5
DA:37,9
DA:38,5
DA:39,5
DA:40,5
DA:41,3
DA:42,3
DA:43,3
DA:44,3
DA:46,3
DA:47,3
DA:48,0
DA:49,0
DA:50,0
DA:51,0
DA:53,3
DA:54,1
DA:55,2
DA:56,0
DA:59,5
DA:82,30
DA:87,8
DA:88,8
DA:89,8
DA:90,24
DA:91,11
DA:93,13
DA:96,8
DA:114,30
DA:117,1
DA:118,1
DA:138,30
DA:141,10
DA:142,10
DA:143,10
DA:144,10
DA:145,10
DA:171,30
DA:176,5
DA:177,5
DA:178,5
DA:179,5
DA:180,5
DA:186,5
DA:188,1
DA:189,1
DA:190,1
DA:191,1
DA:193,0
DA:194,0
DA:195,0
DA:196,0
DA:198,1
DA:199,1
DA:200,1
DA:201,1
DA:203,0
DA:204,0
DA:205,0
DA:206,0
DA:208,1
DA:209,1
DA:210,1
DA:211,1
DA:213,2
DA:214,2
DA:215,2
DA:216,2
DA:218,5
DA:241,30
DA:242,1
DA:243,1
DA:277,30
DA:282,3
DA:283,3
DA:284,3
DA:311,30
DA:315,3
DA:316,3
DA:317,9
DA:318,9
DA:319,0
DA:320,9
DA:321,4
DA:324,3
LF:91
LH:77
BRDA:40,0,0,3
BRDA:40,0,1,2
BRDA:46,1,0,3
BRDA:46,1,1,0
BRDA:48,2,0,0
BRDA:48,2,1,0
BRDA:50,3,0,0
BRDA:50,3,1,0
BRDA:53,4,0,1
BRDA:53,4,1,2
BRDA:55,5,0,0
BRDA:55,5,1,2
BRDA:90,6,0,11
BRDA:90,6,1,13
BRDA:141,7,0,10
BRDA:141,7,1,0
BRDA:186,8,0,1
BRDA:186,8,1,0
BRDA:186,8,2,1
BRDA:186,8,3,0
BRDA:186,8,4,1
BRDA:186,8,5,2
BRDA:279,9,0,2
BRDA:280,10,0,2
BRDA:284,11,0,1
BRDA:284,11,1,2
BRDA:313,12,0,2
BRDA:318,13,0,0
BRDA:318,13,1,9
BRDA:320,14,0,4
BRDA:320,14,1,5
BRF:31
BRH:21
end_of_record
TN:
SF:src/utils/dateio.ts
FN:58,(anonymous_0)
FN:84,(anonymous_1)
FN:101,(anonymous_2)
FN:131,(anonymous_3)
FN:176,(anonymous_4)
FN:191,(anonymous_5)
FN:201,(anonymous_6)
FN:208,(anonymous_7)
FN:216,(anonymous_8)
FN:224,(anonymous_9)
FN:232,(anonymous_10)
FN:239,(anonymous_11)
FN:247,(anonymous_12)
FN:255,(anonymous_13)
FN:263,(anonymous_14)
FN:270,(anonymous_15)
FN:278,(anonymous_16)
FN:285,(anonymous_17)
FN:293,(anonymous_18)
FN:301,(anonymous_19)
FN:308,(anonymous_20)
FN:316,(anonymous_21)
FN:324,(anonymous_22)
FN:332,(anonymous_23)
FN:339,(anonymous_24)
FN:347,(anonymous_25)
FN:355,(anonymous_26)
FN:363,(anonymous_27)
FN:370,(anonymous_28)
FN:377,(anonymous_29)
FN:384,(anonymous_30)
FN:391,(anonymous_31)
FN:398,(anonymous_32)
FNF:33
FNH:33
FNDA:35,(anonymous_0)
FNDA:3,(anonymous_1)
FNDA:22312,(anonymous_2)
FNDA:116,(anonymous_3)
FNDA:22354,(anonymous_4)
FNDA:2,(anonymous_5)
FNDA:2,(anonymous_6)
FNDA:56,(anonymous_7)
FNDA:1,(anonymous_8)
FNDA:1,(anonymous_9)
FNDA:1,(anonymous_10)
FNDA:108,(anonymous_11)
FNDA:1,(anonymous_12)
FNDA:1,(anonymous_13)
FNDA:1,(anonymous_14)
FNDA:7,(anonymous_15)
FNDA:4161,(anonymous_16)
FNDA:101,(anonymous_17)
FNDA:590,(anonymous_18)
FNDA:100,(anonymous_19)
FNDA:7,(anonymous_20)
FNDA:172,(anonymous_21)
FNDA:100,(anonymous_22)
FNDA:100,(anonymous_23)
FNDA:38,(anonymous_24)
FNDA:243,(anonymous_25)
FNDA:101,(anonymous_26)
FNDA:102,(anonymous_27)
FNDA:71,(anonymous_28)
FNDA:100,(anonymous_29)
FNDA:200,(anonymous_30)
FNDA:1,(anonymous_31)
FNDA:1,(anonymous_32)
DA:14,32
DA:49,32
DA:58,32
DA:59,35
DA:61,1
DA:63,33
DA:65,1
DA:69,32
DA:84,32
DA:85,3
DA:101,32
DA:102,22312
DA:114,32
DA:135,116
DA:136,3
DA:137,3
DA:143,0
DA:148,0
DA:151,113
DA:152,113
DA:154,1
DA:159,1
DA:177,22354
DA:178,22305
DA:182,49
DA:192,2
DA:202,2
DA:209,56
DA:217,1
DA:225,1
DA:233,1
DA:240,108
DA:248,1
DA:256,1
DA:264,1
DA:271,7
DA:279,4161
DA:286,101
DA:294,590
DA:302,100
DA:309,7
DA:317,172
DA:325,100
DA:333,100
DA:340,38
DA:348,243
DA:356,101
DA:364,102
DA:371,71
DA:378,100
DA:385,200
DA:392,1
DA:399,1
LF:53
LH:51
BRDA:59,0,0,1
BRDA:59,0,1,33
BRDA:59,0,2,1
BRDA:132,1,0,2
BRDA:135,2,0,3
BRDA:135,2,1,113
BRDA:177,3,0,22305
BRDA:177,3,1,49
BRF:8
BRH:8
end_of_record
TN:
SF:src/utils/index.ts
FNF:0
FNH:0
DA:15,29
DA:16,29
DA:17,29
DA:18,29
DA:19,29
DA:20,29
DA:21,29
DA:22,29
LF:8
LH:8
BRF:0
BRH:0
end_of_record
TN:
SF:src/utils/log.ts
FN:29,(anonymous_0)
FN:46,(anonymous_1)
FN:63,(anonymous_2)
FN:81,(anonymous_3)
FN:97,(anonymous_4)
FN:114,(anonymous_5)
FNF:6
FNH:4
FNDA:1,(anonymous_0)
FNDA:0,(anonymous_1)
FNDA:4,(anonymous_2)
FNDA:6,(anonymous_3)
FNDA:321,(anonymous_4)
FNDA:0,(anonymous_5)
DA:16,88
DA:29,88
DA:30,1
DA:31,1
DA:46,88
DA:47,0
DA:48,0
DA:63,88
DA:64,4
DA:65,4
DA:81,88
DA:82,6
DA:97,88
DA:98,321
DA:114,88
DA:115,0
LF:16
LH:13
BRDA:30,0,0,1
BRDA:30,0,1,0
BRDA:47,1,0,0
BRDA:47,1,1,0
BRDA:64,2,0,4
BRDA:64,2,1,0
BRF:6
BRH:2
end_of_record
TN:
SF:src/utils/math.ts
FN:27,(anonymous_0)
FN:42,(anonymous_1)
FN:79,(anonymous_2)
FN:125,(anonymous_3)
FN:167,(anonymous_4)
FN:188,(anonymous_5)
FN:209,(anonymous_6)
FN:235,(anonymous_7)
FNF:8
FNH:8
FNDA:6,(anonymous_0)
FNDA:18,(anonymous_1)
FNDA:8,(anonymous_2)
FNDA:88,(anonymous_3)
FNDA:20,(anonymous_4)
FNDA:65,(anonymous_5)
FNDA:3,(anonymous_6)
FNDA:3,(anonymous_7)
DA:27,31
DA:33,6
DA:34,2
DA:36,6
DA:37,6
DA:38,6
DA:39,6
DA:43,18
DA:47,6
DA:48,2
DA:50,6
DA:79,31
DA:83,8
DA:94,8
DA:95,8
DA:96,8
DA:97,8
DA:98,62
DA:99,62
DA:100,62
DA:101,62
DA:102,62
DA:106,62
DA:108,8
DA:125,31
DA:127,88
DA:129,47
DA:131,41
DA:132,41
DA:134,41
DA:135,0
DA:138,41
DA:140,41
DA:144,41
DA:145,41
DA:167,31
DA:168,20
DA:188,31
DA:189,65
DA:209,31
DA:210,3
DA:235,31
DA:241,3
DA:242,1
DA:244,2
DA:246,3
LF:46
LH:45
BRDA:29,0,0,4
BRDA:30,1,0,4
BRDA:31,2,0,4
BRDA:33,3,0,2
BRDA:33,3,1,4
BRDA:43,4,0,3
BRDA:43,4,1,15
BRDA:43,5,0,18
BRDA:43,5,1,9
BRDA:47,6,0,2
BRDA:47,6,1,4
BRDA:81,7,0,0
BRDA:97,8,0,70
BRDA:97,8,1,64
BRDA:100,9,0,31
BRDA:100,9,1,31
BRDA:101,10,0,23
BRDA:101,10,1,39
BRDA:127,11,0,47
BRDA:127,11,1,41
BRDA:127,12,0,88
BRDA:127,12,1,88
BRDA:134,13,0,0
BRDA:134,13,1,41
BRDA:134,14,0,41
BRDA:134,14,1,41
BRDA:134,15,0,41
BRDA:134,15,1,41
BRDA:141,16,0,0
BRDA:141,16,1,41
BRDA:145,17,0,0
BRDA:145,17,1,41
BRDA:238,18,0,2
BRDA:241,19,0,1
BRDA:241,19,1,2
BRF:35
BRH:31
end_of_record
TN:
SF:src/utils/operation.ts
FN:22,(anonymous_0)
FN:60,(anonymous_1)
FN:106,(anonymous_2)
FN:112,(anonymous_3)
FN:136,(anonymous_4)
FN:137,(anonymous_5)
FN:149,(anonymous_6)
FN:159,(anonymous_7)
FN:169,(anonymous_8)
FN:180,(anonymous_9)
FN:191,(anonymous_10)
FN:202,(anonymous_11)
FN:214,(anonymous_12)
FN:225,(anonymous_13)
FN:235,(anonymous_14)
FN:255,(anonymous_15)
FN:273,(anonymous_16)
FN:286,(anonymous_17)
FN:299,(anonymous_18)
FN:317,(anonymous_19)
FN:327,(anonymous_20)
FN:337,(anonymous_21)
FN:346,(anonymous_22)
FN:356,(anonymous_23)
FN:370,(anonymous_24)
FN:386,(anonymous_25)
FN:414,(anonymous_26)
FN:447,(anonymous_27)
FN:478,(anonymous_28)
FN:509,(anonymous_29)
FN:515,(anonymous_30)
FN:534,(anonymous_31)
FN:550,(anonymous_32)
FN:563,(anonymous_33)
FN:581,(anonymous_34)
FN:592,(anonymous_35)
FN:609,(anonymous_36)
FN:633,(anonymous_37)
FN:639,(anonymous_38)
FN:659,(anonymous_39)
FN:677,(anonymous_40)
FN:699,(anonymous_41)
FN:702,(anonymous_42)
FN:724,(anonymous_43)
FN:728,(anonymous_44)
FN:755,(anonymous_45)
FN:761,(anonymous_46)
FN:783,(anonymous_47)
FN:799,(anonymous_48)
FN:817,(anonymous_49)
FN:822,(anonymous_50)
FN:845,(anonymous_51)
FN:852,(anonymous_52)
FN:878,(anonymous_53)
FN:887,(anonymous_54)
FN:922,(anonymous_55)
FN:948,(anonymous_56)
FN:976,(anonymous_57)
FN:982,(anonymous_58)
FN:983,(anonymous_59)
FN:1013,(anonymous_60)
FN:1039,(anonymous_61)
FN:1042,(anonymous_62)
FN:1044,(anonymous_63)
FN:1069,(anonymous_64)
FN:1089,(anonymous_65)
FN:1102,(anonymous_66)
FNF:67
FNH:65
FNDA:60077,(anonymous_0)
FNDA:1,(anonymous_1)
FNDA:2152,(anonymous_2)
FNDA:2319,(anonymous_3)
FNDA:8147,(anonymous_4)
FNDA:409,(anonymous_5)
FNDA:159647,(anonymous_6)
FNDA:67,(anonymous_7)
FNDA:1,(anonymous_8)
FNDA:19,(anonymous_9)
FNDA:1,(anonymous_10)
FNDA:1,(anonymous_11)
FNDA:189723,(anonymous_12)
FNDA:4631,(anonymous_13)
FNDA:86301,(anonymous_14)
FNDA:21961,(anonymous_15)
FNDA:1,(anonymous_16)
FNDA:1,(anonymous_17)
FNDA:84385,(anonymous_18)
FNDA:97382,(anonymous_19)
FNDA:85568,(anonymous_20)
FNDA:98711,(anonymous_21)
FNDA:719,(anonymous_22)
FNDA:16562,(anonymous_23)
FNDA:191880,(anonymous_24)
FNDA:107890,(anonymous_25)
FNDA:27547,(anonymous_26)
FNDA:25277,(anonymous_27)
FNDA:12814,(anonymous_28)
FNDA:1,(anonymous_29)
FNDA:3,(anonymous_30)
FNDA:34,(anonymous_31)
FNDA:30,(anonymous_32)
FNDA:6,(anonymous_33)
FNDA:4449,(anonymous_34)
FNDA:57135,(anonymous_35)
FNDA:1,(anonymous_36)
FNDA:1292,(anonymous_37)
FNDA:16,(anonymous_38)
FNDA:1,(anonymous_39)
FNDA:1,(anonymous_40)
FNDA:1346,(anonymous_41)
FNDA:2690,(anonymous_42)
FNDA:240,(anonymous_43)
FNDA:860,(anonymous_44)
FNDA:154,(anonymous_45)
FNDA:1,(anonymous_46)
FNDA:1,(anonymous_47)
FNDA:3,(anonymous_48)
FNDA:0,(anonymous_49)
FNDA:0,(anonymous_50)
FNDA:1,(anonymous_51)
FNDA:3,(anonymous_52)
FNDA:2,(anonymous_53)
FNDA:2,(anonymous_54)
FNDA:1,(anonymous_55)
FNDA:1,(anonymous_56)
FNDA:39,(anonymous_57)
FNDA:10,(anonymous_58)
FNDA:5,(anonymous_59)
FNDA:142,(anonymous_60)
FNDA:145,(anonymous_61)
FNDA:25,(anonymous_62)
FNDA:3,(anonymous_63)
FNDA:63,(anonymous_64)
FNDA:3,(anonymous_65)
FNDA:1,(anonymous_66)
DA:22,97
DA:23,60077
DA:24,60077
DA:25,26913
DA:26,26913
DA:27,2845
DA:28,24068
DA:29,75
DA:30,23993
DA:31,4
DA:32,23989
DA:33,968
DA:34,23021
DA:35,1063
DA:36,21958
DA:37,3
DA:38,21955
DA:39,680
DA:42,60077
DA:60,97
DA:67,1
DA:68,1
DA:69,1
DA:70,1
DA:71,0
DA:73,1
DA:77,1
DA:106,97
DA:112,2152
DA:113,2319
DA:114,2319
DA:116,2152
DA:135,97
DA:136,97
DA:137,8147
DA:138,409
DA:149,159647
DA:159,97
DA:169,97
DA:170,1
DA:180,97
DA:181,19
DA:191,97
DA:192,1
DA:202,97
DA:203,1
DA:214,97
DA:215,189723
DA:225,97
DA:226,4631
DA:235,97
DA:236,86301
DA:255,97
DA:256,21961
DA:273,97
DA:274,1
DA:286,97
DA:287,1
DA:299,97
DA:300,84385
DA:317,97
DA:318,97382
DA:327,97
DA:328,85568
DA:337,98711
DA:346,97
DA:347,719
DA:356,97
DA:357,16562
DA:370,97
DA:371,191880
DA:386,97
DA:388,107890
DA:414,97
DA:421,27547
DA:422,21907
DA:423,5640
DA:424,5640
DA:447,97
DA:453,25277
DA:454,25277
DA:455,25277
DA:456,54144
DA:478,97
DA:484,12814
DA:485,40896
DA:486,40896
DA:509,97
DA:515,1
DA:516,3
DA:517,3
DA:518,3
DA:519,2
DA:522,1
DA:534,97
DA:535,34
DA:536,29
DA:537,5
DA:538,5
DA:550,97
DA:551,30
DA:563,97
DA:564,6
DA:565,15
DA:566,15
DA:581,97
DA:582,4449
DA:592,97
DA:593,57135
DA:609,97
DA:610,1
DA:611,1
DA:612,1
DA:614,1
DA:633,97
DA:634,1292
DA:635,1292
DA:636,1292
DA:637,6
DA:639,6
DA:641,16
DA:642,0
DA:645,6
DA:647,1286
DA:659,97
DA:660,1
DA:661,1
DA:662,1
DA:677,97
DA:681,1
DA:682,0
DA:683,1
DA:684,1
DA:686,1
DA:699,97
DA:701,1346
DA:702,1346
DA:703,2690
DA:704,0
DA:705,2690
DA:706,2
DA:708,2688
DA:711,1346
DA:724,97
DA:726,240
DA:728,240
DA:729,860
DA:730,55
DA:731,805
DA:732,122
DA:734,683
DA:737,240
DA:755,97
DA:756,154
DA:757,154
DA:758,150
DA:759,4
DA:760,4
DA:761,4
DA:762,1
DA:764,4
DA:766,154
DA:783,97
DA:787,1
DA:799,97
DA:800,3
DA:817,97
DA:821,0
DA:822,0
DA:823,0
DA:824,0
DA:827,0
DA:845,97
DA:850,1
DA:852,1
DA:853,3
DA:854,2
DA:857,1
DA:860,97
DA:878,97
DA:884,2
DA:885,2
DA:886,2
DA:887,2
DA:888,2
DA:892,0
DA:894,2
DA:898,0
DA:900,2
DA:901,2
DA:903,0
DA:922,97
DA:927,1
DA:928,1
DA:929,1
DA:930,1
DA:931,1
DA:948,97
DA:952,1
DA:976,97
DA:982,39
DA:983,10
DA:984,5
DA:985,5
DA:987,10
DA:988,10
DA:989,10
DA:990,10
DA:1013,97
DA:1017,142
DA:1018,142
DA:1019,142
DA:1039,97
DA:1040,145
DA:1042,145
DA:1043,25
DA:1044,1
DA:1045,3
DA:1047,24
DA:1048,21
DA:1051,145
DA:1069,97
DA:1070,63
DA:1071,63
DA:1089,97
DA:1090,3
DA:1102,97
DA:1103,1
DA:1104,1
DA:1105,1
DA:1106,1
DA:1107,1
DA:1108,1
DA:1109,1
DA:1110,1
DA:1111,1
LF:236
LH:224
BRDA:24,0,0,26913
BRDA:24,0,1,33164
BRDA:24,1,0,60077
BRDA:24,1,1,27141
BRDA:26,2,0,2845
BRDA:26,2,1,24068
BRDA:28,3,0,75
BRDA:28,3,1,23993
BRDA:30,4,0,4
BRDA:30,4,1,23989
BRDA:32,5,0,968
BRDA:32,5,1,23021
BRDA:34,6,0,1063
BRDA:34,6,1,21958
BRDA:36,7,0,3
BRDA:36,7,1,21955
BRDA:38,8,0,680
BRDA:38,8,1,21275
BRDA:69,9,0,1
BRDA:69,9,1,0
BRDA:70,10,0,0
BRDA:70,10,1,1
BRDA:108,11,0,0
BRDA:109,12,0,2152
BRDA:110,13,0,2152
BRDA:256,14,0,21961
BRDA:256,14,1,21961
BRDA:256,14,2,21956
BRDA:256,14,3,682
BRDA:256,14,4,4
BRDA:256,14,5,682
BRDA:256,14,6,682
BRDA:259,15,0,0
BRDA:259,15,1,682
BRDA:259,16,0,682
BRDA:259,16,1,682
BRDA:318,17,0,97382
BRDA:318,17,1,85567
BRDA:318,17,2,85427
BRDA:318,17,3,84384
BRDA:421,18,0,21907
BRDA:421,18,1,5640
BRDA:423,19,0,5640
BRDA:423,19,1,0
BRDA:453,20,0,25277
BRDA:453,20,1,25276
BRDA:454,21,0,25277
BRDA:454,21,1,25276
BRDA:485,22,0,40896
BRDA:485,22,1,0
BRDA:518,23,0,2
BRDA:518,23,1,1
BRDA:535,24,0,29
BRDA:535,24,1,5
BRDA:537,25,0,5
BRDA:537,25,1,0
BRDA:565,26,0,15
BRDA:565,26,1,0
BRDA:611,27,0,2
BRDA:611,27,1,2
BRDA:636,28,0,6
BRDA:636,28,1,1286
BRDA:636,29,0,1292
BRDA:636,29,1,52
BRDA:636,29,2,6
BRDA:641,30,0,0
BRDA:641,30,1,16
BRDA:661,31,0,1
BRDA:661,31,1,0
BRDA:681,32,0,0
BRDA:681,32,1,1
BRDA:683,33,0,1
BRDA:683,33,1,0
BRDA:703,34,0,0
BRDA:703,34,1,2690
BRDA:705,35,0,2
BRDA:705,35,1,2688
BRDA:729,36,0,55
BRDA:729,36,1,805
BRDA:731,37,0,122
BRDA:731,37,1,683
BRDA:757,38,0,150
BRDA:757,38,1,4
BRDA:759,39,0,4
BRDA:759,39,1,0
BRDA:853,40,0,2
BRDA:853,40,1,1
BRDA:881,41,0,0
BRDA:882,42,0,0
BRDA:888,43,0,0
BRDA:888,43,1,2
BRDA:889,44,0,2
BRDA:889,44,1,2
BRDA:889,44,2,2
BRDA:889,44,3,0
BRDA:894,45,0,0
BRDA:894,45,1,2
BRDA:895,46,0,2
BRDA:895,46,1,2
BRDA:895,46,2,2
BRDA:895,46,3,0
BRDA:900,47,0,2
BRDA:900,47,1,0
BRDA:900,48,0,2
BRDA:900,48,1,0
BRDA:924,49,0,0
BRDA:925,50,0,0
BRDA:950,51,0,0
BRDA:978,52,0,0
BRDA:979,53,0,37
BRDA:985,54,0,3
BRDA:985,54,1,2
BRDA:987,55,0,10
BRDA:987,55,1,4
BRDA:990,56,0,3
BRDA:990,56,1,7
BRDA:1018,57,0,1
BRDA:1018,57,1,141
BRDA:1019,58,0,15
BRDA:1019,58,1,127
BRDA:1043,59,0,1
BRDA:1043,59,1,24
BRDA:1047,60,0,21
BRDA:1047,60,1,3
BRDA:1047,61,0,24
BRDA:1047,61,1,22
BRDA:1051,62,0,127
BRDA:1051,62,1,18
BRDA:1072,63,0,63
BRDA:1072,63,1,6
BRF:130
BRH:104
end_of_record
TN:
SF:src/utils/render.ts
FN:44,(anonymous_0)
FNF:1
FNH:1
FNDA:1309,(anonymous_0)
DA:12,52
DA:14,52
DA:44,52
DA:48,1309
DA:50,1309
DA:51,1308
DA:52,1022
DA:54,1308
DA:56,1
LF:9
LH:9
BRDA:46,0,0,1023
BRDA:48,1,0,1308
BRDA:48,1,1,1
BRDA:50,2,0,1308
BRDA:50,2,1,1
BRDA:51,3,0,1022
BRDA:51,3,1,286
BRF:7
BRH:7
end_of_record
