TN:
SF:src/index.ts
FNF:0
FNH:0
DA:27,1
DA:28,1
DA:29,1
DA:30,1
DA:31,1
DA:32,1
LF:6
LH:6
BRF:0
BRH:0
end_of_record
TN:
SF:src/test-helpers.ts
FN:5,createKnot
FN:18,createObjekt
FN:23,cleanupDOM
FN:28,(anonymous_3)
FN:45,(anonymous_4)
FN:51,(anonymous_5)
FN:55,(anonymous_6)
FN:59,(anonymous_7)
FN:64,(anonymous_8)
FN:78,createMockCanvasContext
FN:82,(anonymous_10)
FN:103,(anonymous_11)
FN:118,installCanvasMock
FN:123,(anonymous_13)
FN:128,uninstallCanvasMock
FN:140,installXhrMock
FN:142,(anonymous_16)
FN:150,uninstallXhrMock
FN:159,getLastXhr
FNF:19
FNH:18
FNDA:3,createKnot
FNDA:0,createObjekt
FNDA:58,cleanupDOM
FNDA:74,(anonymous_3)
FNDA:59,(anonymous_4)
FNDA:182,(anonymous_5)
FNDA:59,(anonymous_6)
FNDA:45,(anonymous_7)
FNDA:23,(anonymous_8)
FNDA:136,createMockCanvasContext
FNDA:1,(anonymous_10)
FNDA:9,(anonymous_11)
FNDA:136,installCanvasMock
FNDA:65,(anonymous_13)
FNDA:136,uninstallCanvasMock
FNDA:79,installXhrMock
FNDA:74,(anonymous_16)
FNDA:79,uninstallXhrMock
FNDA:57,getLastXhr
DA:1,7
DA:2,7
DA:5,7
DA:9,3
DA:10,3
DA:11,4
DA:13,3
DA:14,3
DA:18,7
DA:19,0
DA:23,7
DA:24,58
DA:28,7
DA:29,74
DA:30,74
DA:31,74
DA:32,74
DA:33,74
DA:34,74
DA:35,74
DA:36,74
DA:37,74
DA:38,74
DA:39,74
DA:40,74
DA:43,74
DA:46,59
DA:47,59
DA:48,59
DA:52,182
DA:56,59
DA:60,45
DA:65,23
DA:66,23
DA:67,23
DA:68,23
DA:69,23
DA:70,23
DA:78,7
DA:79,136
DA:82,1
DA:103,9
DA:109,136
DA:118,7
DA:119,136
DA:120,136
DA:121,136
DA:122,136
DA:123,65
DA:125,136
DA:128,7
DA:129,136
DA:130,136
DA:131,136
DA:133,136
DA:140,7
DA:141,79
DA:142,79
DA:143,74
DA:144,74
DA:145,74
DA:150,7
DA:151,79
DA:152,79
DA:153,79
DA:155,79
DA:159,7
DA:160,57
DA:161,0
DA:165,57
LF:70
LH:68
BRDA:7,0,0,1
BRDA:18,1,0,0
BRDA:45,2,0,0
BRDA:56,3,0,59
BRDA:56,3,1,0
BRDA:56,4,0,59
BRDA:56,4,1,59
BRDA:60,5,0,25
BRDA:60,5,1,20
BRDA:60,6,0,45
BRDA:60,6,1,45
BRDA:70,7,0,0
BRDA:70,7,1,23
BRDA:70,8,0,23
BRDA:70,8,1,23
BRDA:129,9,0,136
BRDA:129,9,1,0
BRDA:151,10,0,79
BRDA:151,10,1,0
BRDA:160,11,0,0
BRDA:160,11,1,57
BRF:21
BRH:14
end_of_record
TN:
SF:src/common/config.ts
FN:14,(anonymous_0)
FNF:1
FNH:1
FNDA:111,(anonymous_0)
DA:6,109
DA:14,109
DA:15,111
DA:23,109
LF:4
LH:4
BRF:0
BRH:0
end_of_record
TN:
SF:src/common/controller.ts
FN:26,(anonymous_0)
FN:33,(anonymous_1)
FNF:2
FNH:2
FNDA:1,(anonymous_0)
FNDA:1,(anonymous_1)
DA:22,2
LF:1
LH:1
BRF:0
BRH:0
end_of_record
TN:
SF:src/common/index.ts
FNF:0
FNH:0
DA:8,1
DA:9,1
DA:10,1
LF:3
LH:3
BRF:0
BRH:0
end_of_record
TN:
SF:src/common/service.ts
FN:23,(anonymous_0)
FNF:1
FNH:1
FNDA:1,(anonymous_0)
DA:19,2
LF:1
LH:1
BRF:0
BRH:0
end_of_record
TN:
SF:src/component/application.ts
FN:65,(anonymous_0)
FN:74,(anonymous_1)
FN:90,(anonymous_2)
FN:136,(anonymous_3)
FN:150,(anonymous_4)
FN:166,(anonymous_5)
FN:179,(anonymous_6)
FN:187,(anonymous_7)
FN:196,(anonymous_8)
FN:204,(anonymous_9)
FN:207,(anonymous_10)
FN:213,(anonymous_11)
FN:223,(anonymous_12)
FN:227,(anonymous_13)
FN:232,(anonymous_14)
FN:236,(anonymous_15)
FN:242,(anonymous_16)
FN:248,(anonymous_17)
FN:252,(anonymous_18)
FN:260,(anonymous_19)
FN:269,(anonymous_20)
FN:276,(anonymous_21)
FN:283,(anonymous_22)
FN:290,(anonymous_23)
FN:297,(anonymous_24)
FN:302,(anonymous_25)
FN:306,(anonymous_26)
FN:317,(anonymous_27)
FN:321,(anonymous_28)
FN:331,(anonymous_29)
FN:340,(anonymous_30)
FN:347,(anonymous_31)
FN:357,(anonymous_32)
FN:371,(anonymous_33)
FN:378,(anonymous_34)
FN:381,(anonymous_35)
FN:390,(anonymous_36)
FN:398,(anonymous_37)
FN:411,(anonymous_38)
FN:424,(anonymous_39)
FN:428,(anonymous_40)
FN:441,(anonymous_41)
FN:447,(anonymous_42)
FN:452,(anonymous_43)
FN:465,(anonymous_44)
FN:472,(anonymous_45)
FN:479,(anonymous_46)
FN:481,(anonymous_47)
FN:485,(anonymous_48)
FN:494,(anonymous_49)
FN:498,(anonymous_50)
FN:508,(anonymous_51)
FN:515,(anonymous_52)
FN:522,(anonymous_53)
FN:529,(anonymous_54)
FN:536,(anonymous_55)
FN:543,(anonymous_56)
FN:550,(anonymous_57)
FN:557,(anonymous_58)
FN:564,(anonymous_59)
FN:571,(anonymous_60)
FN:578,(anonymous_61)
FN:580,(anonymous_62)
FN:588,(anonymous_63)
FN:601,(anonymous_64)
FN:615,(anonymous_65)
FN:627,(anonymous_66)
FN:643,(anonymous_67)
FN:670,(anonymous_68)
FN:689,(anonymous_69)
FNF:70
FNH:44
FNDA:1,(anonymous_0)
FNDA:1,(anonymous_1)
FNDA:1,(anonymous_2)
FNDA:0,(anonymous_3)
FNDA:2,(anonymous_4)
FNDA:1,(anonymous_5)
FNDA:0,(anonymous_6)
FNDA:1,(anonymous_7)
FNDA:1,(anonymous_8)
FNDA:1,(anonymous_9)
FNDA:1,(anonymous_10)
FNDA:1,(anonymous_11)
FNDA:0,(anonymous_12)
FNDA:1,(anonymous_13)
FNDA:0,(anonymous_14)
FNDA:1,(anonymous_15)
FNDA:0,(anonymous_16)
FNDA:0,(anonymous_17)
FNDA:1,(anonymous_18)
FNDA:1,(anonymous_19)
FNDA:1,(anonymous_20)
FNDA:1,(anonymous_21)
FNDA:1,(anonymous_22)
FNDA:1,(anonymous_23)
FNDA:1,(anonymous_24)
FNDA:0,(anonymous_25)
FNDA:0,(anonymous_26)
FNDA:0,(anonymous_27)
FNDA:0,(anonymous_28)
FNDA:1,(anonymous_29)
FNDA:1,(anonymous_30)
FNDA:1,(anonymous_31)
FNDA:1,(anonymous_32)
FNDA:1,(anonymous_33)
FNDA:1,(anonymous_34)
FNDA:0,(anonymous_35)
FNDA:1,(anonymous_36)
FNDA:0,(anonymous_37)
FNDA:0,(anonymous_38)
FNDA:0,(anonymous_39)
FNDA:0,(anonymous_40)
FNDA:0,(anonymous_41)
FNDA:0,(anonymous_42)
FNDA:0,(anonymous_43)
FNDA:1,(anonymous_44)
FNDA:1,(anonymous_45)
FNDA:1,(anonymous_46)
FNDA:0,(anonymous_47)
FNDA:0,(anonymous_48)
FNDA:1,(anonymous_49)
FNDA:0,(anonymous_50)
FNDA:1,(anonymous_51)
FNDA:1,(anonymous_52)
FNDA:1,(anonymous_53)
FNDA:1,(anonymous_54)
FNDA:1,(anonymous_55)
FNDA:1,(anonymous_56)
FNDA:1,(anonymous_57)
FNDA:1,(anonymous_58)
FNDA:1,(anonymous_59)
FNDA:1,(anonymous_60)
FNDA:1,(anonymous_61)
FNDA:1,(anonymous_62)
FNDA:1,(anonymous_63)
FNDA:0,(anonymous_64)
FNDA:0,(anonymous_65)
FNDA:0,(anonymous_66)
FNDA:1,(anonymous_67)
FNDA:0,(anonymous_68)
FNDA:0,(anonymous_69)
DA:1,21
DA:2,21
DA:3,21
DA:4,21
DA:5,21
DA:6,21
DA:7,21
DA:8,21
DA:9,21
DA:10,21
DA:11,21
DA:12,21
DA:13,21
DA:14,21
DA:15,21
DA:16,21
DA:17,21
DA:18,21
DA:19,21
DA:20,21
DA:21,21
DA:22,21
DA:23,21
DA:24,21
DA:25,21
DA:26,21
DA:27,21
DA:28,21
DA:29,21
DA:32,21
DA:51,21
DA:53,1
DA:54,1
DA:66,1
DA:67,1
DA:75,1
DA:83,1
DA:91,1
DA:93,1
DA:94,1
DA:95,1
DA:96,1
DA:97,1
DA:98,1
DA:99,1
DA:100,1
DA:101,1
DA:102,1
DA:103,1
DA:104,1
DA:105,1
DA:106,1
DA:107,1
DA:108,1
DA:109,1
DA:110,1
DA:111,1
DA:112,1
DA:113,1
DA:114,1
DA:115,1
DA:116,1
DA:117,1
DA:118,1
DA:119,1
DA:120,1
DA:121,1
DA:122,1
DA:123,1
DA:125,1
DA:137,0
DA:138,0
DA:151,2
DA:152,2
DA:153,1
DA:155,2
DA:167,1
DA:168,1
DA:180,0
DA:181,0
DA:188,1
DA:189,1
DA:190,1
DA:197,1
DA:198,1
DA:205,1
DA:207,1
DA:208,1
DA:209,1
DA:210,1
DA:213,1
DA:214,1
DA:215,1
DA:216,1
DA:217,1
DA:218,1
DA:223,1
DA:224,0
DA:227,1
DA:228,1
DA:229,1
DA:232,1
DA:233,0
DA:236,1
DA:237,1
DA:238,1
DA:239,1
DA:242,1
DA:243,0
DA:244,0
DA:245,0
DA:248,1
DA:249,0
DA:252,1
DA:253,1
DA:261,1
DA:263,1
DA:270,1
DA:277,1
DA:284,1
DA:291,1
DA:298,1
DA:300,1
DA:303,0
DA:307,0
DA:310,0
DA:317,1
DA:318,0
DA:322,0
DA:332,1
DA:341,1
DA:348,1
DA:358,1
DA:362,1
DA:372,1
DA:379,1
DA:380,1
DA:381,1
DA:382,0
DA:383,0
DA:391,1
DA:392,1
DA:393,1
DA:394,1
DA:395,1
DA:396,1
DA:398,1
DA:399,0
DA:400,0
DA:401,0
DA:402,0
DA:409,1
DA:412,0
DA:413,0
DA:414,0
DA:415,0
DA:424,1
DA:425,0
DA:428,1
DA:429,0
DA:436,1
DA:441,1
DA:442,0
DA:443,0
DA:447,1
DA:448,0
DA:454,0
DA:466,1
DA:473,1
DA:480,1
DA:481,1
DA:482,0
DA:483,0
DA:485,1
DA:486,0
DA:487,0
DA:495,1
DA:498,1
DA:499,0
DA:500,0
DA:501,0
DA:509,1
DA:516,1
DA:523,1
DA:530,1
DA:537,1
DA:544,1
DA:551,1
DA:558,1
DA:565,1
DA:572,1
DA:579,1
DA:580,1
DA:581,1
DA:589,1
DA:602,0
DA:603,0
DA:616,0
DA:628,0
DA:644,1
DA:645,0
DA:650,1
DA:655,1
DA:656,1
DA:675,0
DA:694,0
LF:206
LH:161
BRDA:152,0,0,1
BRDA:152,0,1,1
BRDA:442,1,0,0
BRDA:442,1,1,0
BRDA:616,2,0,0
BRDA:616,2,1,0
BRDA:616,3,0,0
BRDA:616,3,1,0
BRDA:644,4,0,0
BRDA:644,4,1,1
BRF:10
BRH:3
end_of_record
TN:
SF:src/component/calendar.ts
FN:57,(anonymous_0)
FN:68,(anonymous_1)
FN:75,(anonymous_2)
FN:95,(anonymous_3)
FN:110,(anonymous_4)
FN:132,(anonymous_5)
FN:157,(anonymous_6)
FN:167,(anonymous_7)
FN:177,(anonymous_8)
FN:195,(anonymous_9)
FN:221,(anonymous_10)
FN:234,(anonymous_11)
FN:243,(anonymous_12)
FN:252,(anonymous_13)
FN:265,(anonymous_14)
FN:267,(anonymous_15)
FN:268,(anonymous_16)
FN:269,(anonymous_17)
FN:281,(anonymous_18)
FN:283,(anonymous_19)
FN:284,(anonymous_20)
FN:285,(anonymous_21)
FN:295,(anonymous_22)
FN:307,(anonymous_23)
FN:332,(anonymous_24)
FN:343,(anonymous_25)
FN:352,(anonymous_26)
FN:360,(anonymous_27)
FN:369,(anonymous_28)
FN:378,(anonymous_29)
FN:395,(anonymous_30)
FN:415,(anonymous_31)
FN:432,(anonymous_32)
FN:444,(anonymous_33)
FN:460,(anonymous_34)
FN:475,(anonymous_35)
FN:491,(anonymous_36)
FN:494,(anonymous_37)
FN:498,(anonymous_38)
FN:501,(anonymous_39)
FN:513,(anonymous_40)
FN:528,(anonymous_41)
FNF:42
FNH:42
FNDA:96,(anonymous_0)
FNDA:96,(anonymous_1)
FNDA:96,(anonymous_2)
FNDA:96,(anonymous_3)
FNDA:96,(anonymous_4)
FNDA:8,(anonymous_5)
FNDA:96,(anonymous_6)
FNDA:9,(anonymous_7)
FNDA:9,(anonymous_8)
FNDA:225,(anonymous_9)
FNDA:105,(anonymous_10)
FNDA:11,(anonymous_11)
FNDA:12,(anonymous_12)
FNDA:82,(anonymous_13)
FNDA:4,(anonymous_14)
FNDA:1,(anonymous_15)
FNDA:1,(anonymous_16)
FNDA:2,(anonymous_17)
FNDA:3,(anonymous_18)
FNDA:1,(anonymous_19)
FNDA:1,(anonymous_20)
FNDA:1,(anonymous_21)
FNDA:108,(anonymous_22)
FNDA:108,(anonymous_23)
FNDA:108,(anonymous_24)
FNDA:79,(anonymous_25)
FNDA:14,(anonymous_26)
FNDA:15,(anonymous_27)
FNDA:108,(anonymous_28)
FNDA:14,(anonymous_29)
FNDA:15,(anonymous_30)
FNDA:79,(anonymous_31)
FNDA:79,(anonymous_32)
FNDA:108,(anonymous_33)
FNDA:108,(anonymous_34)
FNDA:108,(anonymous_35)
FNDA:5,(anonymous_36)
FNDA:2,(anonymous_37)
FNDA:1,(anonymous_38)
FNDA:2,(anonymous_39)
FNDA:5,(anonymous_40)
FNDA:101,(anonymous_41)
DA:1,25
DA:2,25
DA:3,25
DA:4,25
DA:5,25
DA:6,25
DA:7,25
DA:22,25
DA:58,96
DA:59,96
DA:60,96
DA:61,96
DA:69,96
DA:76,96
DA:77,96
DA:78,96
DA:80,96
DA:81,96
DA:89,96
DA:96,96
DA:97,96
DA:98,96
DA:102,96
DA:103,96
DA:104,96
DA:111,96
DA:112,96
DA:113,96
DA:115,96
DA:116,96
DA:117,96
DA:123,96
DA:124,96
DA:125,96
DA:126,96
DA:127,96
DA:128,96
DA:130,96
DA:131,96
DA:132,96
DA:133,8
DA:134,8
DA:136,96
DA:138,96
DA:139,96
DA:140,96
DA:146,96
DA:147,96
DA:148,96
DA:149,96
DA:150,96
DA:151,96
DA:158,96
DA:159,96
DA:160,96
DA:168,9
DA:169,9
DA:178,9
DA:179,9
DA:180,9
DA:182,9
DA:200,225
DA:201,225
DA:203,165
DA:204,165
DA:206,29
DA:207,29
DA:209,31
DA:210,31
DA:212,0
DA:214,225
DA:222,105
DA:223,105
DA:224,105
DA:235,11
DA:236,11
DA:237,11
DA:244,12
DA:245,12
DA:246,12
DA:253,82
DA:254,82
DA:255,82
DA:257,82
DA:258,82
DA:259,82
DA:266,4
DA:267,1
DA:268,1
DA:270,2
DA:271,2
DA:274,4
DA:275,4
DA:282,3
DA:283,1
DA:284,1
DA:285,1
DA:287,3
DA:288,3
DA:296,108
DA:298,108
DA:299,108
DA:300,108
DA:308,108
DA:310,108
DA:316,108
DA:320,108
DA:333,108
DA:344,79
DA:345,79
DA:346,79
DA:353,14
DA:354,14
DA:361,15
DA:362,15
DA:370,108
DA:371,108
DA:372,108
DA:379,14
DA:380,14
DA:381,168
DA:386,168
DA:387,168
DA:388,168
DA:396,15
DA:398,15
DA:400,15
DA:401,240
DA:406,240
DA:407,240
DA:408,240
DA:416,79
DA:418,79
DA:419,79
DA:420,553
DA:422,553
DA:423,553
DA:424,553
DA:425,553
DA:433,79
DA:434,79
DA:435,3318
DA:436,3318
DA:437,3318
DA:445,108
DA:446,108
DA:447,108
DA:448,618
DA:449,618
DA:452,618
DA:453,618
DA:461,108
DA:462,108
DA:463,3249
DA:464,3249
DA:467,3249
DA:468,3249
DA:476,108
DA:477,108
DA:478,669
DA:479,669
DA:482,669
DA:483,669
DA:492,5
DA:493,5
DA:495,2
DA:496,2
DA:499,1
DA:502,2
DA:505,5
DA:506,5
DA:514,5
DA:516,5
DA:517,5
DA:518,1
DA:520,5
DA:521,5
DA:529,101
LF:178
LH:177
BRDA:179,0,0,9
BRDA:179,0,1,0
BRDA:183,1,0,8
BRDA:183,1,1,1
BRDA:183,2,0,9
BRDA:183,2,1,9
BRDA:201,3,0,165
BRDA:201,3,1,29
BRDA:201,3,2,31
BRDA:201,3,3,0
BRDA:214,4,0,225
BRDA:214,4,1,218
BRDA:271,5,0,0
BRDA:271,5,1,2
BRDA:371,6,0,93
BRDA:371,6,1,15
BRDA:517,7,0,1
BRDA:517,7,1,4
BRF:18
BRH:15
end_of_record
TN:
SF:src/component/canvas.ts
FN:30,(anonymous_0)
FN:40,(anonymous_1)
FN:56,(anonymous_2)
FN:57,(anonymous_3)
FN:73,(anonymous_4)
FN:85,(anonymous_5)
FN:97,(anonymous_6)
FN:109,(anonymous_7)
FN:122,(anonymous_8)
FN:143,(anonymous_9)
FN:168,(anonymous_10)
FN:194,(anonymous_11)
FN:208,(anonymous_12)
FN:235,(anonymous_13)
FN:257,(anonymous_14)
FN:267,(anonymous_15)
FNF:16
FNH:16
FNDA:80,(anonymous_0)
FNDA:80,(anonymous_1)
FNDA:80,(anonymous_2)
FNDA:1,(anonymous_3)
FNDA:4,(anonymous_4)
FNDA:3,(anonymous_5)
FNDA:4,(anonymous_6)
FNDA:3,(anonymous_7)
FNDA:3,(anonymous_8)
FNDA:5,(anonymous_9)
FNDA:3,(anonymous_10)
FNDA:214,(anonymous_11)
FNDA:213,(anonymous_12)
FNDA:2,(anonymous_13)
FNDA:1,(anonymous_14)
FNDA:1,(anonymous_15)
DA:1,24
DA:2,24
DA:3,24
DA:4,24
DA:21,24
DA:31,80
DA:32,80
DA:33,80
DA:41,80
DA:42,80
DA:43,1
DA:46,79
DA:47,78
DA:49,80
DA:50,80
DA:57,80
DA:58,1
DA:59,1
DA:60,1
DA:61,1
DA:74,4
DA:86,3
DA:98,4
DA:110,3
DA:123,3
DA:124,3
DA:151,5
DA:152,1
DA:154,4
DA:155,4
DA:156,4
DA:157,4
DA:158,4
DA:159,4
DA:160,4
DA:161,13
DA:166,4
DA:168,4
DA:170,3
DA:172,4
DA:173,4
DA:174,4
DA:202,214
DA:203,214
DA:204,214
DA:205,214
DA:206,214
DA:208,214
DA:210,213
DA:213,214
DA:214,211
DA:217,214
DA:218,2
DA:220,214
DA:240,2
DA:241,2
DA:242,2
DA:243,2
DA:244,2
DA:258,1
DA:268,1
LF:61
LH:61
BRDA:42,0,0,1
BRDA:42,0,1,79
BRDA:46,1,0,78
BRDA:46,1,1,1
BRDA:151,2,0,1
BRDA:151,2,1,4
BRDA:213,3,0,211
BRDA:213,3,1,3
BRDA:217,4,0,2
BRDA:217,4,1,212
BRDA:240,5,0,2
BRDA:240,5,1,1
BRDA:241,6,0,2
BRDA:241,6,1,1
BRF:14
BRH:14
end_of_record
TN:
SF:src/component/cardCollection.ts
FN:49,(anonymous_0)
FN:66,(anonymous_1)
FN:85,(anonymous_2)
FN:96,(anonymous_3)
FN:104,(anonymous_4)
FN:114,(anonymous_5)
FN:137,(anonymous_6)
FN:151,(anonymous_7)
FN:155,(anonymous_8)
FN:164,(anonymous_9)
FN:197,(anonymous_10)
FN:215,(anonymous_11)
FN:229,(anonymous_12)
FN:246,(anonymous_13)
FN:256,(anonymous_14)
FN:270,(anonymous_15)
FN:272,(anonymous_16)
FN:283,(anonymous_17)
FNF:18
FNH:17
FNDA:15,(anonymous_0)
FNDA:15,(anonymous_1)
FNDA:15,(anonymous_2)
FNDA:0,(anonymous_3)
FNDA:15,(anonymous_4)
FNDA:15,(anonymous_5)
FNDA:15,(anonymous_6)
FNDA:6,(anonymous_7)
FNDA:6,(anonymous_8)
FNDA:1,(anonymous_9)
FNDA:5,(anonymous_10)
FNDA:6,(anonymous_11)
FNDA:6,(anonymous_12)
FNDA:1,(anonymous_13)
FNDA:5,(anonymous_14)
FNDA:5,(anonymous_15)
FNDA:6,(anonymous_16)
FNDA:2,(anonymous_17)
DA:1,21
DA:2,21
DA:3,21
DA:4,21
DA:5,21
DA:6,21
DA:7,21
DA:8,21
DA:9,21
DA:27,21
DA:55,15
DA:56,15
DA:57,15
DA:58,15
DA:59,15
DA:67,15
DA:79,15
DA:86,15
DA:87,15
DA:88,15
DA:89,15
DA:90,15
DA:91,15
DA:96,15
DA:97,0
DA:105,15
DA:115,15
DA:117,15
DA:118,15
DA:119,15
DA:121,15
DA:122,15
DA:123,15
DA:125,15
DA:126,15
DA:127,15
DA:129,15
DA:130,15
DA:131,15
DA:138,15
DA:142,15
DA:143,15
DA:152,6
DA:153,6
DA:154,6
DA:155,6
DA:156,6
DA:157,6
DA:158,1
DA:159,1
DA:160,1
DA:161,1
DA:163,1
DA:164,1
DA:165,1
DA:166,0
DA:168,1
DA:171,1
DA:172,1
DA:173,1
DA:174,1
DA:175,1
DA:177,0
DA:181,5
DA:187,6
DA:198,5
DA:199,1
DA:201,5
DA:208,5
DA:216,6
DA:217,6
DA:218,6
DA:230,6
DA:231,6
DA:232,1
DA:234,5
DA:235,5
DA:247,1
DA:248,1
DA:257,5
DA:258,5
DA:259,0
DA:264,5
DA:271,5
DA:272,5
DA:273,6
DA:284,2
LF:87
LH:83
BRDA:51,0,0,13
BRDA:52,1,0,13
BRDA:53,2,0,14
BRDA:66,3,0,0
BRDA:157,4,0,1
BRDA:157,4,1,5
BRDA:165,5,0,0
BRDA:165,5,1,1
BRDA:171,6,0,1
BRDA:171,6,1,0
BRDA:173,7,0,1
BRDA:173,7,1,0
BRDA:197,8,0,3
BRDA:198,9,0,1
BRDA:198,9,1,4
BRDA:231,10,0,1
BRDA:231,10,1,5
BRDA:258,11,0,0
BRDA:258,11,1,5
BRF:19
BRH:14
end_of_record
TN:
SF:src/component/carousel.ts
FN:21,(anonymous_0)
FN:35,(anonymous_1)
FN:43,(anonymous_2)
FNF:3
FNH:3
FNDA:1,(anonymous_0)
FNDA:1,(anonymous_1)
FNDA:1,(anonymous_2)
DA:2,21
DA:3,21
DA:11,21
DA:26,1
DA:27,1
DA:28,1
DA:36,1
DA:37,1
LF:8
LH:8
BRDA:23,0,0,1
BRDA:24,1,0,1
BRDA:35,2,0,0
BRF:3
BRH:2
end_of_record
TN:
SF:src/component/clock.ts
FN:41,(anonymous_0)
FN:52,(anonymous_1)
FN:59,(anonymous_2)
FN:75,(anonymous_3)
FN:96,(anonymous_4)
FN:109,(anonymous_5)
FN:123,(anonymous_6)
FN:136,(anonymous_7)
FN:148,(anonymous_8)
FN:151,(anonymous_9)
FN:160,(anonymous_10)
FN:163,(anonymous_11)
FN:173,(anonymous_12)
FN:182,(anonymous_13)
FN:192,(anonymous_14)
FN:202,(anonymous_15)
FN:214,(anonymous_16)
FN:227,(anonymous_17)
FN:240,(anonymous_18)
FN:254,(anonymous_19)
FN:271,(anonymous_20)
FN:281,(anonymous_21)
FN:296,(anonymous_22)
FN:306,(anonymous_23)
FN:310,(anonymous_24)
FN:313,(anonymous_25)
FN:323,(anonymous_26)
FN:328,(anonymous_27)
FN:340,(anonymous_28)
FN:344,(anonymous_29)
FN:358,(anonymous_30)
FNF:31
FNH:20
FNDA:61,(anonymous_0)
FNDA:61,(anonymous_1)
FNDA:61,(anonymous_2)
FNDA:60,(anonymous_3)
FNDA:61,(anonymous_4)
FNDA:61,(anonymous_5)
FNDA:61,(anonymous_6)
FNDA:0,(anonymous_7)
FNDA:61,(anonymous_8)
FNDA:0,(anonymous_9)
FNDA:61,(anonymous_10)
FNDA:0,(anonymous_11)
FNDA:0,(anonymous_12)
FNDA:61,(anonymous_13)
FNDA:61,(anonymous_14)
FNDA:60,(anonymous_15)
FNDA:61,(anonymous_16)
FNDA:61,(anonymous_17)
FNDA:61,(anonymous_18)
FNDA:61,(anonymous_19)
FNDA:61,(anonymous_20)
FNDA:0,(anonymous_21)
FNDA:0,(anonymous_22)
FNDA:60,(anonymous_23)
FNDA:60,(anonymous_24)
FNDA:0,(anonymous_25)
FNDA:0,(anonymous_26)
FNDA:0,(anonymous_27)
FNDA:60,(anonymous_28)
FNDA:0,(anonymous_29)
FNDA:0,(anonymous_30)
DA:1,25
DA:2,25
DA:3,25
DA:4,25
DA:5,25
DA:18,25
DA:42,61
DA:43,61
DA:44,61
DA:45,61
DA:53,61
DA:60,61
DA:61,61
DA:66,61
DA:79,60
DA:80,60
DA:82,60
DA:83,60
DA:85,0
DA:86,0
DA:88,0
DA:90,60
DA:97,61
DA:98,61
DA:99,61
DA:103,61
DA:110,61
DA:111,61
DA:112,61
DA:114,61
DA:115,61
DA:116,61
DA:117,61
DA:124,61
DA:125,61
DA:126,61
DA:130,61
DA:137,0
DA:138,0
DA:140,0
DA:142,0
DA:149,61
DA:150,61
DA:151,61
DA:152,0
DA:154,61
DA:161,61
DA:162,61
DA:163,61
DA:164,0
DA:166,61
DA:174,0
DA:175,0
DA:176,0
DA:183,61
DA:184,61
DA:185,61
DA:186,61
DA:193,61
DA:194,61
DA:195,61
DA:203,60
DA:204,60
DA:205,60
DA:206,60
DA:207,60
DA:215,61
DA:216,61
DA:217,61
DA:218,61
DA:219,61
DA:220,61
DA:228,61
DA:229,61
DA:230,61
DA:231,61
DA:232,61
DA:233,61
DA:241,61
DA:242,61
DA:243,61
DA:244,61
DA:245,61
DA:255,61
DA:257,61
DA:258,61
DA:260,61
DA:261,61
DA:263,61
DA:264,61
DA:272,61
DA:273,61
DA:282,0
DA:283,0
DA:284,0
DA:286,0
DA:287,0
DA:297,0
DA:298,0
DA:307,60
DA:309,60
DA:311,60
DA:314,0
DA:324,0
DA:328,0
DA:329,0
DA:330,0
DA:331,0
DA:333,0
DA:341,60
DA:344,60
DA:345,0
DA:346,0
DA:347,0
DA:348,0
DA:349,0
DA:351,60
DA:359,0
DA:360,0
DA:361,0
LF:120
LH:86
BRDA:80,0,0,60
BRDA:80,0,1,0
BRDA:80,0,2,0
BRDA:90,1,0,60
BRDA:90,1,1,60
BRDA:137,2,0,0
BRDA:137,2,1,0
BRDA:216,3,0,60
BRDA:216,3,1,1
BRDA:219,4,0,5
BRDA:219,4,1,56
BRDA:229,5,0,0
BRDA:229,5,1,61
BRDA:232,6,0,0
BRDA:232,6,1,61
BRDA:257,7,0,61
BRDA:257,7,1,54
BRDA:263,8,0,59
BRDA:263,8,1,2
BRDA:283,9,0,0
BRDA:283,9,1,0
BRDA:287,10,0,0
BRDA:287,10,1,0
BRDA:346,11,0,0
BRDA:346,11,1,0
BRDA:347,12,0,0
BRDA:347,12,1,0
BRF:27
BRH:13
end_of_record
TN:
SF:src/component/contentHandler.ts
FN:28,(anonymous_0)
FN:38,(anonymous_1)
FN:49,(anonymous_2)
FN:74,(anonymous_3)
FN:85,(anonymous_4)
FNF:5
FNH:5
FNDA:65,(anonymous_0)
FNDA:65,(anonymous_1)
FNDA:65,(anonymous_2)
FNDA:67,(anonymous_3)
FNDA:28,(anonymous_4)
DA:1,23
DA:2,23
DA:18,23
DA:29,65
DA:30,65
DA:31,65
DA:39,65
DA:43,65
DA:50,65
DA:51,65
DA:52,65
DA:54,65
DA:55,0
DA:56,0
DA:57,0
DA:59,65
DA:60,0
DA:61,0
DA:62,0
DA:65,65
DA:75,67
DA:76,67
DA:86,28
DA:87,28
LF:24
LH:18
BRDA:28,0,0,1
BRDA:38,1,0,0
BRDA:54,2,0,0
BRDA:54,2,1,65
BRDA:59,3,0,0
BRDA:59,3,1,65
BRF:6
BRH:3
end_of_record
TN:
SF:src/component/dateTime.ts
FN:48,(anonymous_0)
FN:59,(anonymous_1)
FN:66,(anonymous_2)
FN:75,(anonymous_3)
FN:119,(anonymous_4)
FN:128,(anonymous_5)
FN:136,(anonymous_6)
FN:147,(anonymous_7)
FN:162,(anonymous_8)
FN:170,(anonymous_9)
FN:181,(anonymous_10)
FN:193,(anonymous_11)
FN:202,(anonymous_12)
FN:210,(anonymous_13)
FN:216,(anonymous_14)
FN:238,(anonymous_15)
FN:244,(anonymous_16)
FN:262,(anonymous_17)
FNF:18
FNH:15
FNDA:59,(anonymous_0)
FNDA:59,(anonymous_1)
FNDA:59,(anonymous_2)
FNDA:59,(anonymous_3)
FNDA:66,(anonymous_4)
FNDA:66,(anonymous_5)
FNDA:66,(anonymous_6)
FNDA:66,(anonymous_7)
FNDA:62,(anonymous_8)
FNDA:66,(anonymous_9)
FNDA:7,(anonymous_10)
FNDA:55,(anonymous_11)
FNDA:60,(anonymous_12)
FNDA:60,(anonymous_13)
FNDA:0,(anonymous_14)
FNDA:60,(anonymous_15)
FNDA:0,(anonymous_16)
FNDA:0,(anonymous_17)
DA:1,24
DA:2,24
DA:3,24
DA:4,24
DA:5,24
DA:6,24
DA:30,24
DA:49,59
DA:50,59
DA:51,59
DA:52,59
DA:60,59
DA:67,59
DA:68,59
DA:69,59
DA:76,59
DA:113,59
DA:120,66
DA:121,66
DA:122,66
DA:129,66
DA:130,66
DA:137,66
DA:138,66
DA:139,66
DA:140,66
DA:148,66
DA:149,66
DA:150,66
DA:151,66
DA:163,62
DA:171,66
DA:172,66
DA:182,7
DA:183,7
DA:184,7
DA:194,55
DA:203,60
DA:204,60
DA:211,60
DA:212,60
DA:216,60
DA:217,0
DA:221,0
DA:225,0
DA:229,0
DA:231,60
DA:239,60
DA:240,60
DA:244,60
DA:245,0
DA:249,0
DA:253,0
DA:255,60
DA:263,0
DA:264,0
LF:56
LH:47
BRDA:137,0,0,66
BRDA:137,0,1,0
BRDA:148,1,0,66
BRDA:148,1,1,0
BRDA:171,2,0,66
BRDA:171,2,1,4
BRDA:211,3,0,60
BRDA:211,3,1,0
BRDA:239,4,0,60
BRDA:239,4,1,0
BRF:10
BRH:6
end_of_record
TN:
SF:src/component/day.ts
FN:30,(anonymous_0)
FN:42,(anonymous_1)
FN:49,(anonymous_2)
FN:70,(anonymous_3)
FN:75,(anonymous_4)
FNF:5
FNH:5
FNDA:4537,(anonymous_0)
FNDA:4537,(anonymous_1)
FNDA:4537,(anonymous_2)
FNDA:3318,(anonymous_3)
FNDA:2,(anonymous_4)
DA:1,26
DA:2,26
DA:3,26
DA:4,26
DA:16,26
DA:31,4537
DA:32,4537
DA:33,4537
DA:34,4537
DA:35,4537
DA:43,4537
DA:51,4537
DA:56,4537
DA:60,4537
DA:71,3318
DA:72,3318
DA:73,3318
DA:74,3318
DA:75,3318
DA:76,2
DA:79,3318
LF:21
LH:21
BRDA:51,0,0,101
BRDA:51,0,1,4436
BRDA:56,1,0,4
BRDA:56,1,1,4533
BRF:4
BRH:4
end_of_record
TN:
SF:src/component/dropdown.ts
FN:34,(anonymous_0)
FN:44,(anonymous_1)
FN:54,(anonymous_2)
FN:65,(anonymous_3)
FN:83,(anonymous_4)
FN:102,(anonymous_5)
FN:112,(anonymous_6)
FN:113,(anonymous_7)
FN:119,(anonymous_8)
FN:131,(anonymous_9)
FN:132,(anonymous_10)
FN:142,(anonymous_11)
FNF:12
FNH:11
FNDA:10,(anonymous_0)
FNDA:10,(anonymous_1)
FNDA:10,(anonymous_2)
FNDA:10,(anonymous_3)
FNDA:10,(anonymous_4)
FNDA:5,(anonymous_5)
FNDA:5,(anonymous_6)
FNDA:2,(anonymous_7)
FNDA:3,(anonymous_8)
FNDA:5,(anonymous_9)
FNDA:11,(anonymous_10)
FNDA:0,(anonymous_11)
DA:1,23
DA:2,23
DA:3,23
DA:4,23
DA:5,23
DA:20,23
DA:35,10
DA:36,10
DA:37,10
DA:45,10
DA:48,10
DA:55,10
DA:56,10
DA:57,10
DA:58,10
DA:59,10
DA:66,10
DA:67,10
DA:68,10
DA:69,10
DA:70,10
DA:72,10
DA:73,10
DA:74,10
DA:75,10
DA:77,10
DA:84,10
DA:85,10
DA:86,10
DA:87,10
DA:89,10
DA:103,5
DA:104,5
DA:105,5
DA:106,5
DA:113,5
DA:114,2
DA:115,2
DA:116,2
DA:119,5
DA:120,3
DA:121,3
DA:122,3
DA:123,3
DA:132,5
DA:133,11
DA:134,11
DA:135,11
DA:136,11
DA:137,11
DA:138,11
DA:139,11
DA:140,0
DA:142,11
DA:143,0
DA:144,0
DA:146,11
LF:57
LH:54
BRDA:34,0,0,10
BRDA:44,1,0,0
BRDA:121,2,0,3
BRDA:121,2,1,0
BRDA:134,3,0,11
BRDA:134,3,1,0
BRDA:138,4,0,11
BRDA:138,4,1,0
BRDA:139,5,0,0
BRDA:139,5,1,11
BRF:10
BRH:5
end_of_record
TN:
SF:src/component/form.ts
FN:40,(anonymous_0)
FN:61,(anonymous_1)
FN:85,(anonymous_2)
FN:86,(anonymous_3)
FN:103,(anonymous_4)
FN:104,(anonymous_5)
FN:115,(anonymous_6)
FN:116,(anonymous_7)
FN:125,(anonymous_8)
FN:135,(anonymous_9)
FN:144,(anonymous_10)
FN:147,(anonymous_11)
FN:150,(anonymous_12)
FN:176,(anonymous_13)
FN:183,(anonymous_14)
FN:202,(anonymous_15)
FN:215,(anonymous_16)
FN:219,(anonymous_17)
FN:233,(anonymous_18)
FN:247,(anonymous_19)
FN:257,(anonymous_20)
FN:267,(anonymous_21)
FN:289,(anonymous_22)
FN:291,(anonymous_23)
FN:310,(anonymous_24)
FN:314,(anonymous_25)
FN:330,(anonymous_26)
FN:344,(anonymous_27)
FN:355,(anonymous_28)
FN:356,(anonymous_29)
FN:379,(anonymous_30)
FN:380,(anonymous_31)
FN:393,(anonymous_32)
FN:394,(anonymous_33)
FN:397,(anonymous_34)
FN:408,(anonymous_35)
FN:409,(anonymous_36)
FN:418,(anonymous_37)
FNF:38
FNH:35
FNDA:57,(anonymous_0)
FNDA:57,(anonymous_1)
FNDA:57,(anonymous_2)
FNDA:32,(anonymous_3)
FNDA:57,(anonymous_4)
FNDA:57,(anonymous_5)
FNDA:57,(anonymous_6)
FNDA:61,(anonymous_7)
FNDA:59,(anonymous_8)
FNDA:1094,(anonymous_9)
FNDA:230,(anonymous_10)
FNDA:0,(anonymous_11)
FNDA:0,(anonymous_12)
FNDA:8,(anonymous_13)
FNDA:138,(anonymous_14)
FNDA:10,(anonymous_15)
FNDA:4,(anonymous_16)
FNDA:69,(anonymous_17)
FNDA:1042,(anonymous_18)
FNDA:1272,(anonymous_19)
FNDA:0,(anonymous_20)
FNDA:230,(anonymous_21)
FNDA:2,(anonymous_22)
FNDA:46,(anonymous_23)
FNDA:295,(anonymous_24)
FNDA:6956,(anonymous_25)
FNDA:5,(anonymous_26)
FNDA:2,(anonymous_27)
FNDA:2,(anonymous_28)
FNDA:23,(anonymous_29)
FNDA:29,(anonymous_30)
FNDA:227,(anonymous_31)
FNDA:4,(anonymous_32)
FNDA:69,(anonymous_33)
FNDA:69,(anonymous_34)
FNDA:3,(anonymous_35)
FNDA:46,(anonymous_36)
FNDA:1,(anonymous_37)
DA:1,23
DA:2,23
DA:3,23
DA:4,23
DA:5,23
DA:26,23
DA:41,57
DA:45,57
DA:46,57
DA:53,57
DA:55,57
DA:62,57
DA:63,57
DA:64,57
DA:66,57
DA:72,57
DA:78,57
DA:79,57
DA:86,57
DA:87,32
DA:90,32
DA:91,32
DA:93,32
DA:96,57
DA:97,57
DA:104,57
DA:105,57
DA:106,57
DA:107,57
DA:116,57
DA:117,61
DA:118,61
DA:126,59
DA:131,59
DA:133,59
DA:134,59
DA:135,59
DA:136,1094
DA:137,1094
DA:138,35
DA:139,22
DA:140,22
DA:141,22
DA:144,1059
DA:145,230
DA:147,1059
DA:148,0
DA:150,1059
DA:151,0
DA:153,1059
DA:154,992
DA:155,992
DA:157,1059
DA:158,1059
DA:159,992
DA:163,59
DA:181,8
DA:182,8
DA:183,8
DA:184,138
DA:185,138
DA:186,138
DA:187,138
DA:188,138
DA:203,10
DA:219,4
DA:220,69
DA:221,69
DA:223,4
DA:224,4
DA:234,1042
DA:235,1042
DA:236,1042
DA:237,1042
DA:248,1272
DA:258,0
DA:259,0
DA:272,230
DA:273,230
DA:274,230
DA:275,50
DA:276,50
DA:278,230
DA:290,2
DA:291,2
DA:292,46
DA:293,46
DA:294,46
DA:314,295
DA:315,6956
DA:317,295
DA:331,5
DA:345,2
DA:356,2
DA:357,23
DA:358,23
DA:359,0
DA:360,0
DA:361,0
DA:363,23
DA:366,2
DA:380,29
DA:381,227
DA:394,4
DA:395,69
DA:397,4
DA:398,69
DA:409,3
DA:410,46
DA:419,1
DA:420,1
DA:421,1
LF:112
LH:105
BRDA:40,0,0,57
BRDA:90,1,0,32
BRDA:90,1,1,0
BRDA:90,2,0,32
BRDA:90,2,1,32
BRDA:106,3,0,57
BRDA:106,3,1,0
BRDA:137,4,0,35
BRDA:137,4,1,1059
BRDA:138,5,0,22
BRDA:138,5,1,13
BRDA:153,6,0,992
BRDA:153,6,1,67
BRDA:158,7,0,992
BRDA:158,7,1,67
BRDA:178,8,0,8
BRDA:179,9,0,8
BRDA:186,10,0,138
BRDA:186,10,1,0
BRDA:216,11,0,4
BRDA:217,12,0,4
BRDA:235,13,0,1042
BRDA:235,13,1,0
BRDA:274,14,0,50
BRDA:274,14,1,180
BRDA:311,15,0,3
BRDA:312,16,0,65
BRDA:358,17,0,0
BRDA:358,17,1,23
BRF:29
BRH:24
end_of_record
TN:
SF:src/component/formField.ts
FN:45,(anonymous_0)
FN:68,(anonymous_1)
FN:124,(anonymous_2)
FNF:3
FNH:3
FNDA:1072,(anonymous_0)
FNDA:1253,(anonymous_1)
FNDA:1072,(anonymous_2)
DA:1,23
DA:2,23
DA:3,23
DA:4,23
DA:5,23
DA:6,23
DA:7,23
DA:8,23
DA:9,23
DA:10,23
DA:11,23
DA:12,23
DA:13,23
DA:14,23
DA:15,23
DA:16,23
DA:17,23
DA:18,23
DA:19,23
DA:20,23
DA:21,23
DA:22,23
DA:45,23
DA:49,1072
DA:51,1072
DA:68,23
DA:75,1253
DA:76,1253
DA:77,1253
DA:79,1253
DA:81,1253
DA:83,1253
DA:87,0
DA:90,1253
DA:91,1253
DA:92,1037
DA:97,1037
DA:99,1037
DA:101,1037
DA:102,1037
DA:103,1037
DA:105,1037
DA:108,1253
DA:124,23
DA:131,1072
DA:133,1072
DA:134,1072
DA:135,1072
DA:136,1072
DA:137,45
DA:139,1072
DA:140,45
DA:141,1027
DA:142,982
DA:143,982
DA:145,45
DA:146,45
DA:148,81
DA:149,81
DA:151,45
DA:152,45
DA:160,45
DA:161,45
DA:162,0
DA:169,45
DA:170,0
DA:177,45
DA:178,45
DA:185,45
DA:188,45
DA:189,45
DA:191,135
DA:192,45
DA:193,90
DA:194,45
DA:201,45
DA:208,135
DA:210,90
DA:217,90
DA:219,45
DA:220,45
DA:222,45
DA:223,45
DA:225,45
DA:226,45
DA:228,45
DA:229,45
DA:231,45
DA:232,45
DA:234,45
DA:235,45
DA:237,136
DA:238,45
DA:245,91
DA:247,136
DA:249,90
DA:250,90
DA:253,1072
LF:98
LH:95
BRDA:83,0,0,0
BRDA:83,0,1,1253
BRDA:84,1,0,1253
BRDA:84,1,1,1208
BRDA:84,1,2,216
BRDA:91,2,0,1037
BRDA:91,2,1,216
BRDA:136,3,0,45
BRDA:136,3,1,1027
BRDA:139,4,0,45
BRDA:139,4,1,1027
BRDA:141,5,0,982
BRDA:141,5,1,45
BRDA:141,6,0,1027
BRDA:141,6,1,216
BRDA:143,7,0,45
BRDA:143,7,1,81
BRDA:143,7,2,45
BRDA:143,7,3,45
BRDA:143,7,4,45
BRDA:143,7,5,45
BRDA:143,7,6,45
BRDA:143,7,7,45
BRDA:143,7,8,45
BRDA:143,7,9,45
BRDA:143,7,10,45
BRDA:143,7,11,135
BRDA:143,7,12,90
BRDA:143,7,13,45
BRDA:143,7,14,45
BRDA:143,7,15,45
BRDA:143,7,16,45
BRDA:143,7,17,45
BRDA:143,7,18,45
BRDA:143,7,19,136
BRDA:143,7,20,90
BRDA:161,8,0,0
BRDA:161,8,1,45
BRDA:169,9,0,0
BRDA:169,9,1,45
BRDA:177,10,0,45
BRDA:177,10,1,0
BRDA:191,11,0,45
BRDA:191,11,1,90
BRDA:193,12,0,45
BRDA:193,12,1,45
BRDA:237,13,0,45
BRDA:237,13,1,91
BRF:48
BRH:44
end_of_record
TN:
SF:src/component/googleMap.ts
FN:42,(anonymous_0)
FN:64,(anonymous_1)
FN:117,(anonymous_2)
FN:132,(anonymous_3)
FN:163,(anonymous_4)
FN:175,(anonymous_5)
FN:191,(anonymous_6)
FN:205,(anonymous_7)
FN:218,(anonymous_8)
FN:231,(anonymous_9)
FN:233,(anonymous_10)
FN:239,(anonymous_11)
FN:247,(anonymous_12)
FN:254,(anonymous_13)
FN:256,(anonymous_14)
FN:278,(anonymous_15)
FN:309,(anonymous_16)
FN:357,(anonymous_17)
FN:365,(anonymous_18)
FN:387,(anonymous_19)
FN:389,(anonymous_20)
FN:406,(anonymous_21)
FN:418,(anonymous_22)
FN:436,(anonymous_23)
FN:437,(anonymous_24)
FN:452,(anonymous_25)
FN:459,(anonymous_26)
FN:476,(anonymous_27)
FN:488,(anonymous_28)
FN:506,(anonymous_29)
FN:516,(anonymous_30)
FN:522,(anonymous_31)
FN:525,(anonymous_32)
FN:528,(anonymous_33)
FN:538,(anonymous_34)
FN:550,(anonymous_35)
FN:576,(anonymous_36)
FN:592,(anonymous_37)
FN:597,(anonymous_38)
FN:619,(anonymous_39)
FN:632,(anonymous_40)
FN:638,(anonymous_41)
FN:655,(anonymous_42)
FN:675,(anonymous_43)
FN:692,(anonymous_44)
FN:699,(anonymous_45)
FN:717,(anonymous_46)
FN:733,(anonymous_47)
FN:751,(anonymous_48)
FN:768,(anonymous_49)
FN:804,(anonymous_50)
FN:814,(anonymous_51)
FN:825,(anonymous_52)
FN:839,(anonymous_53)
FN:868,(anonymous_54)
FN:915,(anonymous_55)
FN:961,(anonymous_56)
FN:988,(anonymous_57)
FN:995,(anonymous_58)
FN:1000,(anonymous_59)
FN:1005,(anonymous_60)
FN:1010,(anonymous_61)
FN:1017,(anonymous_62)
FN:1035,(anonymous_63)
FN:1053,(anonymous_64)
FN:1063,(anonymous_65)
FN:1085,(anonymous_66)
FN:1087,(anonymous_67)
FN:1104,(anonymous_68)
FN:1116,(anonymous_69)
FN:1134,(anonymous_70)
FN:1135,(anonymous_71)
FN:1153,(anonymous_72)
FN:1173,(anonymous_73)
FN:1197,(anonymous_74)
FN:1237,(anonymous_75)
FN:1247,(anonymous_76)
FN:1258,(anonymous_77)
FN:1286,(anonymous_78)
FN:1310,(anonymous_79)
FN:1324,(anonymous_80)
FN:1337,(anonymous_81)
FNF:82
FNH:62
FNDA:61,(anonymous_0)
FNDA:12,(anonymous_1)
FNDA:106,(anonymous_2)
FNDA:106,(anonymous_3)
FNDA:1,(anonymous_4)
FNDA:1,(anonymous_5)
FNDA:1,(anonymous_6)
FNDA:106,(anonymous_7)
FNDA:106,(anonymous_8)
FNDA:106,(anonymous_9)
FNDA:0,(anonymous_10)
FNDA:0,(anonymous_11)
FNDA:106,(anonymous_12)
FNDA:106,(anonymous_13)
FNDA:0,(anonymous_14)
FNDA:2,(anonymous_15)
FNDA:12,(anonymous_16)
FNDA:2,(anonymous_17)
FNDA:0,(anonymous_18)
FNDA:14,(anonymous_19)
FNDA:48,(anonymous_20)
FNDA:20,(anonymous_21)
FNDA:2,(anonymous_22)
FNDA:1,(anonymous_23)
FNDA:2,(anonymous_24)
FNDA:12,(anonymous_25)
FNDA:0,(anonymous_26)
FNDA:0,(anonymous_27)
FNDA:0,(anonymous_28)
FNDA:3,(anonymous_29)
FNDA:26,(anonymous_30)
FNDA:0,(anonymous_31)
FNDA:0,(anonymous_32)
FNDA:0,(anonymous_33)
FNDA:3,(anonymous_34)
FNDA:0,(anonymous_35)
FNDA:14,(anonymous_36)
FNDA:16,(anonymous_37)
FNDA:45,(anonymous_38)
FNDA:0,(anonymous_39)
FNDA:14,(anonymous_40)
FNDA:42,(anonymous_41)
FNDA:15,(anonymous_42)
FNDA:2,(anonymous_43)
FNDA:0,(anonymous_44)
FNDA:0,(anonymous_45)
FNDA:1,(anonymous_46)
FNDA:1,(anonymous_47)
FNDA:152,(anonymous_48)
FNDA:6,(anonymous_49)
FNDA:2,(anonymous_50)
FNDA:6,(anonymous_51)
FNDA:2,(anonymous_52)
FNDA:107,(anonymous_53)
FNDA:2,(anonymous_54)
FNDA:61,(anonymous_55)
FNDA:1,(anonymous_56)
FNDA:61,(anonymous_57)
FNDA:0,(anonymous_58)
FNDA:0,(anonymous_59)
FNDA:0,(anonymous_60)
FNDA:0,(anonymous_61)
FNDA:0,(anonymous_62)
FNDA:8,(anonymous_63)
FNDA:2,(anonymous_64)
FNDA:0,(anonymous_65)
FNDA:63,(anonymous_66)
FNDA:183,(anonymous_67)
FNDA:29,(anonymous_68)
FNDA:7,(anonymous_69)
FNDA:1,(anonymous_70)
FNDA:2,(anonymous_71)
FNDA:2,(anonymous_72)
FNDA:1,(anonymous_73)
FNDA:60,(anonymous_74)
FNDA:2,(anonymous_75)
FNDA:2,(anonymous_76)
FNDA:1,(anonymous_77)
FNDA:54,(anonymous_78)
FNDA:1,(anonymous_79)
FNDA:1,(anonymous_80)
FNDA:1,(anonymous_81)
DA:1,24
DA:2,24
DA:3,24
DA:4,24
DA:5,24
DA:6,24
DA:9,24
DA:42,24
DA:46,61
DA:51,61
DA:52,61
DA:54,61
DA:64,24
DA:69,12
DA:97,24
DA:122,106
DA:123,106
DA:124,106
DA:125,106
DA:133,106
DA:152,106
DA:164,1
DA:176,1
DA:196,1
DA:199,1
DA:206,106
DA:208,106
DA:209,106
DA:211,106
DA:212,106
DA:219,106
DA:224,106
DA:225,106
DA:233,106
DA:234,0
DA:235,0
DA:239,106
DA:240,0
DA:248,106
DA:255,106
DA:256,106
DA:259,106
DA:285,2
DA:286,2
DA:287,1
DA:289,1
DA:316,12
DA:317,12
DA:318,12
DA:320,12
DA:321,12
DA:323,12
DA:324,12
DA:325,12
DA:326,12
DA:328,12
DA:329,12
DA:334,12
DA:336,12
DA:338,12
DA:364,2
DA:365,2
DA:366,0
DA:369,2
DA:370,2
DA:371,2
DA:373,2
DA:374,2
DA:375,2
DA:376,2
DA:388,14
DA:389,14
DA:390,48
DA:391,12
DA:394,14
DA:407,20
DA:419,2
DA:420,2
DA:421,1
DA:422,1
DA:423,1
DA:424,1
DA:425,1
DA:426,1
DA:437,1
DA:438,2
DA:439,2
DA:440,2
DA:441,2
DA:442,2
DA:444,1
DA:456,12
DA:459,12
DA:460,0
DA:461,0
DA:462,0
DA:464,0
DA:465,0
DA:476,12
DA:477,0
DA:478,0
DA:488,12
DA:489,0
DA:490,0
DA:499,12
DA:507,3
DA:508,3
DA:520,26
DA:521,26
DA:522,26
DA:523,0
DA:525,26
DA:526,0
DA:528,26
DA:529,0
DA:539,3
DA:540,3
DA:541,3
DA:554,0
DA:555,0
DA:557,0
DA:558,0
DA:559,0
DA:567,0
DA:568,0
DA:580,14
DA:581,14
DA:582,14
DA:583,14
DA:584,14
DA:596,16
DA:597,16
DA:599,45
DA:603,45
DA:604,3
DA:609,45
DA:611,16
DA:623,0
DA:624,0
DA:636,14
DA:637,14
DA:638,14
DA:639,42
DA:642,14
DA:659,15
DA:660,15
DA:661,15
DA:676,2
DA:677,2
DA:678,1
DA:679,1
DA:680,1
DA:681,1
DA:682,1
DA:695,0
DA:696,0
DA:697,0
DA:698,0
DA:699,0
DA:700,0
DA:705,0
DA:718,1
DA:719,1
DA:720,1
DA:738,1
DA:739,1
DA:740,1
DA:752,152
DA:754,152
DA:757,152
DA:769,6
DA:783,6
DA:788,6
DA:808,2
DA:813,2
DA:814,2
DA:815,6
DA:826,2
DA:827,1
DA:840,107
DA:842,107
DA:851,107
DA:877,2
DA:878,2
DA:879,1
DA:889,1
DA:924,61
DA:925,61
DA:926,61
DA:928,61
DA:929,61
DA:931,61
DA:932,61
DA:933,61
DA:934,61
DA:935,61
DA:936,61
DA:937,61
DA:938,61
DA:940,61
DA:941,61
DA:943,61
DA:945,61
DA:969,1
DA:970,1
DA:971,1
DA:973,1
DA:992,61
DA:995,61
DA:996,0
DA:1000,61
DA:1001,0
DA:1005,61
DA:1006,0
DA:1010,61
DA:1011,0
DA:1012,0
DA:1013,0
DA:1017,61
DA:1018,0
DA:1019,0
DA:1020,0
DA:1021,0
DA:1036,8
DA:1062,2
DA:1063,2
DA:1064,0
DA:1066,2
DA:1067,2
DA:1068,2
DA:1070,2
DA:1071,2
DA:1072,2
DA:1073,2
DA:1074,2
DA:1076,2
DA:1077,2
DA:1086,63
DA:1087,63
DA:1088,183
DA:1089,61
DA:1092,63
DA:1105,29
DA:1117,7
DA:1118,7
DA:1119,6
DA:1120,6
DA:1121,6
DA:1122,6
DA:1123,6
DA:1124,6
DA:1135,1
DA:1136,2
DA:1137,2
DA:1138,2
DA:1139,2
DA:1140,2
DA:1142,1
DA:1154,2
DA:1155,2
DA:1156,1
DA:1157,1
DA:1158,1
DA:1159,1
DA:1160,1
DA:1174,1
DA:1175,1
DA:1176,1
DA:1179,1
DA:1199,60
DA:1215,60
DA:1220,60
DA:1238,2
DA:1242,2
DA:1243,2
DA:1248,2
DA:1257,1
DA:1258,1
DA:1259,1
DA:1264,1
DA:1266,1
DA:1268,1
DA:1272,2
DA:1291,54
DA:1292,54
DA:1293,2
DA:1294,1
DA:1297,52
DA:1311,1
DA:1312,1
DA:1325,1
DA:1338,1
DA:1339,1
DA:1341,1
DA:1342,1
DA:1343,1
DA:1345,1
DA:1349,1
DA:1354,1
LF:299
LH:256
BRDA:119,0,0,0
BRDA:120,1,0,60
BRDA:132,2,0,0
BRDA:282,3,0,2
BRDA:283,4,0,2
BRDA:286,5,0,1
BRDA:286,5,1,1
BRDA:313,6,0,10
BRDA:314,7,0,11
BRDA:317,8,0,12
BRDA:317,8,1,0
BRDA:361,9,0,1
BRDA:362,10,0,1
BRDA:390,11,0,12
BRDA:390,11,1,36
BRDA:420,12,0,1
BRDA:420,12,1,1
BRDA:460,13,0,0
BRDA:460,13,1,0
BRDA:521,14,0,26
BRDA:521,14,1,0
BRDA:540,15,0,3
BRDA:540,15,1,0
BRDA:603,16,0,3
BRDA:603,16,1,42
BRDA:637,17,0,14
BRDA:637,17,1,0
BRDA:677,18,0,1
BRDA:677,18,1,1
BRDA:679,19,0,1
BRDA:679,19,1,0
BRDA:751,20,0,106
BRDA:768,21,0,5
BRDA:806,22,0,2
BRDA:826,23,0,1
BRDA:826,23,1,1
BRDA:839,24,0,106
BRDA:874,25,0,2
BRDA:875,26,0,2
BRDA:878,27,0,1
BRDA:878,27,1,1
BRDA:921,28,0,58
BRDA:922,29,0,60
BRDA:925,30,0,61
BRDA:925,30,1,0
BRDA:967,31,0,1
BRDA:1059,32,0,1
BRDA:1060,33,0,1
BRDA:1088,34,0,61
BRDA:1088,34,1,122
BRDA:1118,35,0,6
BRDA:1118,35,1,1
BRDA:1155,36,0,1
BRDA:1155,36,1,1
BRDA:1248,37,0,1
BRDA:1248,37,1,1
BRDA:1249,38,0,2
BRDA:1249,38,1,1
BRDA:1249,38,2,1
BRDA:1289,39,0,52
BRDA:1292,40,0,2
BRDA:1292,40,1,52
BRDA:1293,41,0,1
BRDA:1293,41,1,1
BRF:64
BRH:54
end_of_record
TN:
SF:src/component/index.ts
FNF:0
FNH:0
DA:8,20
DA:9,20
DA:10,20
DA:11,20
DA:12,20
DA:13,20
DA:14,20
DA:15,20
DA:16,20
DA:17,20
DA:18,20
DA:19,20
DA:20,20
DA:21,20
DA:22,20
DA:23,20
DA:24,20
DA:25,20
DA:26,20
DA:27,20
DA:28,20
DA:29,20
DA:30,20
DA:31,20
DA:32,20
DA:33,20
LF:26
LH:26
BRF:0
BRH:0
end_of_record
TN:
SF:src/component/mapLabel.ts
FN:24,(anonymous_0)
FN:52,(anonymous_1)
FN:72,(anonymous_2)
FN:85,(anonymous_3)
FN:94,(anonymous_4)
FN:113,(anonymous_5)
FN:133,(anonymous_6)
FN:178,(anonymous_7)
FN:200,(anonymous_8)
FN:219,(anonymous_9)
FN:250,(anonymous_10)
FN:278,(anonymous_11)
FNF:12
FNH:12
FNDA:115,(anonymous_0)
FNDA:123,(anonymous_1)
FNDA:13,(anonymous_2)
FNDA:9,(anonymous_3)
FNDA:115,(anonymous_4)
FNDA:11,(anonymous_5)
FNDA:25,(anonymous_6)
FNDA:13,(anonymous_7)
FNDA:12,(anonymous_8)
FNDA:7,(anonymous_9)
FNDA:6,(anonymous_10)
FNDA:3,(anonymous_11)
DA:16,25
DA:25,115
DA:27,115
DA:28,115
DA:29,115
DA:30,115
DA:31,115
DA:32,115
DA:33,115
DA:35,115
DA:37,115
DA:58,123
DA:73,13
DA:88,9
DA:95,115
DA:96,115
DA:97,115
DA:98,115
DA:114,11
DA:122,7
DA:126,3
DA:134,25
DA:136,17
DA:137,17
DA:139,17
DA:140,17
DA:141,17
DA:142,17
DA:143,17
DA:144,17
DA:149,17
DA:151,17
DA:152,17
DA:153,9
DA:154,8
DA:155,8
DA:158,9
DA:160,9
DA:161,9
DA:162,9
DA:165,9
DA:179,13
DA:180,13
DA:181,13
DA:183,13
DA:184,13
DA:185,13
DA:187,13
DA:189,13
DA:190,13
DA:191,11
DA:201,12
DA:203,1
DA:205,1
DA:207,10
DA:220,7
DA:222,7
DA:224,1
DA:227,6
DA:229,4
DA:232,2
DA:233,2
DA:234,1
DA:236,1
DA:238,1
DA:240,1
DA:241,1
DA:243,1
DA:251,6
DA:252,6
DA:254,6
DA:255,2
DA:258,4
DA:259,4
DA:260,1
DA:263,3
DA:264,3
DA:265,2
DA:267,1
DA:279,3
DA:280,1
LF:81
LH:81
BRDA:114,0,0,1
BRDA:114,0,1,2
BRDA:114,0,2,3
BRDA:114,0,3,4
BRDA:114,0,4,5
BRDA:114,0,5,6
BRDA:114,0,6,7
BRDA:114,0,7,1
BRDA:114,0,8,2
BRDA:114,0,9,3
BRDA:134,1,0,8
BRDA:134,1,1,17
BRDA:140,2,0,0
BRDA:140,2,1,17
BRDA:152,3,0,9
BRDA:152,3,1,8
BRDA:153,4,0,8
BRDA:153,4,1,1
BRDA:190,5,0,11
BRDA:190,5,1,2
BRDA:201,6,0,1
BRDA:201,6,1,1
BRDA:222,7,0,1
BRDA:222,7,1,6
BRDA:227,8,0,4
BRDA:227,8,1,2
BRDA:233,9,0,1
BRDA:233,9,1,1
BRDA:254,10,0,2
BRDA:254,10,1,4
BRDA:254,11,0,6
BRDA:254,11,1,2
BRDA:259,12,0,1
BRDA:259,12,1,3
BRDA:264,13,0,2
BRDA:264,13,1,1
BRDA:264,14,0,3
BRDA:264,14,1,2
BRDA:279,15,0,1
BRDA:279,15,1,2
BRDA:279,16,0,3
BRDA:279,16,1,2
BRF:42
BRH:41
end_of_record
TN:
SF:src/component/month.ts
FN:30,(anonymous_0)
FN:42,(anonymous_1)
FN:49,(anonymous_2)
FN:70,(anonymous_3)
FN:75,(anonymous_4)
FNF:5
FNH:5
FNDA:169,(anonymous_0)
FNDA:169,(anonymous_1)
FNDA:169,(anonymous_2)
FNDA:168,(anonymous_3)
FNDA:1,(anonymous_4)
DA:1,26
DA:2,26
DA:3,26
DA:4,26
DA:16,26
DA:31,169
DA:32,169
DA:33,169
DA:34,169
DA:35,169
DA:43,169
DA:51,169
DA:56,169
DA:60,169
DA:71,168
DA:72,168
DA:73,168
DA:74,168
DA:75,168
DA:76,1
DA:78,168
LF:21
LH:21
BRDA:51,0,0,12
BRDA:51,0,1,157
BRDA:56,1,0,0
BRDA:56,1,1,169
BRF:4
BRH:3
end_of_record
TN:
SF:src/component/navigation.ts
FN:38,(anonymous_0)
FN:48,(anonymous_1)
FN:56,(anonymous_2)
FN:81,(anonymous_3)
FN:119,(anonymous_4)
FN:149,(anonymous_5)
FN:183,(anonymous_6)
FN:204,(anonymous_7)
FN:233,(anonymous_8)
FN:252,(anonymous_9)
FN:269,(anonymous_10)
FN:298,(anonymous_11)
FN:299,(anonymous_12)
FN:312,(anonymous_13)
FN:315,(anonymous_14)
FN:329,(anonymous_15)
FN:340,(anonymous_16)
FN:355,(anonymous_17)
FN:366,(anonymous_18)
FN:373,(anonymous_19)
FN:391,(anonymous_20)
FN:392,(anonymous_21)
FN:411,(anonymous_22)
FN:412,(anonymous_23)
FN:426,(anonymous_24)
FN:443,(anonymous_25)
FNF:26
FNH:22
FNDA:17,(anonymous_0)
FNDA:17,(anonymous_1)
FNDA:17,(anonymous_2)
FNDA:5,(anonymous_3)
FNDA:1,(anonymous_4)
FNDA:2,(anonymous_5)
FNDA:0,(anonymous_6)
FNDA:0,(anonymous_7)
FNDA:16,(anonymous_8)
FNDA:19,(anonymous_9)
FNDA:0,(anonymous_10)
FNDA:7,(anonymous_11)
FNDA:10,(anonymous_12)
FNDA:3,(anonymous_13)
FNDA:4,(anonymous_14)
FNDA:3,(anonymous_15)
FNDA:7,(anonymous_16)
FNDA:1,(anonymous_17)
FNDA:2,(anonymous_18)
FNDA:0,(anonymous_19)
FNDA:2,(anonymous_20)
FNDA:3,(anonymous_21)
FNDA:1,(anonymous_22)
FNDA:1,(anonymous_23)
FNDA:1,(anonymous_24)
FNDA:2,(anonymous_25)
DA:1,22
DA:2,22
DA:3,22
DA:4,22
DA:5,22
DA:28,22
DA:39,17
DA:40,17
DA:41,17
DA:49,17
DA:50,17
DA:57,17
DA:59,17
DA:82,5
DA:83,5
DA:84,5
DA:85,5
DA:86,5
DA:87,5
DA:88,5
DA:89,5
DA:91,5
DA:92,0
DA:93,5
DA:94,1
DA:95,4
DA:96,0
DA:98,4
DA:101,5
DA:102,1
DA:127,1
DA:128,1
DA:129,1
DA:130,1
DA:132,1
DA:133,1
DA:157,2
DA:158,2
DA:159,2
DA:160,2
DA:162,2
DA:163,2
DA:164,2
DA:166,2
DA:167,2
DA:191,0
DA:193,0
DA:194,0
DA:196,0
DA:197,0
DA:205,0
DA:206,0
DA:209,0
DA:210,0
DA:211,0
DA:212,0
DA:214,0
DA:217,0
DA:218,0
DA:240,16
DA:259,19
DA:260,19
DA:261,19
DA:262,19
DA:263,19
DA:264,19
DA:266,19
DA:267,19
DA:269,19
DA:270,0
DA:273,19
DA:274,19
DA:281,19
DA:283,19
DA:285,19
DA:299,7
DA:300,10
DA:313,3
DA:314,3
DA:315,3
DA:316,4
DA:317,4
DA:330,3
DA:331,3
DA:332,3
DA:341,7
DA:342,7
DA:343,7
DA:344,7
DA:356,1
DA:357,1
DA:358,1
DA:367,2
DA:368,2
DA:369,2
DA:370,2
DA:371,2
DA:372,2
DA:373,2
DA:374,0
DA:376,2
DA:392,2
DA:393,3
DA:394,3
DA:395,3
DA:396,3
DA:400,2
DA:412,1
DA:413,1
DA:414,1
DA:427,1
DA:428,1
DA:429,1
DA:430,1
DA:431,1
DA:444,2
DA:445,2
DA:446,2
DA:447,2
DA:448,2
LF:120
LH:102
BRDA:38,0,0,17
BRDA:48,1,0,0
BRDA:91,2,0,0
BRDA:91,2,1,5
BRDA:93,3,0,1
BRDA:93,3,1,4
BRDA:95,4,0,0
BRDA:95,4,1,4
BRDA:101,5,0,1
BRDA:101,5,1,4
BRDA:124,6,0,1
BRDA:125,7,0,1
BRDA:154,8,0,2
BRDA:155,9,0,1
BRDA:188,10,0,0
BRDA:189,11,0,0
BRDA:196,12,0,0
BRDA:196,12,1,0
BRDA:211,13,0,0
BRDA:211,13,1,0
BRDA:237,14,0,16
BRDA:238,15,0,12
BRDA:256,16,0,0
BRDA:257,17,0,0
BRDA:260,18,0,19
BRDA:260,18,1,0
BRDA:266,19,0,19
BRDA:266,19,1,19
BRDA:331,20,0,3
BRDA:331,20,1,0
BRDA:357,21,0,1
BRDA:357,21,1,0
BRDA:396,22,0,2
BRDA:396,22,1,1
BRDA:397,23,0,3
BRDA:397,23,1,0
BRDA:397,23,2,3
BRDA:428,24,0,1
BRDA:428,24,1,0
BRDA:445,25,0,2
BRDA:445,25,1,0
BRF:41
BRH:24
end_of_record
TN:
SF:src/component/pager.ts
FN:46,(anonymous_0)
FN:62,(anonymous_1)
FN:73,(anonymous_2)
FN:81,(anonymous_3)
FN:92,(anonymous_4)
FN:109,(anonymous_5)
FN:113,(anonymous_6)
FN:128,(anonymous_7)
FN:132,(anonymous_8)
FN:147,(anonymous_9)
FN:150,(anonymous_10)
FN:158,(anonymous_11)
FN:172,(anonymous_12)
FN:206,(anonymous_13)
FN:217,(anonymous_14)
FN:233,(anonymous_15)
FN:241,(anonymous_16)
FN:253,(anonymous_17)
FN:265,(anonymous_18)
FNF:19
FNH:13
FNDA:72,(anonymous_0)
FNDA:72,(anonymous_1)
FNDA:72,(anonymous_2)
FNDA:6,(anonymous_3)
FNDA:6,(anonymous_4)
FNDA:6,(anonymous_5)
FNDA:0,(anonymous_6)
FNDA:6,(anonymous_7)
FNDA:0,(anonymous_8)
FNDA:6,(anonymous_9)
FNDA:25,(anonymous_10)
FNDA:0,(anonymous_11)
FNDA:6,(anonymous_12)
FNDA:0,(anonymous_13)
FNDA:0,(anonymous_14)
FNDA:7,(anonymous_15)
FNDA:0,(anonymous_16)
FNDA:80,(anonymous_17)
FNDA:6,(anonymous_18)
DA:1,23
DA:2,23
DA:3,23
DA:4,23
DA:5,23
DA:6,23
DA:31,23
DA:51,72
DA:52,72
DA:53,72
DA:54,72
DA:55,72
DA:63,72
DA:67,72
DA:74,72
DA:75,72
DA:82,6
DA:83,6
DA:84,6
DA:85,6
DA:86,6
DA:93,6
DA:94,6
DA:95,6
DA:96,6
DA:97,6
DA:98,6
DA:102,0
DA:110,6
DA:111,5
DA:112,5
DA:113,5
DA:114,0
DA:116,5
DA:117,5
DA:118,5
DA:119,5
DA:120,5
DA:121,5
DA:129,6
DA:130,5
DA:131,5
DA:132,5
DA:133,0
DA:135,5
DA:136,5
DA:137,5
DA:138,5
DA:139,5
DA:140,5
DA:148,6
DA:149,6
DA:150,5
DA:151,25
DA:152,25
DA:153,25
DA:154,25
DA:155,25
DA:156,5
DA:158,25
DA:159,0
DA:160,0
DA:162,25
DA:163,25
DA:173,6
DA:174,6
DA:175,6
DA:176,0
DA:181,6
DA:182,24
DA:183,24
DA:184,21
DA:190,6
DA:194,5
DA:200,6
DA:207,0
DA:208,0
DA:209,0
DA:211,0
DA:218,0
DA:219,0
DA:220,0
DA:222,0
DA:234,7
DA:242,0
DA:243,0
DA:254,80
DA:255,80
DA:266,6
DA:267,6
LF:90
LH:74
BRDA:48,0,0,8
BRDA:49,1,0,8
BRDA:62,2,0,0
BRDA:96,3,0,1
BRDA:96,3,1,5
BRDA:97,4,0,6
BRDA:97,4,1,0
BRDA:110,5,0,5
BRDA:110,5,1,1
BRDA:129,6,0,5
BRDA:129,6,1,1
BRDA:149,7,0,5
BRDA:149,7,1,1
BRDA:155,8,0,5
BRDA:155,8,1,20
BRDA:175,9,0,0
BRDA:175,9,1,6
BRDA:183,10,0,21
BRDA:183,10,1,3
BRDA:190,11,0,5
BRDA:190,11,1,1
BRDA:191,12,0,6
BRDA:191,12,1,5
BRDA:208,13,0,0
BRDA:208,13,1,0
BRDA:219,14,0,0
BRDA:219,14,1,0
BRF:27
BRH:20
end_of_record
TN:
SF:src/component/popup.ts
FN:33,(anonymous_0)
FN:48,(anonymous_1)
FN:56,(anonymous_2)
FN:71,(anonymous_3)
FN:76,(anonymous_4)
FN:96,(anonymous_5)
FN:109,(anonymous_6)
FN:122,(anonymous_7)
FN:137,(anonymous_8)
FNF:9
FNH:8
FNDA:212,(anonymous_0)
FNDA:212,(anonymous_1)
FNDA:212,(anonymous_2)
FNDA:212,(anonymous_3)
FNDA:0,(anonymous_4)
FNDA:21,(anonymous_5)
FNDA:20,(anonymous_6)
FNDA:3,(anonymous_7)
FNDA:28,(anonymous_8)
DA:1,27
DA:2,27
DA:3,27
DA:4,27
DA:20,27
DA:38,212
DA:39,212
DA:40,212
DA:41,212
DA:42,212
DA:49,212
DA:50,212
DA:57,212
DA:58,212
DA:60,212
DA:61,212
DA:63,212
DA:65,212
DA:72,212
DA:73,1
DA:74,1
DA:75,1
DA:76,1
DA:77,0
DA:79,1
DA:81,1
DA:82,1
DA:83,1
DA:84,1
DA:86,1
DA:97,21
DA:98,21
DA:99,21
DA:100,21
DA:110,20
DA:111,20
DA:112,20
DA:113,20
DA:123,3
DA:124,1
DA:126,2
DA:138,28
LF:42
LH:41
BRDA:36,0,0,211
BRDA:72,1,0,1
BRDA:72,1,1,211
BRDA:123,2,0,1
BRDA:123,2,1,2
BRF:5
BRH:5
end_of_record
TN:
SF:src/component/popupContainer.ts
FN:27,(anonymous_0)
FN:35,(anonymous_1)
FN:43,(anonymous_2)
FN:58,(anonymous_3)
FN:74,(anonymous_4)
FN:88,(anonymous_5)
FN:92,(anonymous_6)
FN:105,(anonymous_7)
FN:124,(anonymous_8)
FNF:9
FNH:9
FNDA:216,(anonymous_0)
FNDA:216,(anonymous_1)
FNDA:32,(anonymous_2)
FNDA:32,(anonymous_3)
FNDA:31,(anonymous_4)
FNDA:21,(anonymous_5)
FNDA:1,(anonymous_6)
FNDA:21,(anonymous_7)
FNDA:20,(anonymous_8)
DA:2,29
DA:3,29
DA:19,29
DA:28,216
DA:29,216
DA:36,216
DA:45,32
DA:59,32
DA:61,32
DA:63,32
DA:76,31
DA:78,31
DA:90,21
DA:92,15
DA:93,1
DA:111,21
DA:125,20
LF:17
LH:17
BRDA:27,0,0,216
BRDA:47,1,0,32
BRDA:47,1,1,8
BRDA:61,2,0,32
BRDA:61,2,1,0
BRDA:76,3,0,31
BRDA:76,3,1,0
BRDA:90,4,0,15
BRDA:90,4,1,6
BRF:9
BRH:7
end_of_record
TN:
SF:src/component/progressStatus.ts
FN:28,(anonymous_0)
FN:42,(anonymous_1)
FN:55,(anonymous_2)
FN:66,(anonymous_3)
FN:92,(anonymous_4)
FN:104,(anonymous_5)
FN:116,(anonymous_6)
FN:128,(anonymous_7)
FNF:8
FNH:8
FNDA:20,(anonymous_0)
FNDA:20,(anonymous_1)
FNDA:20,(anonymous_2)
FNDA:19,(anonymous_3)
FNDA:6,(anonymous_4)
FNDA:4,(anonymous_5)
FNDA:4,(anonymous_6)
FNDA:5,(anonymous_7)
DA:2,21
DA:3,21
DA:16,21
DA:33,20
DA:34,20
DA:35,20
DA:43,20
DA:49,20
DA:56,20
DA:57,20
DA:71,19
DA:77,19
DA:78,19
DA:79,19
DA:80,4
DA:93,6
DA:105,4
DA:117,4
DA:129,5
LF:19
LH:19
BRDA:30,0,0,19
BRDA:31,1,0,19
BRDA:42,2,0,0
BRDA:69,3,0,0
BRDA:79,4,0,4
BRDA:79,4,1,15
BRDA:92,5,0,5
BRDA:104,6,0,3
BRDA:116,7,0,3
BRDA:128,8,0,4
BRF:10
BRH:8
end_of_record
TN:
SF:src/component/route.ts
FN:25,(anonymous_0)
FNF:1
FNH:1
FNDA:121,(anonymous_0)
DA:1,23
DA:15,23
DA:33,121
DA:35,121
DA:36,121
DA:37,121
DA:38,121
DA:39,121
DA:40,121
LF:9
LH:9
BRDA:30,0,0,105
BRDA:31,1,0,121
BRF:2
BRH:2
end_of_record
TN:
SF:src/component/tabPanel.ts
FN:37,(anonymous_0)
FN:55,(anonymous_1)
FN:66,(anonymous_2)
FN:72,(anonymous_3)
FN:81,(anonymous_4)
FN:90,(anonymous_5)
FN:92,(anonymous_6)
FN:101,(anonymous_7)
FN:104,(anonymous_8)
FN:112,(anonymous_9)
FN:132,(anonymous_10)
FN:139,(anonymous_11)
FN:157,(anonymous_12)
FNF:13
FNH:12
FNDA:12,(anonymous_0)
FNDA:12,(anonymous_1)
FNDA:12,(anonymous_2)
FNDA:24,(anonymous_3)
FNDA:0,(anonymous_4)
FNDA:12,(anonymous_5)
FNDA:24,(anonymous_6)
FNDA:17,(anonymous_7)
FNDA:34,(anonymous_8)
FNDA:34,(anonymous_9)
FNDA:6,(anonymous_10)
FNDA:5,(anonymous_11)
FNDA:8,(anonymous_12)
DA:1,22
DA:2,22
DA:3,22
DA:4,22
DA:5,22
DA:23,22
DA:43,12
DA:44,12
DA:45,12
DA:49,12
DA:56,12
DA:57,12
DA:59,12
DA:60,12
DA:67,12
DA:68,12
DA:69,12
DA:71,12
DA:72,12
DA:73,24
DA:74,24
DA:75,24
DA:76,24
DA:77,0
DA:79,24
DA:80,24
DA:81,24
DA:82,0
DA:91,12
DA:92,12
DA:93,24
DA:102,17
DA:104,17
DA:105,34
DA:106,34
DA:107,8
DA:108,8
DA:112,17
DA:113,34
DA:114,34
DA:115,34
DA:116,14
DA:117,14
DA:121,17
DA:133,6
DA:134,6
DA:135,5
DA:136,5
DA:137,5
DA:140,5
DA:145,1
DA:147,6
DA:158,8
LF:53
LH:51
BRDA:39,0,0,9
BRDA:40,1,0,9
BRDA:41,2,0,12
BRDA:47,3,0,12
BRDA:47,3,1,12
BRDA:68,4,0,12
BRDA:68,4,1,0
BRDA:76,5,0,0
BRDA:76,5,1,24
BRDA:106,6,0,8
BRDA:106,6,1,26
BRDA:106,7,0,34
BRDA:106,7,1,26
BRDA:115,8,0,14
BRDA:115,8,1,20
BRDA:134,9,0,5
BRDA:134,9,1,1
BRF:17
BRH:15
end_of_record
TN:
SF:src/component/table.ts
FN:92,(anonymous_0)
FN:107,(anonymous_1)
FN:131,(anonymous_2)
FN:147,(anonymous_3)
FN:157,(anonymous_4)
FN:185,(anonymous_5)
FN:205,(anonymous_6)
FN:208,(anonymous_7)
FN:220,(anonymous_8)
FN:226,(anonymous_9)
FN:231,(anonymous_10)
FN:272,(anonymous_11)
FN:297,(anonymous_12)
FN:311,(anonymous_13)
FN:329,(anonymous_14)
FN:349,(anonymous_15)
FN:368,(anonymous_16)
FN:370,(anonymous_17)
FN:381,(anonymous_18)
FN:393,(anonymous_19)
FN:395,(anonymous_20)
FN:404,(anonymous_21)
FN:413,(anonymous_22)
FN:415,(anonymous_23)
FN:445,(anonymous_24)
FN:463,(anonymous_25)
FN:468,(anonymous_26)
FN:492,(anonymous_27)
FN:503,(anonymous_28)
FN:524,(anonymous_29)
FN:549,(anonymous_30)
FN:574,(anonymous_31)
FN:591,(anonymous_32)
FN:592,(anonymous_33)
FN:602,(anonymous_34)
FN:613,(anonymous_35)
FN:631,(anonymous_36)
FN:656,(anonymous_37)
FN:674,(anonymous_38)
FN:683,(anonymous_39)
FN:697,(anonymous_40)
FN:699,(anonymous_41)
FN:711,(anonymous_42)
FNF:43
FNH:42
FNDA:49,(anonymous_0)
FNDA:49,(anonymous_1)
FNDA:49,(anonymous_2)
FNDA:49,(anonymous_3)
FNDA:49,(anonymous_4)
FNDA:1,(anonymous_5)
FNDA:49,(anonymous_6)
FNDA:98,(anonymous_7)
FNDA:125,(anonymous_8)
FNDA:10,(anonymous_9)
FNDA:4,(anonymous_10)
FNDA:49,(anonymous_11)
FNDA:0,(anonymous_12)
FNDA:9,(anonymous_13)
FNDA:4,(anonymous_14)
FNDA:37,(anonymous_15)
FNDA:5,(anonymous_16)
FNDA:10,(anonymous_17)
FNDA:4,(anonymous_18)
FNDA:5,(anonymous_19)
FNDA:10,(anonymous_20)
FNDA:27,(anonymous_21)
FNDA:27,(anonymous_22)
FNDA:1,(anonymous_23)
FNDA:54,(anonymous_24)
FNDA:27,(anonymous_25)
FNDA:54,(anonymous_26)
FNDA:6,(anonymous_27)
FNDA:54,(anonymous_28)
FNDA:54,(anonymous_29)
FNDA:54,(anonymous_30)
FNDA:54,(anonymous_31)
FNDA:52,(anonymous_32)
FNDA:10,(anonymous_33)
FNDA:2,(anonymous_34)
FNDA:10,(anonymous_35)
FNDA:1,(anonymous_36)
FNDA:24,(anonymous_37)
FNDA:2,(anonymous_38)
FNDA:23,(anonymous_39)
FNDA:23,(anonymous_40)
FNDA:27,(anonymous_41)
FNDA:1,(anonymous_42)
DA:1,21
DA:11,21
DA:12,21
DA:13,21
DA:14,21
DA:15,21
DA:16,21
DA:17,21
DA:18,21
DA:19,21
DA:20,21
DA:22,21
DA:72,21
DA:97,49
DA:98,49
DA:99,49
DA:100,49
DA:108,49
DA:125,49
DA:132,49
DA:133,49
DA:134,49
DA:135,49
DA:136,49
DA:137,49
DA:138,49
DA:139,49
DA:140,49
DA:148,49
DA:158,49
DA:161,2
DA:162,2
DA:163,2
DA:167,2
DA:168,2
DA:169,2
DA:170,2
DA:172,2
DA:173,2
DA:174,2
DA:175,2
DA:177,2
DA:178,2
DA:179,2
DA:181,2
DA:182,2
DA:183,2
DA:184,2
DA:185,2
DA:186,1
DA:187,1
DA:188,1
DA:190,1
DA:192,2
DA:194,2
DA:195,2
DA:196,2
DA:198,2
DA:206,49
DA:207,49
DA:208,49
DA:209,98
DA:210,98
DA:211,98
DA:221,125
DA:222,125
DA:223,49
DA:226,125
DA:227,10
DA:229,125
DA:230,5
DA:231,5
DA:232,4
DA:233,4
DA:236,5
DA:237,5
DA:238,5
DA:240,5
DA:241,5
DA:242,5
DA:243,5
DA:245,5
DA:246,5
DA:247,5
DA:248,5
DA:251,125
DA:252,125
DA:253,125
DA:254,0
DA:255,0
DA:256,0
DA:258,0
DA:259,0
DA:261,0
DA:262,0
DA:263,0
DA:264,0
DA:265,0
DA:273,49
DA:274,49
DA:276,49
DA:277,49
DA:279,49
DA:281,49
DA:282,49
DA:283,49
DA:285,49
DA:286,49
DA:287,49
DA:288,49
DA:290,49
DA:292,49
DA:297,49
DA:298,0
DA:312,9
DA:313,2
DA:315,9
DA:322,9
DA:330,4
DA:334,4
DA:335,4
DA:339,1
DA:341,4
DA:350,37
DA:351,37
DA:355,32
DA:359,32
DA:360,5
DA:369,5
DA:370,5
DA:371,10
DA:373,5
DA:385,4
DA:386,4
DA:387,4
DA:394,5
DA:395,5
DA:396,10
DA:405,27
DA:414,27
DA:415,27
DA:416,1
DA:417,1
DA:418,1
DA:420,27
DA:421,27
DA:422,27
DA:424,27
DA:425,27
DA:426,27
DA:432,27
DA:434,27
DA:435,27
DA:436,27
DA:446,54
DA:447,54
DA:448,4
DA:449,4
DA:450,2
DA:451,2
DA:452,2
DA:455,54
DA:464,27
DA:465,27
DA:466,27
DA:467,27
DA:468,27
DA:469,54
DA:470,54
DA:471,54
DA:493,6
DA:509,54
DA:512,54
DA:513,6
DA:519,48
DA:522,54
DA:524,54
DA:525,54
DA:526,50
DA:527,50
DA:528,50
DA:530,54
DA:531,54
DA:535,2
DA:536,2
DA:556,54
DA:557,27
DA:559,27
DA:560,27
DA:561,27
DA:562,27
DA:563,27
DA:564,27
DA:565,27
DA:575,54
DA:576,54
DA:577,54
DA:578,54
DA:579,2
DA:580,2
DA:582,52
DA:592,52
DA:593,10
DA:603,2
DA:604,2
DA:619,10
DA:620,10
DA:621,8
DA:622,8
DA:623,8
DA:628,8
DA:629,2
DA:631,6
DA:632,1
DA:635,8
DA:636,8
DA:637,8
DA:639,8
DA:640,8
DA:641,8
DA:642,8
DA:657,24
DA:658,24
DA:659,1
DA:661,23
DA:662,23
DA:675,2
DA:676,2
DA:684,23
DA:685,23
DA:686,1
DA:691,23
DA:698,23
DA:699,23
DA:700,27
DA:701,27
DA:712,1
DA:713,1
LF:238
LH:227
BRDA:94,0,0,0
BRDA:95,1,0,0
BRDA:107,2,0,0
BRDA:135,3,0,49
BRDA:135,3,1,0
BRDA:158,4,0,2
BRDA:158,4,1,47
BRDA:186,5,0,1
BRDA:186,5,1,0
BRDA:222,6,0,49
BRDA:222,6,1,76
BRDA:229,7,0,5
BRDA:229,7,1,120
BRDA:253,8,0,0
BRDA:253,8,1,125
BRDA:253,9,0,125
BRDA:253,9,1,125
BRDA:255,10,0,0
BRDA:255,10,1,0
BRDA:258,11,0,0
BRDA:258,11,1,0
BRDA:311,12,0,7
BRDA:312,13,0,2
BRDA:312,13,1,7
BRDA:334,14,0,4
BRDA:334,14,1,4
BRDA:335,15,0,1
BRDA:335,15,1,3
BRDA:336,16,0,4
BRDA:336,16,1,1
BRDA:339,17,0,0
BRDA:339,17,1,1
BRDA:351,18,0,32
BRDA:351,18,1,5
BRDA:352,19,0,37
BRDA:352,19,1,29
BRDA:352,19,2,9
BRDA:359,20,0,5
BRDA:359,20,1,27
BRDA:383,21,0,0
BRDA:405,22,0,27
BRDA:405,22,1,27
BRDA:447,23,0,4
BRDA:447,23,1,50
BRDA:447,24,0,54
BRDA:447,24,1,4
BRDA:449,25,0,2
BRDA:449,25,1,2
BRDA:451,26,0,2
BRDA:451,26,1,0
BRDA:512,27,0,6
BRDA:512,27,1,48
BRDA:522,28,0,2
BRDA:522,28,1,52
BRDA:525,29,0,50
BRDA:525,29,1,4
BRDA:531,30,0,2
BRDA:531,30,1,52
BRDA:532,31,0,54
BRDA:532,31,1,52
BRDA:556,32,0,27
BRDA:556,32,1,27
BRDA:561,33,0,27
BRDA:561,33,1,0
BRDA:561,34,0,27
BRDA:561,34,1,27
BRDA:578,35,0,2
BRDA:578,35,1,52
BRDA:620,36,0,8
BRDA:620,36,1,2
BRDA:628,37,0,2
BRDA:628,37,1,6
BRDA:635,38,0,8
BRDA:635,38,1,0
BRDA:658,39,0,1
BRDA:658,39,1,23
BRDA:685,40,0,1
BRDA:685,40,1,22
BRDA:712,41,0,1
BRDA:712,41,1,0
BRF:80
BRH:64
end_of_record
TN:
SF:src/component/time.ts
FN:27,(anonymous_0)
FN:38,(anonymous_1)
FN:45,(anonymous_2)
FN:53,(anonymous_3)
FN:69,(anonymous_4)
FN:83,(anonymous_5)
FN:103,(anonymous_6)
FN:119,(anonymous_7)
FN:149,(anonymous_8)
FN:151,(anonymous_9)
FN:166,(anonymous_10)
FNF:11
FNH:10
FNDA:61,(anonymous_0)
FNDA:61,(anonymous_1)
FNDA:61,(anonymous_2)
FNDA:61,(anonymous_3)
FNDA:61,(anonymous_4)
FNDA:61,(anonymous_5)
FNDA:60,(anonymous_6)
FNDA:60,(anonymous_7)
FNDA:720,(anonymous_8)
FNDA:0,(anonymous_9)
FNDA:720,(anonymous_10)
DA:1,26
DA:2,26
DA:3,26
DA:15,26
DA:28,61
DA:29,61
DA:30,61
DA:31,61
DA:39,61
DA:46,61
DA:47,61
DA:54,61
DA:55,61
DA:56,61
DA:57,61
DA:58,61
DA:59,61
DA:60,61
DA:61,61
DA:70,61
DA:71,61
DA:73,61
DA:76,61
DA:77,61
DA:84,61
DA:85,61
DA:86,61
DA:88,61
DA:89,61
DA:90,61
DA:109,60
DA:125,60
DA:126,60
DA:127,720
DA:128,720
DA:130,720
DA:132,720
DA:135,720
DA:136,720
DA:139,720
DA:140,720
DA:150,720
DA:151,720
DA:152,0
DA:153,0
DA:174,720
DA:175,720
DA:177,720
DA:182,720
DA:187,720
DA:188,720
DA:194,720
DA:195,60
DA:196,60
DA:198,60
LF:55
LH:53
BRDA:106,0,0,0
BRDA:107,1,0,0
BRDA:122,2,0,0
BRDA:123,3,0,0
BRDA:130,4,0,720
BRDA:130,4,1,0
BRDA:132,5,0,0
BRDA:132,5,1,720
BRDA:132,6,0,720
BRDA:132,6,1,0
BRDA:171,7,0,0
BRDA:172,8,0,0
BRDA:174,9,0,720
BRDA:174,9,1,0
BRDA:175,10,0,60
BRDA:175,10,1,660
BRDA:185,11,0,720
BRDA:185,11,1,0
BRDA:194,12,0,60
BRDA:194,12,1,660
BRF:20
BRH:9
end_of_record
TN:
SF:src/component/tooltip.ts
FN:31,(anonymous_0)
FN:43,(anonymous_1)
FN:64,(anonymous_2)
FN:73,(anonymous_3)
FN:87,(anonymous_4)
FN:114,(anonymous_5)
FN:123,(anonymous_6)
FN:134,(anonymous_7)
FN:136,(anonymous_8)
FN:139,(anonymous_9)
FN:151,(anonymous_10)
FN:166,(anonymous_11)
FN:210,(anonymous_12)
FN:221,(anonymous_13)
FN:232,(anonymous_14)
FN:242,(anonymous_15)
FNF:16
FNH:14
FNDA:1214,(anonymous_0)
FNDA:1214,(anonymous_1)
FNDA:1214,(anonymous_2)
FNDA:105,(anonymous_3)
FNDA:1214,(anonymous_4)
FNDA:105,(anonymous_5)
FNDA:105,(anonymous_6)
FNDA:93,(anonymous_7)
FNDA:0,(anonymous_8)
FNDA:0,(anonymous_9)
FNDA:6048,(anonymous_10)
FNDA:3,(anonymous_11)
FNDA:3,(anonymous_12)
FNDA:2,(anonymous_13)
FNDA:7,(anonymous_14)
FNDA:2,(anonymous_15)
DA:1,34
DA:2,34
DA:3,34
DA:4,34
DA:19,34
DA:32,1214
DA:33,1214
DA:34,1214
DA:35,1214
DA:36,1214
DA:44,1214
DA:45,1214
DA:47,1208
DA:48,1208
DA:50,2
DA:51,2
DA:53,2
DA:54,2
DA:56,2
DA:57,2
DA:65,1214
DA:74,105
DA:75,31
DA:76,31
DA:77,0
DA:79,31
DA:81,105
DA:88,1214
DA:89,1214
DA:90,1160
DA:91,1160
DA:92,1160
DA:94,1214
DA:98,1214
DA:100,1214
DA:101,1214
DA:102,1214
DA:103,1214
DA:104,1214
DA:115,105
DA:116,105
DA:117,105
DA:124,105
DA:125,93
DA:126,93
DA:127,93
DA:135,93
DA:136,93
DA:137,0
DA:139,93
DA:140,0
DA:152,6048
DA:153,242
DA:154,242
DA:156,5806
DA:159,5806
DA:167,3
DA:168,3
DA:169,3
DA:170,3
DA:172,3
DA:174,3
DA:179,3
DA:181,0
DA:182,0
DA:183,0
DA:185,0
DA:186,0
DA:187,0
DA:189,0
DA:190,0
DA:191,0
DA:193,3
DA:194,3
DA:195,3
DA:198,3
DA:211,3
DA:212,3
DA:222,2
DA:233,7
DA:243,2
DA:244,1
DA:246,1
LF:83
LH:71
BRDA:31,0,0,1203
BRDA:34,1,0,1214
BRDA:34,1,1,0
BRDA:34,2,0,1214
BRDA:34,2,1,1214
BRDA:43,3,0,0
BRDA:45,4,0,1208
BRDA:45,4,1,2
BRDA:45,4,2,2
BRDA:45,4,3,2
BRDA:73,5,0,6
BRDA:74,6,0,31
BRDA:74,6,1,74
BRDA:75,7,0,31
BRDA:75,7,1,31
BRDA:76,8,0,0
BRDA:76,8,1,31
BRDA:79,9,0,31
BRDA:79,9,1,29
BRDA:81,10,0,105
BRDA:81,10,1,0
BRDA:81,11,0,105
BRDA:81,11,1,105
BRDA:89,12,0,1160
BRDA:89,12,1,54
BRDA:124,13,0,93
BRDA:124,13,1,12
BRDA:151,14,0,0
BRDA:152,15,0,242
BRDA:152,15,1,5806
BRDA:179,16,0,0
BRDA:179,16,1,0
BRDA:179,16,2,0
BRDA:179,16,3,3
BRDA:243,17,0,1
BRDA:243,17,1,1
BRF:36
BRH:28
end_of_record
TN:
SF:src/component/waiter.ts
FN:20,(anonymous_0)
FN:36,(anonymous_1)
FN:50,(anonymous_2)
FN:56,(anonymous_3)
FN:72,(anonymous_4)
FN:74,(anonymous_5)
FN:86,(anonymous_6)
FN:99,(anonymous_7)
FN:113,(anonymous_8)
FN:119,(anonymous_9)
FNF:10
FNH:10
FNDA:14,(anonymous_0)
FNDA:7,(anonymous_1)
FNDA:7,(anonymous_2)
FNDA:7,(anonymous_3)
FNDA:4,(anonymous_4)
FNDA:1,(anonymous_5)
FNDA:2,(anonymous_6)
FNDA:5,(anonymous_7)
FNDA:5,(anonymous_8)
FNDA:5,(anonymous_9)
DA:12,21
DA:21,14
DA:22,14
DA:40,7
DA:41,7
DA:55,7
DA:56,7
DA:57,7
DA:58,7
DA:59,5
DA:60,5
DA:73,4
DA:74,4
DA:75,1
DA:87,2
DA:88,2
DA:103,5
DA:104,5
DA:118,5
DA:119,5
DA:120,5
DA:121,5
DA:122,4
DA:123,4
LF:24
LH:24
BRDA:40,0,0,7
BRDA:40,0,1,1
BRDA:58,1,0,5
BRDA:58,1,1,2
BRDA:103,2,0,5
BRDA:103,2,1,1
BRDA:121,3,0,4
BRDA:121,3,1,1
BRF:8
BRH:8
end_of_record
TN:
SF:src/component/year.ts
FN:30,(anonymous_0)
FN:42,(anonymous_1)
FN:49,(anonymous_2)
FN:70,(anonymous_3)
FN:75,(anonymous_4)
FNF:5
FNH:5
FNDA:241,(anonymous_0)
FNDA:241,(anonymous_1)
FNDA:241,(anonymous_2)
FNDA:240,(anonymous_3)
FNDA:2,(anonymous_4)
DA:1,26
DA:2,26
DA:3,26
DA:4,26
DA:16,26
DA:31,241
DA:32,241
DA:33,241
DA:34,241
DA:35,241
DA:43,241
DA:51,241
DA:56,241
DA:60,241
DA:71,240
DA:72,240
DA:73,240
DA:74,240
DA:75,240
DA:76,2
DA:79,240
LF:21
LH:21
BRDA:51,0,0,12
BRDA:51,0,1,229
BRDA:56,1,0,11
BRDA:56,1,1,230
BRF:4
BRH:4
end_of_record
TN:
SF:src/core/async.ts
FN:62,(anonymous_0)
FN:90,(anonymous_1)
FN:97,(anonymous_2)
FN:135,(anonymous_3)
FN:161,(anonymous_4)
FN:176,(anonymous_5)
FN:187,(anonymous_6)
FN:236,(anonymous_7)
FN:275,(anonymous_8)
FN:298,(anonymous_9)
FN:335,(anonymous_10)
FN:356,(anonymous_11)
FN:371,(anonymous_12)
FN:376,(anonymous_13)
FN:402,(anonymous_14)
FNF:15
FNH:14
FNDA:49,(anonymous_0)
FNDA:5,(anonymous_1)
FNDA:5,(anonymous_2)
FNDA:0,(anonymous_3)
FNDA:5,(anonymous_4)
FNDA:3,(anonymous_5)
FNDA:1,(anonymous_6)
FNDA:5,(anonymous_7)
FNDA:96,(anonymous_8)
FNDA:1,(anonymous_9)
FNDA:42,(anonymous_10)
FNDA:50,(anonymous_11)
FNDA:2,(anonymous_12)
FNDA:1,(anonymous_13)
FNDA:49,(anonymous_14)
DA:1,67
DA:2,67
DA:3,67
DA:45,67
DA:63,49
DA:64,49
DA:65,49
DA:91,5
DA:92,5
DA:93,1
DA:94,1
DA:95,1
DA:97,4
DA:98,5
DA:99,5
DA:108,5
DA:142,0
DA:143,0
DA:144,0
DA:170,5
DA:171,5
DA:172,5
DA:173,5
DA:174,4
DA:177,3
DA:188,1
DA:198,1
DA:199,1
DA:208,0
DA:217,5
DA:246,5
DA:247,5
DA:248,5
DA:249,1
DA:251,5
DA:252,5
DA:253,4
DA:254,4
DA:255,4
DA:256,4
DA:257,0
DA:259,4
DA:262,0
DA:263,0
DA:265,0
DA:269,5
DA:276,96
DA:305,1
DA:306,1
DA:307,1
DA:308,1
DA:336,42
DA:337,42
DA:338,3
DA:339,3
DA:340,3
DA:342,39
DA:344,42
DA:363,50
DA:364,50
DA:365,50
DA:366,50
DA:367,50
DA:368,50
DA:369,3
DA:372,2
DA:377,1
DA:378,1
DA:379,1
DA:382,47
DA:383,47
DA:385,0
DA:386,0
DA:388,50
DA:411,49
DA:412,49
DA:413,49
DA:414,49
DA:415,11
DA:417,38
DA:418,38
DA:419,38
DA:421,49
LF:83
LH:73
BRDA:64,0,0,49
BRDA:64,0,1,49
BRDA:92,1,0,1
BRDA:92,1,1,4
BRDA:93,2,0,1
BRDA:93,2,1,1
BRDA:142,3,0,0
BRDA:142,3,1,0
BRDA:171,4,0,5
BRDA:171,4,1,5
BRDA:173,5,0,4
BRDA:173,5,1,1
BRDA:173,6,0,5
BRDA:173,6,1,4
BRDA:198,7,0,1
BRDA:198,7,1,0
BRDA:198,8,0,1
BRDA:198,8,1,1
BRDA:248,9,0,1
BRDA:248,9,1,4
BRDA:252,10,0,4
BRDA:252,10,1,1
BRDA:253,11,0,4
BRDA:253,11,1,4
BRDA:255,12,0,4
BRDA:255,12,1,0
BRDA:256,13,0,0
BRDA:256,13,1,4
BRDA:262,14,0,0
BRDA:262,14,1,0
BRDA:337,15,0,3
BRDA:337,15,1,39
BRDA:338,16,0,3
BRDA:338,16,1,2
BRDA:365,17,0,50
BRDA:365,17,1,22
BRDA:366,18,0,50
BRDA:366,18,1,22
BRDA:368,19,0,3
BRDA:368,19,1,47
BRDA:368,20,0,50
BRDA:368,20,1,15
BRDA:377,21,0,1
BRDA:377,21,1,1
BRDA:382,22,0,47
BRDA:382,22,1,0
BRDA:382,23,0,47
BRDA:382,23,1,35
BRDA:414,24,0,11
BRDA:414,24,1,38
BRDA:417,25,0,38
BRDA:417,25,1,15
BRF:52
BRH:44
end_of_record
TN:
SF:src/core/collection.ts
FN:76,(anonymous_0)
FN:94,(anonymous_1)
FN:113,(anonymous_2)
FN:114,(anonymous_3)
FN:131,(anonymous_4)
FN:149,(anonymous_5)
FN:163,(anonymous_6)
FN:187,(anonymous_7)
FN:212,(anonymous_8)
FN:236,(anonymous_9)
FN:263,(anonymous_10)
FN:270,(anonymous_11)
FN:294,(anonymous_12)
FN:295,(anonymous_13)
FN:318,(anonymous_14)
FN:350,(anonymous_15)
FN:366,(anonymous_16)
FN:383,(anonymous_17)
FN:402,(anonymous_18)
FN:403,(anonymous_19)
FN:421,(anonymous_20)
FN:447,(anonymous_21)
FN:448,(anonymous_22)
FN:465,(anonymous_23)
FN:469,(anonymous_24)
FN:490,(anonymous_25)
FN:491,(anonymous_26)
FN:509,(anonymous_27)
FN:529,(anonymous_28)
FN:530,(anonymous_29)
FN:549,(anonymous_30)
FN:578,(anonymous_31)
FN:579,(anonymous_32)
FN:600,(anonymous_33)
FN:605,(anonymous_34)
FN:625,(anonymous_35)
FN:644,(anonymous_36)
FNF:37
FNH:32
FNDA:11223,(anonymous_0)
FNDA:11223,(anonymous_1)
FNDA:11314,(anonymous_2)
FNDA:11729,(anonymous_3)
FNDA:32,(anonymous_4)
FNDA:12033,(anonymous_5)
FNDA:12037,(anonymous_6)
FNDA:2,(anonymous_7)
FNDA:2,(anonymous_8)
FNDA:1163,(anonymous_9)
FNDA:2546,(anonymous_10)
FNDA:13308,(anonymous_11)
FNDA:2546,(anonymous_12)
FNDA:13308,(anonymous_13)
FNDA:8386,(anonymous_14)
FNDA:0,(anonymous_15)
FNDA:37,(anonymous_16)
FNDA:177,(anonymous_17)
FNDA:178,(anonymous_18)
FNDA:194,(anonymous_19)
FNDA:209,(anonymous_20)
FNDA:0,(anonymous_21)
FNDA:0,(anonymous_22)
FNDA:2,(anonymous_23)
FNDA:6,(anonymous_24)
FNDA:31,(anonymous_25)
FNDA:31,(anonymous_26)
FNDA:9,(anonymous_27)
FNDA:9,(anonymous_28)
FNDA:11,(anonymous_29)
FNDA:41,(anonymous_30)
FNDA:0,(anonymous_31)
FNDA:0,(anonymous_32)
FNDA:3,(anonymous_33)
FNDA:26,(anonymous_34)
FNDA:360,(anonymous_35)
FNDA:3,(anonymous_36)
DA:2,79
DA:10,79
DA:11,79
DA:49,79
DA:81,11223
DA:82,11223
DA:83,11223
DA:84,11223
DA:85,11223
DA:95,11223
DA:99,11223
DA:114,11314
DA:115,11729
DA:132,32
DA:133,32
DA:150,12033
DA:151,12033
DA:152,12033
DA:164,12037
DA:165,11611
DA:168,11611
DA:170,426
DA:188,2
DA:189,2
DA:190,1
DA:192,1
DA:194,2
DA:213,2
DA:214,2
DA:215,2
DA:216,2
DA:217,2
DA:218,1
DA:219,1
DA:222,1
DA:237,1163
DA:268,2546
DA:269,2546
DA:270,2546
DA:271,13308
DA:272,13308
DA:273,13308
DA:276,2546
DA:295,2546
DA:296,13308
DA:322,8386
DA:323,5030
DA:324,5030
DA:325,208
DA:327,4822
DA:329,3356
DA:351,0
DA:352,0
DA:353,0
DA:355,0
DA:367,37
DA:384,177
DA:403,178
DA:404,194
DA:424,209
DA:425,209
DA:426,246
DA:428,209
DA:448,0
DA:449,0
DA:468,2
DA:469,2
DA:470,6
DA:471,2
DA:474,2
DA:491,31
DA:492,31
DA:510,9
DA:530,9
DA:531,11
DA:552,41
DA:553,41
DA:554,2
DA:556,41
DA:557,41
DA:558,41
DA:579,0
DA:580,0
DA:603,3
DA:604,3
DA:605,3
DA:606,26
DA:607,2
DA:609,24
DA:612,3
DA:613,3
DA:626,360
DA:645,3
LF:93
LH:85
BRDA:77,0,0,426
BRDA:78,1,0,460
BRDA:79,2,0,501
BRDA:94,3,0,0
BRDA:164,4,0,11611
BRDA:164,4,1,426
BRDA:165,5,0,11478
BRDA:165,5,1,133
BRDA:189,6,0,1
BRDA:189,6,1,1
BRDA:214,7,0,2
BRDA:214,7,1,0
BRDA:214,8,0,2
BRDA:214,8,1,2
BRDA:217,9,0,1
BRDA:217,9,1,1
BRDA:217,10,0,2
BRDA:217,10,1,1
BRDA:268,11,0,2546
BRDA:268,11,1,2546
BRDA:271,12,0,13308
BRDA:271,12,1,0
BRDA:322,13,0,5030
BRDA:322,13,1,3356
BRDA:322,14,0,8386
BRDA:322,14,1,8385
BRDA:324,15,0,208
BRDA:324,15,1,4822
BRDA:324,16,0,5030
BRDA:324,16,1,5030
BRDA:324,16,2,208
BRDA:352,17,0,0
BRDA:352,17,1,0
BRDA:352,18,0,0
BRDA:352,18,1,0
BRDA:352,18,2,0
BRDA:425,19,0,455
BRDA:425,19,1,426
BRDA:470,20,0,2
BRDA:470,20,1,4
BRDA:553,21,0,43
BRDA:553,21,1,43
BRDA:606,22,0,2
BRDA:606,22,1,24
BRDA:644,23,0,0
BRF:45
BRH:36
end_of_record
TN:
SF:src/core/deferred.ts
FN:35,(anonymous_0)
FN:52,(anonymous_1)
FN:67,(anonymous_2)
FN:82,(anonymous_3)
FNF:4
FNH:4
FNDA:551,(anonymous_0)
FNDA:535,(anonymous_1)
FNDA:347,(anonymous_2)
FNDA:126,(anonymous_3)
DA:1,75
DA:29,75
DA:36,551
DA:53,535
DA:68,347
DA:83,126
LF:6
LH:6
BRF:0
BRH:0
end_of_record
TN:
SF:src/core/emitter.ts
FN:24,(anonymous_0)
FN:41,(anonymous_1)
FN:62,(anonymous_2)
FN:89,(anonymous_3)
FNF:4
FNH:4
FNDA:18667,(anonymous_0)
FNDA:6595,(anonymous_1)
FNDA:44,(anonymous_2)
FNDA:378,(anonymous_3)
DA:24,88
DA:26,18667
DA:42,6595
DA:43,6590
DA:45,6595
DA:63,44
DA:64,42
DA:66,2
DA:67,2
DA:68,1
DA:69,1
DA:70,1
DA:90,378
DA:91,378
DA:92,306
DA:96,72
DA:97,76
DA:99,72
LF:18
LH:18
BRDA:42,0,0,6590
BRDA:42,0,1,5
BRDA:63,1,0,42
BRDA:63,1,1,2
BRDA:67,2,0,1
BRDA:67,2,1,1
BRDA:69,3,0,1
BRDA:69,3,1,0
BRDA:91,4,0,306
BRDA:91,4,1,72
BRDA:91,5,0,378
BRDA:91,5,1,72
BRF:12
BRH:11
end_of_record
TN:
SF:src/core/index.ts
FNF:0
FNH:0
DA:7,61
DA:8,61
DA:9,61
DA:10,61
DA:11,61
DA:12,61
DA:13,61
DA:14,61
DA:15,61
DA:16,61
DA:17,61
LF:11
LH:11
BRF:0
BRH:0
end_of_record
TN:
SF:src/core/knot.ts
FN:72,(anonymous_0)
FN:96,(anonymous_1)
FN:111,(anonymous_2)
FN:128,(anonymous_3)
FN:129,(anonymous_4)
FN:146,(anonymous_5)
FN:162,(anonymous_6)
FN:174,(anonymous_7)
FN:185,(anonymous_8)
FN:196,(anonymous_9)
FN:210,(anonymous_10)
FN:223,(anonymous_11)
FN:238,(anonymous_12)
FN:249,(anonymous_13)
FN:254,(anonymous_14)
FN:272,(anonymous_15)
FN:273,(anonymous_16)
FN:289,(anonymous_17)
FN:290,(anonymous_18)
FN:304,(anonymous_19)
FN:305,(anonymous_20)
FN:317,(anonymous_21)
FN:344,(anonymous_22)
FN:391,(anonymous_23)
FN:410,(anonymous_24)
FN:422,(anonymous_25)
FN:447,(anonymous_26)
FN:455,(anonymous_27)
FN:474,(anonymous_28)
FN:493,(anonymous_29)
FN:516,(anonymous_30)
FN:532,(anonymous_31)
FN:534,(anonymous_32)
FN:546,(anonymous_33)
FN:558,(anonymous_34)
FN:574,(anonymous_35)
FN:590,(anonymous_36)
FN:600,(anonymous_37)
FN:613,(anonymous_38)
FN:625,(anonymous_39)
FN:643,(anonymous_40)
FN:659,(anonymous_41)
FN:674,(anonymous_42)
FN:695,(anonymous_43)
FN:714,(anonymous_44)
FN:733,(anonymous_45)
FN:756,(anonymous_46)
FN:774,(anonymous_47)
FN:787,(anonymous_48)
FN:803,(anonymous_49)
FN:818,(anonymous_50)
FN:830,(anonymous_51)
FN:849,(anonymous_52)
FN:873,(anonymous_53)
FN:892,(anonymous_54)
FN:910,(anonymous_55)
FN:924,(anonymous_56)
FN:943,(anonymous_57)
FN:955,(anonymous_58)
FN:969,(anonymous_59)
FN:970,(anonymous_60)
FN:983,(anonymous_61)
FN:984,(anonymous_62)
FN:998,(anonymous_63)
FN:1013,(anonymous_64)
FN:1028,(anonymous_65)
FNF:66
FNH:62
FNDA:30547,(anonymous_0)
FNDA:1,(anonymous_1)
FNDA:4,(anonymous_2)
FNDA:1,(anonymous_3)
FNDA:2,(anonymous_4)
FNDA:987,(anonymous_5)
FNDA:60335,(anonymous_6)
FNDA:3584,(anonymous_7)
FNDA:1475,(anonymous_8)
FNDA:2549,(anonymous_9)
FNDA:1525,(anonymous_10)
FNDA:0,(anonymous_11)
FNDA:36427,(anonymous_12)
FNDA:33310,(anonymous_13)
FNDA:30240,(anonymous_14)
FNDA:26258,(anonymous_15)
FNDA:44495,(anonymous_16)
FNDA:7046,(anonymous_17)
FNDA:7219,(anonymous_18)
FNDA:6,(anonymous_19)
FNDA:6,(anonymous_20)
FNDA:1,(anonymous_21)
FNDA:5139,(anonymous_22)
FNDA:13494,(anonymous_23)
FNDA:251,(anonymous_24)
FNDA:463,(anonymous_25)
FNDA:8678,(anonymous_26)
FNDA:874,(anonymous_27)
FNDA:8676,(anonymous_28)
FNDA:4,(anonymous_29)
FNDA:136,(anonymous_30)
FNDA:4,(anonymous_31)
FNDA:128,(anonymous_32)
FNDA:259,(anonymous_33)
FNDA:259,(anonymous_34)
FNDA:1237,(anonymous_35)
FNDA:13479,(anonymous_36)
FNDA:1121,(anonymous_37)
FNDA:1888,(anonymous_38)
FNDA:71,(anonymous_39)
FNDA:1304,(anonymous_40)
FNDA:293,(anonymous_41)
FNDA:112,(anonymous_42)
FNDA:0,(anonymous_43)
FNDA:236,(anonymous_44)
FNDA:1421,(anonymous_45)
FNDA:0,(anonymous_46)
FNDA:1423,(anonymous_47)
FNDA:20412,(anonymous_48)
FNDA:1376,(anonymous_49)
FNDA:0,(anonymous_50)
FNDA:278,(anonymous_51)
FNDA:859,(anonymous_52)
FNDA:1863,(anonymous_53)
FNDA:1,(anonymous_54)
FNDA:89,(anonymous_55)
FNDA:3050,(anonymous_56)
FNDA:19,(anonymous_57)
FNDA:2,(anonymous_58)
FNDA:6780,(anonymous_59)
FNDA:9004,(anonymous_60)
FNDA:243,(anonymous_61)
FNDA:243,(anonymous_62)
FNDA:10341,(anonymous_63)
FNDA:1813,(anonymous_64)
FNDA:17,(anonymous_65)
DA:1,83
DA:15,83
DA:46,83
DA:76,30547
DA:77,13871
DA:78,7
DA:79,7
DA:80,7
DA:82,13864
DA:85,30547
DA:86,30547
DA:87,30547
DA:97,1
DA:112,4
DA:113,1
DA:115,3
DA:129,1
DA:130,2
DA:147,987
DA:148,1
DA:150,986
DA:163,60335
DA:175,3584
DA:186,1475
DA:197,2549
DA:211,1525
DA:212,1525
DA:224,0
DA:239,36427
DA:253,33310
DA:254,11830
DA:255,30240
DA:258,21480
DA:273,26258
DA:274,44495
DA:275,31786
DA:290,7046
DA:291,7219
DA:305,6
DA:306,6
DA:318,1
DA:360,5139
DA:363,5139
DA:365,44
DA:366,5095
DA:371,11
DA:373,5084
DA:392,13494
DA:393,13494
DA:398,4
DA:400,13490
DA:411,251
DA:423,463
DA:453,8678
DA:454,8678
DA:455,8676
DA:456,874
DA:457,874
DA:458,307
DA:461,8676
DA:462,8676
DA:464,8678
DA:476,8676
DA:477,8676
DA:478,7395
DA:480,8676
DA:481,7923
DA:483,8676
DA:495,4
DA:496,4
DA:500,4
DA:502,0
DA:520,136
DA:533,4
DA:534,4
DA:535,128
DA:547,259
DA:560,259
DA:561,259
DA:577,1237
DA:578,1237
DA:591,13479
DA:601,1121
DA:602,693
DA:614,1888
DA:626,71
DA:627,71
DA:628,71
DA:630,0
DA:644,1304
DA:645,1304
DA:646,32
DA:660,293
DA:661,293
DA:676,112
DA:677,112
DA:678,112
DA:679,112
DA:681,0
DA:682,0
DA:696,0
DA:697,0
DA:698,0
DA:699,0
DA:701,0
DA:715,236
DA:716,236
DA:717,236
DA:718,236
DA:720,0
DA:734,1421
DA:735,1421
DA:736,1421
DA:737,1409
DA:741,1409
DA:743,12
DA:757,0
DA:758,0
DA:759,0
DA:760,0
DA:762,0
DA:776,1423
DA:777,1423
DA:788,20412
DA:804,1376
DA:805,1376
DA:807,0
DA:819,0
DA:831,278
DA:850,859
DA:851,859
DA:852,859
DA:853,826
DA:855,859
DA:874,1863
DA:875,1863
DA:879,449
DA:881,1863
DA:893,1
DA:894,1
DA:895,1
DA:911,89
DA:912,89
DA:913,89
DA:915,0
DA:925,3050
DA:926,1038
DA:927,2012
DA:928,741
DA:930,1271
DA:944,19
DA:956,2
DA:970,6780
DA:971,9004
DA:984,243
DA:985,243
DA:999,10341
DA:1014,1813
DA:1029,17
DA:1030,1
DA:1032,16
LF:161
LH:142
BRDA:76,0,0,13871
BRDA:76,0,1,16676
BRDA:77,1,0,7
BRDA:77,1,1,13864
BRDA:77,2,0,13871
BRDA:77,2,1,7
BRDA:112,3,0,1
BRDA:112,3,1,3
BRDA:147,4,0,1
BRDA:147,4,1,986
BRDA:186,5,0,1475
BRDA:186,5,1,1237
BRDA:225,6,0,0
BRDA:225,6,1,0
BRDA:253,7,0,11830
BRDA:253,7,1,21480
BRDA:274,8,0,31786
BRDA:274,8,1,12709
BRDA:274,9,0,44495
BRDA:274,9,1,36029
BRDA:360,10,0,177
BRDA:360,10,1,4962
BRDA:360,11,0,5139
BRDA:360,11,1,5084
BRDA:363,12,0,44
BRDA:363,12,1,5095
BRDA:366,13,0,11
BRDA:366,13,1,5084
BRDA:367,14,0,5095
BRDA:367,14,1,55
BRDA:367,14,2,12
BRDA:393,15,0,4
BRDA:393,15,1,13490
BRDA:394,16,0,13494
BRDA:394,16,1,887
BRDA:394,16,2,104
BRDA:394,16,3,104
BRDA:394,16,4,103
BRDA:454,17,0,8676
BRDA:454,17,1,2
BRDA:457,18,0,307
BRDA:457,18,1,567
BRDA:477,19,0,7395
BRDA:477,19,1,1281
BRDA:480,20,0,7923
BRDA:480,20,1,753
BRDA:496,21,0,4
BRDA:496,21,1,0
BRDA:497,22,0,4
BRDA:497,22,1,4
BRDA:626,23,0,71
BRDA:626,23,1,0
BRDA:645,24,0,32
BRDA:645,24,1,1272
BRDA:645,25,0,1304
BRDA:645,25,1,33
BRDA:676,26,0,112
BRDA:676,26,1,0
BRDA:677,27,0,112
BRDA:677,27,1,0
BRDA:697,28,0,0
BRDA:697,28,1,0
BRDA:716,29,0,236
BRDA:716,29,1,0
BRDA:736,30,0,1409
BRDA:736,30,1,12
BRDA:758,31,0,0
BRDA:758,31,1,0
BRDA:776,32,0,1423
BRDA:776,32,1,1104
BRDA:803,33,0,104
BRDA:804,34,0,1376
BRDA:804,34,1,0
BRDA:805,35,0,1271
BRDA:805,35,1,105
BRDA:850,36,0,859
BRDA:850,36,1,0
BRDA:852,37,0,826
BRDA:852,37,1,33
BRDA:852,38,0,859
BRDA:852,38,1,827
BRDA:875,39,0,449
BRDA:875,39,1,1414
BRDA:876,40,0,1863
BRDA:876,40,1,852
BRDA:876,40,2,852
BRDA:876,40,3,851
BRDA:893,41,0,1
BRDA:893,41,1,0
BRDA:912,42,0,89
BRDA:912,42,1,0
BRDA:925,43,0,1038
BRDA:925,43,1,2012
BRDA:925,44,0,3050
BRDA:925,44,1,1038
BRDA:927,45,0,741
BRDA:927,45,1,1271
BRDA:1028,46,0,1
BRDA:1029,47,0,1
BRDA:1029,47,1,16
BRF:100
BRH:85
end_of_record
TN:
SF:src/core/module.ts
FN:60,(anonymous_0)
FN:82,(anonymous_1)
FN:97,(anonymous_2)
FN:118,(anonymous_3)
FN:139,(anonymous_4)
FN:142,(anonymous_5)
FN:161,(anonymous_6)
FN:163,(anonymous_7)
FN:167,(anonymous_8)
FN:172,(anonymous_9)
FN:191,(anonymous_10)
FN:201,(anonymous_11)
FN:209,(anonymous_12)
FN:226,(anonymous_13)
FN:244,(anonymous_14)
FN:265,(anonymous_15)
FN:269,(anonymous_16)
FN:270,(anonymous_17)
FN:296,(anonymous_18)
FN:300,(anonymous_19)
FN:323,(anonymous_20)
FN:327,(anonymous_21)
FN:338,(anonymous_22)
FN:356,(anonymous_23)
FN:362,(anonymous_24)
FN:368,(anonymous_25)
FN:373,(anonymous_26)
FN:377,(anonymous_27)
FN:392,(anonymous_28)
FN:408,(anonymous_29)
FN:414,(anonymous_30)
FN:419,(anonymous_31)
FN:424,(anonymous_32)
FNF:33
FNH:25
FNDA:22,(anonymous_0)
FNDA:9,(anonymous_1)
FNDA:2,(anonymous_2)
FNDA:12,(anonymous_3)
FNDA:9,(anonymous_4)
FNDA:2,(anonymous_5)
FNDA:7,(anonymous_6)
FNDA:9,(anonymous_7)
FNDA:2,(anonymous_8)
FNDA:9,(anonymous_9)
FNDA:7,(anonymous_10)
FNDA:9,(anonymous_11)
FNDA:24,(anonymous_12)
FNDA:9,(anonymous_13)
FNDA:15,(anonymous_14)
FNDA:7,(anonymous_15)
FNDA:9,(anonymous_16)
FNDA:9,(anonymous_17)
FNDA:7,(anonymous_18)
FNDA:0,(anonymous_19)
FNDA:2,(anonymous_20)
FNDA:1,(anonymous_21)
FNDA:1,(anonymous_22)
FNDA:1,(anonymous_23)
FNDA:0,(anonymous_24)
FNDA:1,(anonymous_25)
FNDA:0,(anonymous_26)
FNDA:0,(anonymous_27)
FNDA:0,(anonymous_28)
FNDA:1,(anonymous_29)
FNDA:0,(anonymous_30)
FNDA:0,(anonymous_31)
FNDA:0,(anonymous_32)
DA:1,62
DA:2,62
DA:3,62
DA:4,62
DA:5,62
DA:46,62
DA:61,22
DA:62,22
DA:63,22
DA:83,9
DA:84,9
DA:98,2
DA:123,12
DA:127,12
DA:141,9
DA:142,9
DA:143,2
DA:150,9
DA:162,7
DA:164,9
DA:165,9
DA:166,9
DA:167,2
DA:169,9
DA:170,7
DA:172,9
DA:179,7
DA:197,7
DA:198,7
DA:199,7
DA:201,7
DA:202,9
DA:203,9
DA:204,9
DA:205,9
DA:206,9
DA:209,7
DA:210,24
DA:211,24
DA:213,24
DA:215,9
DA:218,15
DA:219,7
DA:222,15
DA:224,15
DA:226,15
DA:238,9
DA:241,15
DA:244,15
DA:246,7
DA:266,7
DA:268,7
DA:269,7
DA:270,9
DA:272,9
DA:275,9
DA:283,9
DA:287,0
DA:289,9
DA:292,7
DA:294,7
DA:295,7
DA:297,7
DA:298,7
DA:301,0
DA:324,2
DA:325,2
DA:328,1
DA:329,1
DA:334,0
DA:337,1
DA:338,1
DA:339,1
DA:361,1
DA:363,0
DA:364,0
DA:365,0
DA:367,1
DA:369,1
DA:370,1
DA:371,0
DA:372,0
DA:374,0
DA:375,0
DA:378,0
DA:382,1
DA:383,1
DA:393,0
DA:409,1
DA:410,1
DA:411,1
DA:413,0
DA:415,0
DA:416,0
DA:417,0
DA:419,0
DA:420,0
DA:421,0
DA:422,0
DA:423,0
DA:424,0
DA:425,0
DA:428,0
DA:432,1
LF:104
LH:80
BRDA:145,0,0,2
BRDA:145,0,1,0
BRDA:165,1,0,0
BRDA:165,1,1,9
BRDA:169,2,0,7
BRDA:169,2,1,2
BRDA:204,3,0,7
BRDA:204,3,1,2
BRDA:205,4,0,8
BRDA:205,4,1,1
BRDA:213,5,0,9
BRDA:213,5,1,15
BRDA:218,6,0,7
BRDA:218,6,1,8
BRDA:275,7,0,9
BRDA:275,7,1,0
BRDA:329,8,0,0
BRDA:329,8,1,1
BRDA:330,9,0,1
BRDA:330,9,1,0
BRDA:330,9,2,0
BRDA:358,10,0,0
BRDA:361,11,0,1
BRDA:361,11,1,0
BRDA:361,12,0,1
BRDA:361,12,1,1
BRDA:370,13,0,0
BRDA:370,13,1,1
BRDA:411,14,0,0
BRDA:411,14,1,1
BRDA:413,15,0,0
BRDA:413,15,1,0
BRDA:413,16,0,0
BRDA:413,16,1,0
BRDA:421,17,0,0
BRDA:421,17,1,0
BRDA:421,18,0,0
BRDA:421,18,1,0
BRF:38
BRH:20
end_of_record
TN:
SF:src/core/objekt.ts
FN:54,(anonymous_0)
FN:75,(anonymous_1)
FN:109,(anonymous_2)
FN:110,(anonymous_3)
FN:140,(anonymous_4)
FN:163,(anonymous_5)
FN:190,(anonymous_6)
FN:198,(anonymous_7)
FN:226,(anonymous_8)
FN:254,(anonymous_9)
FN:276,(anonymous_10)
FN:289,(anonymous_11)
FN:300,(anonymous_12)
FN:343,(anonymous_13)
FN:351,(anonymous_14)
FN:371,(anonymous_15)
FN:400,(anonymous_16)
FN:415,(anonymous_17)
FN:429,(anonymous_18)
FN:447,(anonymous_19)
FN:448,(anonymous_20)
FN:466,(anonymous_21)
FN:467,(anonymous_22)
FN:488,(anonymous_23)
FN:490,(anonymous_24)
FNF:25
FNH:17
FNDA:22541,(anonymous_0)
FNDA:44737,(anonymous_1)
FNDA:1,(anonymous_2)
FNDA:1,(anonymous_3)
FNDA:4824,(anonymous_4)
FNDA:6073,(anonymous_5)
FNDA:362,(anonymous_6)
FNDA:1428,(anonymous_7)
FNDA:3580,(anonymous_8)
FNDA:362,(anonymous_9)
FNDA:6,(anonymous_10)
FNDA:4,(anonymous_11)
FNDA:11,(anonymous_12)
FNDA:0,(anonymous_13)
FNDA:0,(anonymous_14)
FNDA:3580,(anonymous_15)
FNDA:14,(anonymous_16)
FNDA:194,(anonymous_17)
FNDA:3,(anonymous_18)
FNDA:0,(anonymous_19)
FNDA:0,(anonymous_20)
FNDA:0,(anonymous_21)
FNDA:0,(anonymous_22)
FNDA:0,(anonymous_23)
FNDA:0,(anonymous_24)
DA:1,95
DA:39,95
DA:55,22541
DA:56,22541
DA:76,44737
DA:78,40735
DA:79,40735
DA:80,611211
DA:81,57585
DA:82,5202
DA:83,3444
DA:85,5202
DA:86,52383
DA:90,1
DA:91,1
DA:93,52382
DA:98,44737
DA:110,1
DA:111,1
DA:145,4824
DA:147,39
DA:149,4785
DA:150,4785
DA:152,4785
DA:168,6073
DA:169,6073
DA:170,6073
DA:171,1191
DA:173,4882
DA:174,3593
DA:176,1289
DA:177,1288
DA:179,1
DA:197,362
DA:198,362
DA:199,1428
DA:200,362
DA:201,1066
DA:205,0
DA:206,0
DA:207,0
DA:227,3580
DA:228,3580
DA:229,3580
DA:259,362
DA:260,362
DA:261,362
DA:277,6
DA:278,6
DA:290,4
DA:305,11
DA:306,11
DA:307,25
DA:308,25
DA:309,5
DA:310,20
DA:314,5
DA:315,5
DA:316,5
DA:348,0
DA:349,0
DA:351,0
DA:352,0
DA:353,0
DA:354,0
DA:355,0
DA:357,0
DA:377,3580
DA:379,3580
DA:380,3580
DA:381,1817
DA:383,3580
DA:384,3580
DA:401,14
DA:402,14
DA:416,194
DA:430,3
DA:448,0
DA:449,0
DA:467,0
DA:468,0
DA:489,0
DA:490,0
DA:491,0
DA:492,0
DA:495,0
LF:86
LH:66
BRDA:76,0,0,40735
BRDA:76,0,1,4002
BRDA:80,1,0,57585
BRDA:80,1,1,553626
BRDA:81,2,0,5202
BRDA:81,2,1,52383
BRDA:82,3,0,3444
BRDA:82,3,1,1758
BRDA:86,4,0,1
BRDA:86,4,1,52382
BRDA:87,5,0,52383
BRDA:87,5,1,1251
BRDA:143,6,0,4824
BRDA:145,7,0,39
BRDA:145,7,1,4785
BRDA:149,8,0,0
BRDA:149,8,1,4785
BRDA:152,9,0,3593
BRDA:152,9,1,1192
BRDA:170,10,0,1191
BRDA:170,10,1,4882
BRDA:173,11,0,3593
BRDA:173,11,1,1289
BRDA:176,12,0,1288
BRDA:176,12,1,1
BRDA:176,13,0,1289
BRDA:176,13,1,2
BRDA:199,14,0,362
BRDA:199,14,1,1066
BRDA:199,15,0,1428
BRDA:199,15,1,1428
BRDA:201,16,0,0
BRDA:201,16,1,1066
BRDA:202,17,0,1066
BRDA:202,17,1,0
BRDA:202,17,2,0
BRDA:257,18,0,362
BRDA:260,19,0,0
BRDA:260,19,1,362
BRDA:307,20,0,25
BRDA:307,20,1,0
BRDA:308,21,0,5
BRDA:308,21,1,20
BRDA:308,22,0,25
BRDA:308,22,1,11
BRDA:310,23,0,5
BRDA:310,23,1,15
BRDA:311,24,0,20
BRDA:311,24,1,5
BRDA:311,24,2,0
BRDA:348,25,0,0
BRDA:348,25,1,0
BRDA:349,26,0,0
BRDA:349,26,1,0
BRDA:354,27,0,0
BRDA:354,27,1,0
BRDA:354,28,0,0
BRDA:354,28,1,0
BRDA:381,29,0,1817
BRDA:381,29,1,1817
BRDA:491,30,0,0
BRDA:491,30,1,0
BRF:62
BRH:45
end_of_record
TN:
SF:src/core/promize.ts
FN:45,(anonymous_0)
FN:55,(anonymous_1)
FN:81,(anonymous_2)
FN:114,(anonymous_3)
FN:159,(anonymous_4)
FN:203,(anonymous_5)
FN:205,(anonymous_6)
FN:208,(anonymous_7)
FNF:8
FNH:8
FNDA:559,(anonymous_0)
FNDA:559,(anonymous_1)
FNDA:351,(anonymous_2)
FNDA:129,(anonymous_3)
FNDA:436,(anonymous_4)
FNDA:116,(anonymous_5)
FNDA:113,(anonymous_6)
FNDA:1,(anonymous_7)
DA:1,75
DA:3,75
DA:35,75
DA:46,559
DA:56,559
DA:63,559
DA:83,351
DA:84,351
DA:85,347
DA:87,351
DA:91,147
DA:92,147
DA:94,204
DA:95,204
DA:116,129
DA:117,129
DA:118,125
DA:120,129
DA:124,115
DA:125,115
DA:127,14
DA:128,14
DA:167,436
DA:168,436
DA:169,436
DA:171,161
DA:172,161
DA:173,161
DA:175,9
DA:176,9
DA:177,9
DA:179,266
DA:204,116
DA:206,113
DA:209,1
LF:35
LH:35
BRDA:45,0,0,559
BRDA:55,1,0,0
BRDA:84,2,0,347
BRDA:84,2,1,4
BRDA:85,3,0,215
BRDA:85,3,1,132
BRDA:87,4,0,147
BRDA:87,4,1,204
BRDA:88,5,0,351
BRDA:88,5,1,147
BRDA:117,6,0,125
BRDA:117,6,1,4
BRDA:118,7,0,10
BRDA:118,7,1,115
BRDA:120,8,0,115
BRDA:120,8,1,14
BRDA:121,9,0,129
BRDA:121,9,1,115
BRDA:167,10,0,436
BRDA:167,10,1,163
BRDA:168,11,0,436
BRDA:168,11,1,430
BRDA:169,12,0,161
BRDA:169,12,1,9
BRDA:169,12,2,266
BRF:25
BRH:24
end_of_record
TN:
SF:src/core/query.ts
FN:39,(anonymous_0)
FN:61,(anonymous_1)
FN:78,(anonymous_2)
FN:96,(anonymous_3)
FNF:4
FNH:4
FNDA:10662,(anonymous_0)
FNDA:7893,(anonymous_1)
FNDA:3,(anonymous_2)
FNDA:10662,(anonymous_3)
DA:1,78
DA:2,78
DA:3,78
DA:28,78
DA:40,10662
DA:41,10662
DA:42,7841
DA:45,10662
DA:46,10662
DA:62,7893
DA:63,7893
DA:64,3323
DA:66,7893
DA:79,3
DA:96,78
DA:98,10662
DA:99,10662
DA:105,4334
DA:106,6328
DA:107,675
DA:108,675
DA:109,398
DA:111,675
DA:112,675
DA:113,5653
DA:114,3790
DA:116,1863
DA:118,10662
DA:119,10662
DA:120,10437
DA:121,10407
DA:124,10662
LF:32
LH:32
BRDA:40,0,0,7842
BRDA:40,0,1,2820
BRDA:40,1,0,10662
BRDA:40,1,1,10662
BRDA:41,2,0,7841
BRDA:41,2,1,2821
BRDA:63,3,0,3323
BRDA:63,3,1,4570
BRDA:99,4,0,4334
BRDA:99,4,1,6328
BRDA:100,5,0,10662
BRDA:100,5,1,9305
BRDA:100,5,2,9135
BRDA:100,5,3,3790
BRDA:100,5,4,9135
BRDA:106,6,0,675
BRDA:106,6,1,5653
BRDA:108,7,0,398
BRDA:108,7,1,277
BRDA:113,8,0,3790
BRDA:113,8,1,1863
BRDA:120,9,0,10407
BRDA:120,9,1,30
BRF:23
BRH:23
end_of_record
TN:
SF:src/core/router.ts
FN:54,(anonymous_0)
FN:68,(anonymous_1)
FN:72,(anonymous_2)
FN:96,(anonymous_3)
FN:132,(anonymous_4)
FN:156,(anonymous_5)
[...]
FN:194,(anonymous_10)
FN:211,(anonymous_11)
FN:252,(anonymous_12)
FN:277,(anonymous_13)
FN:309,(anonymous_14)
FN:341,(anonymous_15)
FN:373,(anonymous_16)
FN:396,(anonymous_17)
FN:412,(anonymous_18)
FN:439,(anonymous_19)
FN:463,(anonymous_20)
FN:496,(anonymous_21)
FN:520,(anonymous_22)
FN:551,(anonymous_23)
FN:561,(anonymous_24)
FN:600,(anonymous_25)
FN:604,(anonymous_26)
FN:638,(anonymous_27)
FN:650,(anonymous_28)
FN:664,(anonymous_29)
FN:680,(anonymous_30)
FN:701,(anonymous_31)
FNF:32
FNH:32
FNDA:74,(anonymous_0)
FNDA:74,(anonymous_1)
FNDA:74,(anonymous_2)
FNDA:74,(anonymous_3)
FNDA:370,(anonymous_4)
FNDA:250,(anonymous_5)
FNDA:133,(anonymous_6)
FNDA:59,(anonymous_7)
FNDA:58,(anonymous_8)
FNDA:74,(anonymous_9)
FNDA:28,(anonymous_10)
FNDA:23,(anonymous_11)
FNDA:47,(anonymous_12)
FNDA:6,(anonymous_13)
FNDA:2,(anonymous_14)
FNDA:2,(anonymous_15)
FNDA:2,(anonymous_16)
FNDA:59,(anonymous_17)
FNDA:59,(anonymous_18)
FNDA:59,(anonymous_19)
FNDA:6,(anonymous_20)
FNDA:3,(anonymous_21)
FNDA:23,(anonymous_22)
FNDA:23,(anonymous_23)
FNDA:1,(anonymous_24)
FNDA:59,(anonymous_25)
FNDA:2,(anonymous_26)
FNDA:59,(anonymous_27)
FNDA:239,(anonymous_28)
FNDA:354,(anonymous_29)
FNDA:16,(anonymous_30)
FNDA:16,(anonymous_31)
DA:1,26
DA:10,26
DA:11,26
DA:12,26
DA:13,26
DA:51,26
DA:79,74
DA:80,74
DA:89,74
DA:93,74
DA:101,74
DA:102,74
DA:103,74
DA:105,74
DA:107,74
DA:108,74
DA:114,74
DA:122,74
DA:123,74
DA:129,74
DA:130,74
DA:131,74
DA:141,370
DA:152,250
DA:162,133
DA:172,59
DA:182,58
DA:194,74
DA:195,28
DA:198,1
DA:201,1
DA:204,1
DA:207,1
DA:210,23
DA:212,23
DA:213,19
DA:218,4
DA:225,23
DA:227,1
DA:231,1
DA:257,47
DA:283,6
DA:315,2
DA:347,2
DA:379,2
DA:397,59
DA:398,59
DA:419,59
DA:421,59
DA:422,59
DA:423,59
DA:425,59
DA:427,59
DA:440,59
DA:441,59
DA:442,59
DA:444,44
DA:445,44
DA:447,3
DA:448,3
DA:451,59
DA:469,6
DA:470,6
DA:471,6
DA:472,1
DA:473,1
DA:474,2
DA:476,5
DA:477,1
DA:478,2
DA:479,2
DA:480,2
DA:484,4
DA:486,6
DA:497,3
DA:498,3
DA:500,4
DA:501,4
DA:507,4
DA:510,3
DA:521,23
DA:523,23
DA:524,23
DA:527,1
DA:529,22
DA:532,22
DA:533,2
DA:536,1
DA:538,22
DA:552,23
DA:553,23
DA:555,23
DA:556,23
DA:557,23
DA:559,22
DA:560,1
DA:561,1
DA:562,1
DA:565,1
DA:566,1
DA:567,1
DA:569,1
DA:571,21
DA:574,21
DA:575,21
DA:576,21
DA:578,22
DA:580,1
DA:581,1
DA:582,1
DA:583,1
DA:587,23
DA:604,59
DA:605,2
DA:606,1
DA:608,1
DA:612,59
DA:613,58
DA:615,59
DA:616,59
DA:618,59
DA:619,59
DA:621,59
DA:625,3
DA:626,3
DA:628,59
DA:629,59
DA:639,59
DA:651,239
DA:652,182
DA:654,239
DA:665,354
DA:684,16
DA:685,2
DA:686,2
DA:702,16
DA:703,3
LF:137
LH:137
BRDA:78,0,0,31
BRDA:88,1,0,0
BRDA:152,2,0,250
BRDA:152,2,1,18
BRDA:195,3,0,1
BRDA:195,3,1,1
BRDA:195,3,2,1
BRDA:195,3,3,1
BRDA:195,3,4,23
BRDA:195,3,5,1
BRDA:212,4,0,19
BRDA:212,4,1,4
BRDA:255,5,0,45
BRDA:281,6,0,6
BRDA:313,7,0,2
BRDA:345,8,0,2
BRDA:377,9,0,2
BRDA:398,10,0,57
BRDA:398,10,1,2
BRDA:417,11,0,0
BRDA:441,12,0,59
BRDA:441,12,1,0
BRDA:442,13,0,44
BRDA:442,13,1,3
BRDA:469,14,0,2
BRDA:469,14,1,4
BRDA:471,15,0,1
BRDA:471,15,1,5
BRDA:476,16,0,1
BRDA:476,16,1,4
BRDA:478,17,0,2
BRDA:478,17,1,0
BRDA:500,18,0,4
BRDA:500,18,1,0
BRDA:524,19,0,1
BRDA:524,19,1,22
BRDA:532,20,0,2
BRDA:532,20,1,20
BRDA:556,21,0,23
BRDA:556,21,1,0
BRDA:557,22,0,22
BRDA:557,22,1,1
BRDA:559,23,0,1
BRDA:559,23,1,21
BRDA:563,24,0,1
BRDA:563,24,1,0
BRDA:571,25,0,2
BRDA:571,25,1,19
BRDA:572,26,0,2
BRDA:572,26,1,1
BRDA:602,27,0,0
BRDA:605,28,0,1
BRDA:605,28,1,1
BRDA:612,29,0,58
BRDA:612,29,1,1
BRDA:615,30,0,59
BRDA:615,30,1,0
BRDA:618,31,0,59
BRDA:618,31,1,0
BRDA:621,32,0,3
BRDA:621,32,1,56
BRDA:622,33,0,59
BRDA:622,33,1,59
BRDA:628,34,0,59
BRDA:628,34,1,0
BRDA:651,35,0,182
BRDA:651,35,1,57
BRDA:651,36,0,239
BRDA:651,36,1,239
BRDA:684,37,0,2
BRDA:684,37,1,14
BRDA:684,38,0,16
BRDA:684,38,1,3
BRDA:702,39,0,3
BRDA:702,39,1,13
BRF:75
BRH:64
end_of_record
TN:
SF:src/utils/coder.ts
FN:7,(anonymous_0)
FN:22,(anonymous_1)
FN:47,(anonymous_2)
FN:65,(anonymous_3)
FN:91,(anonymous_4)
FN:124,(anonymous_5)
FN:155,(anonymous_6)
FN:242,(anonymous_7)
FN:243,(anonymous_8)
FN:267,(anonymous_9)
FN:283,(anonymous_10)
FN:302,(anonymous_11)
FNF:12
FNH:12
FNDA:56,(anonymous_0)
FNDA:13,(anonymous_1)
FNDA:67,(anonymous_2)
FNDA:4,(anonymous_3)
FNDA:18,(anonymous_4)
FNDA:13,(anonymous_5)
FNDA:7,(anonymous_6)
FNDA:28,(anonymous_7)
FNDA:112,(anonymous_8)
FNDA:1430,(anonymous_9)
FNDA:1427,(anonymous_10)
FNDA:4,(anonymous_11)
DA:7,51
DA:8,56
DA:9,56
DA:10,56
DA:11,347
DA:13,56
DA:22,51
DA:23,13
DA:24,13
DA:25,99
DA:27,13
DA:28,13
DA:30,0
DA:47,51
DA:48,67
DA:65,51
DA:66,4
DA:67,4
DA:69,0
DA:91,51
DA:92,18
DA:93,18
DA:94,18
DA:95,18
DA:96,122
DA:100,18
DA:124,51
DA:125,13
DA:126,13
DA:127,13
DA:128,13
DA:129,13
DA:130,99
DA:134,13
DA:135,13
DA:137,0
DA:155,51
DA:156,7
DA:157,7
DA:158,7
DA:161,7
DA:162,7
DA:163,7
DA:164,7
DA:165,60
DA:167,7
DA:169,7
DA:170,28
DA:174,7
DA:182,7
DA:183,7
DA:184,448
DA:187,7
DA:188,7
DA:189,7
DA:190,7
DA:192,7
DA:193,7
DA:194,7
DA:195,112
DA:196,112
DA:205,7
DA:206,7
DA:207,7
DA:208,7
DA:210,7
DA:213,448
DA:214,112
DA:215,112
DA:216,336
DA:217,112
DA:218,112
DA:219,224
DA:220,112
DA:221,112
DA:223,112
DA:224,112
DA:226,448
DA:227,448
DA:228,448
DA:229,448
DA:230,448
DA:231,448
DA:232,448
DA:235,7
DA:236,7
DA:237,7
DA:238,7
DA:242,7
DA:243,28
DA:244,112
DA:247,7
DA:267,51
DA:268,1430
DA:283,1427
DA:302,51
DA:303,4
LF:97
LH:94
BRDA:135,0,0,13
BRDA:135,0,1,0
BRDA:161,1,0,7
BRDA:161,1,1,0
BRDA:213,2,0,112
BRDA:213,2,1,336
BRDA:216,3,0,112
BRDA:216,3,1,224
BRDA:219,4,0,112
BRDA:219,4,1,112
BRF:10
BRH:8
end_of_record
TN:
SF:src/utils/color.ts
FN:27,(anonymous_0)
FN:37,(anonymous_1)
FN:82,(anonymous_2)
FN:114,(anonymous_3)
FN:138,(anonymous_4)
FN:171,(anonymous_5)
FN:241,(anonymous_6)
FN:277,(anonymous_7)
FN:311,(anonymous_8)
FNF:9
FNH:9
FNDA:5,(anonymous_0)
FNDA:9,(anonymous_1)
FNDA:8,(anonymous_2)
FNDA:1,(anonymous_3)
FNDA:10,(anonymous_4)
FNDA:5,(anonymous_5)
FNDA:1,(anonymous_6)
FNDA:3,(anonymous_7)
FNDA:3,(anonymous_8)
DA:1,30
DA:27,30
DA:32,5
DA:33,5
DA:34,5
DA:35,5
DA:36,5
DA:37,9
DA:38,5
DA:39,5
DA:40,5
DA:41,3
DA:42,3
DA:43,3
DA:44,3
DA:46,3
DA:47,3
DA:48,0
DA:49,0
DA:50,0
DA:51,0
DA:53,3
DA:54,1
DA:55,2
DA:56,0
DA:59,5
DA:82,30
DA:87,8
DA:88,8
DA:89,8
DA:90,24
DA:91,11
DA:93,13
DA:96,8
DA:114,30
DA:117,1
DA:118,1
DA:138,30
DA:141,10
DA:142,10
DA:143,10
DA:144,10
DA:145,10
DA:171,30
DA:176,5
DA:177,5
DA:178,5
DA:179,5
DA:180,5
DA:186,5
DA:188,1
DA:189,1
DA:190,1
DA:191,1
DA:193,0
DA:194,0
DA:195,0
DA:196,0
DA:198,1
DA:199,1
DA:200,1
DA:201,1
DA:203,0
DA:204,0
DA:205,0
DA:206,0
DA:208,1
DA:209,1
DA:210,1
DA:211,1
DA:213,2
DA:214,2
DA:215,2
DA:216,2
DA:218,5
DA:241,30
DA:242,1
DA:243,1
DA:277,30
DA:282,3
DA:283,3
DA:284,3
DA:311,30
DA:315,3
DA:316,3
DA:317,9
DA:318,9
DA:319,0
DA:320,9
DA:321,4
DA:324,3
LF:91
LH:77
BRDA:40,0,0,3
BRDA:40,0,1,2
BRDA:46,1,0,3
BRDA:46,1,1,0
BRDA:48,2,0,0
BRDA:48,2,1,0
BRDA:50,3,0,0
BRDA:50,3,1,0
BRDA:53,4,0,1
BRDA:53,4,1,2
BRDA:55,5,0,0
BRDA:55,5,1,2
BRDA:90,6,0,11
BRDA:90,6,1,13
BRDA:141,7,0,10
BRDA:141,7,1,0
BRDA:186,8,0,1
BRDA:186,8,1,0
BRDA:186,8,2,1
BRDA:186,8,3,0
BRDA:186,8,4,1
BRDA:186,8,5,2
BRDA:279,9,0,2
BRDA:280,10,0,2
BRDA:284,11,0,1
BRDA:284,11,1,2
BRDA:313,12,0,2
BRDA:318,13,0,0
BRDA:318,13,1,9
BRDA:320,14,0,4
BRDA:320,14,1,5
BRF:31
BRH:21
end_of_record
TN:
SF:src/utils/dateio.ts
FN:58,(anonymous_0)
FN:84,(anonymous_1)
FN:101,(anonymous_2)
FN:131,(anonymous_3)
FN:176,(anonymous_4)
FN:191,(anonymous_5)
FN:201,(anonymous_6)
FN:208,(anonymous_7)
FN:216,(anonymous_8)
FN:224,(anonymous_9)
FN:232,(anonymous_10)
FN:239,(anonymous_11)
FN:247,(anonymous_12)
FN:255,(anonymous_13)
FN:263,(anonymous_14)
FN:270,(anonymous_15)
FN:278,(anonymous_16)
FN:285,(anonymous_17)
FN:293,(anonymous_18)
FN:301,(anonymous_19)
FN:308,(anonymous_20)
FN:316,(anonymous_21)
FN:324,(anonymous_22)
FN:332,(anonymous_23)
FN:339,(anonymous_24)
FN:347,(anonymous_25)
FN:355,(anonymous_26)
FN:363,(anonymous_27)
FN:370,(anonymous_28)
FN:377,(anonymous_29)
FN:384,(anonymous_30)
FN:391,(anonymous_31)
FN:398,(anonymous_32)
FNF:33
FNH:33
FNDA:35,(anonymous_0)
FNDA:3,(anonymous_1)
FNDA:24292,(anonymous_2)
FNDA:137,(anonymous_3)
FNDA:24345,(anonymous_4)
FNDA:2,(anonymous_5)
FNDA:2,(anonymous_6)
FNDA:65,(anonymous_7)
FNDA:1,(anonymous_8)
FNDA:1,(anonymous_9)
FNDA:1,(anonymous_10)
FNDA:126,(anonymous_11)
FNDA:1,(anonymous_12)
FNDA:1,(anonymous_13)
FNDA:1,(anonymous_14)
FNDA:7,(anonymous_15)
FNDA:4539,(anonymous_16)
FNDA:110,(anonymous_17)
FNDA:662,(anonymous_18)
FNDA:109,(anonymous_19)
FNDA:7,(anonymous_20)
FNDA:172,(anonymous_21)
FNDA:109,(anonymous_22)
FNDA:109,(anonymous_23)
FNDA:38,(anonymous_24)
FNDA:243,(anonymous_25)
FNDA:110,(anonymous_26)
FNDA:111,(anonymous_27)
FNDA:80,(anonymous_28)
FNDA:109,(anonymous_29)
FNDA:218,(anonymous_30)
FNDA:1,(anonymous_31)
FNDA:1,(anonymous_32)
DA:15,32
DA:49,32
DA:58,32
DA:59,35
DA:61,1
DA:63,33
DA:65,1
DA:69,32
DA:84,32
DA:85,3
DA:101,32
DA:102,24292
DA:114,32
DA:135,137
DA:136,3
DA:137,3
DA:143,0
DA:148,0
DA:151,134
DA:152,134
DA:154,1
DA:159,1
DA:177,24345
DA:178,24285
DA:182,60
DA:192,2
DA:202,2
DA:209,65
DA:217,1
DA:225,1
DA:233,1
DA:240,126
DA:248,1
DA:256,1
DA:264,1
DA:271,7
DA:279,4539
DA:286,110
DA:294,662
DA:302,109
DA:309,7
DA:317,172
DA:325,109
DA:333,109
DA:340,38
DA:348,243
DA:356,110
DA:364,111
DA:371,80
DA:378,109
DA:385,218
DA:392,1
DA:399,1
LF:53
LH:51
BRDA:59,0,0,1
BRDA:59,0,1,33
BRDA:59,0,2,1
BRDA:132,1,0,2
BRDA:135,2,0,3
BRDA:135,2,1,134
BRDA:177,3,0,24285
BRDA:177,3,1,60
BRF:8
BRH:8
end_of_record
TN:
SF:src/utils/index.ts
FNF:0
FNH:0
DA:15,29
DA:16,29
DA:17,29
DA:18,29
DA:19,29
DA:20,29
DA:21,29
DA:22,29
LF:8
LH:8
BRF:0
BRH:0
end_of_record
TN:
SF:src/utils/log.ts
FN:29,(anonymous_0)
FN:46,(anonymous_1)
FN:63,(anonymous_2)
FN:81,(anonymous_3)
FN:97,(anonymous_4)
FN:114,(anonymous_5)
FNF:6
FNH:4
FNDA:1,(anonymous_0)
FNDA:0,(anonymous_1)
FNDA:5,(anonymous_2)
FNDA:1,(anonymous_3)
FNDA:391,(anonymous_4)
FNDA:0,(anonymous_5)
DA:16,84
DA:29,84
DA:30,1
DA:31,1
DA:46,84
DA:47,0
DA:48,0
DA:63,84
DA:64,5
DA:65,5
DA:81,84
DA:82,1
DA:97,84
DA:98,391
DA:114,84
DA:115,0
LF:16
LH:13
BRDA:30,0,0,1
BRDA:30,0,1,0
BRDA:47,1,0,0
BRDA:47,1,1,0
BRDA:64,2,0,5
BRDA:64,2,1,0
BRF:6
BRH:2
end_of_record
TN:
SF:src/utils/math.ts
FN:27,(anonymous_0)
FN:42,(anonymous_1)
FN:79,(anonymous_2)
FN:125,(anonymous_3)
FN:167,(anonymous_4)
FN:188,(anonymous_5)
FN:209,(anonymous_6)
FN:235,(anonymous_7)
FNF:8
FNH:8
FNDA:6,(anonymous_0)
FNDA:18,(anonymous_1)
FNDA:8,(anonymous_2)
FNDA:88,(anonymous_3)
FNDA:20,(anonymous_4)
FNDA:65,(anonymous_5)
FNDA:3,(anonymous_6)
FNDA:3,(anonymous_7)
DA:27,31
DA:33,6
DA:34,2
DA:36,6
DA:37,6
DA:38,6
DA:39,6
DA:43,18
DA:47,6
DA:48,2
DA:50,6
DA:79,31
DA:83,8
DA:94,8
DA:95,8
DA:96,8
DA:97,8
DA:98,62
DA:99,62
DA:100,62
DA:101,62
DA:102,62
DA:106,62
DA:108,8
DA:125,31
DA:127,88
DA:129,47
DA:131,41
DA:132,41
DA:134,41
DA:135,0
DA:138,41
DA:140,41
DA:144,41
DA:145,41
DA:167,31
DA:168,20
DA:188,31
DA:189,65
DA:209,31
DA:210,3
DA:235,31
DA:241,3
DA:242,1
DA:244,2
DA:246,3
LF:46
LH:45
BRDA:29,0,0,4
BRDA:30,1,0,4
BRDA:31,2,0,4
BRDA:33,3,0,2
BRDA:33,3,1,4
BRDA:38,4,0,2
BRDA:38,4,1,4
BRDA:38,5,0,6
BRDA:38,5,1,6
BRDA:43,6,0,3
BRDA:43,6,1,15
BRDA:43,7,0,18
BRDA:43,7,1,9
BRDA:47,8,0,2
BRDA:47,8,1,4
BRDA:81,9,0,0
BRDA:97,10,0,70
BRDA:97,10,1,64
BRDA:100,11,0,31
BRDA:100,11,1,31
BRDA:101,12,0,23
BRDA:101,12,1,39
BRDA:127,13,0,47
BRDA:127,13,1,41
BRDA:127,14,0,88
BRDA:127,14,1,88
BRDA:134,15,0,0
BRDA:134,15,1,41
BRDA:134,16,0,41
BRDA:134,16,1,41
BRDA:134,17,0,41
BRDA:134,17,1,41
BRDA:141,18,0,0
BRDA:141,18,1,41
BRDA:145,19,0,0
BRDA:145,19,1,41
BRDA:238,20,0,2
BRDA:241,21,0,1
BRDA:241,21,1,2
BRF:39
BRH:35
end_of_record
TN:
SF:src/utils/operation.ts
FN:22,(anonymous_0)
FN:60,(anonymous_1)
FN:106,(anonymous_2)
FN:112,(anonymous_3)
FN:136,(anonymous_4)
FN:137,(anonymous_5)
FN:149,(anonymous_6)
FN:159,(anonymous_7)
FN:169,(anonymous_8)
FN:180,(anonymous_9)
FN:191,(anonymous_10)
FN:202,(anonymous_11)
FN:214,(anonymous_12)
FN:225,(anonymous_13)
FN:235,(anonymous_14)
FN:255,(anonymous_15)
FN:273,(anonymous_16)
FN:286,(anonymous_17)
FN:299,(anonymous_18)
FN:317,(anonymous_19)
FN:327,(anonymous_20)
FN:337,(anonymous_21)
FN:346,(anonymous_22)
FN:356,(anonymous_23)
FN:370,(anonymous_24)
FN:386,(anonymous_25)
FN:414,(anonymous_26)
FN:447,(anonymous_27)
FN:478,(anonymous_28)
FN:509,(anonymous_29)
FN:515,(anonymous_30)
FN:534,(anonymous_31)
FN:550,(anonymous_32)
FN:563,(anonymous_33)
FN:581,(anonymous_34)
FN:592,(anonymous_35)
FN:609,(anonymous_36)
FN:610,(anonymous_37)
FN:628,(anonymous_38)
FN:635,(anonymous_39)
FN:656,(anonymous_40)
FN:674,(anonymous_41)
FN:696,(anonymous_42)
FN:699,(anonymous_43)
FN:721,(anonymous_44)
FN:725,(anonymous_45)
FN:752,(anonymous_46)
FN:775,(anonymous_47)
FN:791,(anonymous_48)
FN:809,(anonymous_49)
FN:814,(anonymous_50)
FN:837,(anonymous_51)
FN:844,(anonymous_52)
FN:870,(anonymous_53)
FN:879,(anonymous_54)
FN:914,(anonymous_55)
FN:940,(anonymous_56)
FN:968,(anonymous_57)
FN:974,(anonymous_58)
FN:975,(anonymous_59)
FN:1005,(anonymous_60)
FN:1031,(anonymous_61)
FN:1034,(anonymous_62)
FN:1036,(anonymous_63)
FN:1061,(anonymous_64)
FN:1081,(anonymous_65)
FN:1094,(anonymous_66)
FNF:67
FNH:65
FNDA:74857,(anonymous_0)
FNDA:1,(anonymous_1)
FNDA:2907,(anonymous_2)
FNDA:3078,(anonymous_3)
FNDA:9345,(anonymous_4)
FNDA:437,(anonymous_5)
FNDA:198195,(anonymous_6)
FNDA:90,(anonymous_7)
FNDA:1,(anonymous_8)
FNDA:32,(anonymous_9)
FNDA:1,(anonymous_10)
FNDA:1,(anonymous_11)
FNDA:215669,(anonymous_12)
FNDA:6831,(anonymous_13)
FNDA:106439,(anonymous_14)
FNDA:27996,(anonymous_15)
FNDA:1,(anonymous_16)
FNDA:1,(anonymous_17)
FNDA:92154,(anonymous_18)
FNDA:108175,(anonymous_19)
FNDA:93565,(anonymous_20)
FNDA:109604,(anonymous_21)
FNDA:840,(anonymous_22)
FNDA:28177,(anonymous_23)
FNDA:233602,(anonymous_24)
FNDA:121754,(anonymous_25)
FNDA:26567,(anonymous_26)
FNDA:32890,(anonymous_27)
FNDA:8112,(anonymous_28)
FNDA:1,(anonymous_29)
FNDA:3,(anonymous_30)
FNDA:42,(anonymous_31)
FNDA:38,(anonymous_32)
FNDA:6,(anonymous_33)
FNDA:5300,(anonymous_34)
FNDA:72644,(anonymous_35)
FNDA:1,(anonymous_36)
FNDA:2,(anonymous_37)
FNDA:1291,(anonymous_38)
FNDA:16,(anonymous_39)
FNDA:1,(anonymous_40)
FNDA:1,(anonymous_41)
FNDA:120,(anonymous_42)
FNDA:231,(anonymous_43)
FNDA:439,(anonymous_44)
FNDA:1603,(anonymous_45)
FNDA:176,(anonymous_46)
FNDA:1,(anonymous_47)
FNDA:3,(anonymous_48)
FNDA:0,(anonymous_49)
FNDA:0,(anonymous_50)
FNDA:1,(anonymous_51)
FNDA:3,(anonymous_52)
FNDA:2,(anonymous_53)
FNDA:2,(anonymous_54)
FNDA:1,(anonymous_55)
FNDA:1,(anonymous_56)
FNDA:61,(anonymous_57)
FNDA:16,(anonymous_58)
FNDA:11,(anonymous_59)
FNDA:164,(anonymous_60)
FNDA:167,(anonymous_61)
FNDA:27,(anonymous_62)
FNDA:3,(anonymous_63)
FNDA:63,(anonymous_64)
FNDA:3,(anonymous_65)
FNDA:1,(anonymous_66)
DA:22,99
DA:23,74857
DA:24,74857
DA:25,34394
DA:26,34394
DA:27,4215
DA:28,30179
DA:29,78
DA:30,30101
DA:31,4
DA:32,30097
DA:33,1013
DA:34,29084
DA:35,1093
DA:36,27991
DA:37,3
DA:38,27988
DA:39,1376
DA:42,74857
DA:60,99
DA:67,1
DA:68,1
DA:69,1
DA:70,1
DA:71,0
DA:73,1
DA:77,1
DA:106,99
DA:112,2907
DA:113,3078
DA:114,3078
DA:116,2907
DA:135,99
DA:136,99
DA:137,9345
DA:138,437
DA:149,198195
DA:159,99
DA:169,99
DA:170,1
DA:180,99
DA:181,32
DA:191,99
DA:192,1
DA:202,99
DA:203,1
DA:214,99
DA:215,215669
DA:225,99
DA:226,6831
DA:235,99
DA:236,106439
DA:255,99
DA:256,27996
DA:273,99
DA:274,1
DA:286,99
DA:287,1
DA:299,99
DA:300,92154
DA:317,99
DA:318,108175
DA:327,99
DA:328,93565
DA:337,109604
DA:346,99
DA:347,840
DA:356,99
DA:357,28177
DA:370,99
DA:371,233602
DA:386,99
DA:388,121754
DA:414,99
DA:421,26567
DA:422,26348
DA:423,219
DA:424,219
DA:447,99
DA:453,32890
DA:454,32890
DA:455,32890
DA:456,62985
DA:478,99
DA:484,8112
DA:485,12526
DA:486,12526
DA:509,99
DA:515,1
DA:516,3
DA:517,3
DA:518,3
DA:519,2
DA:522,1
DA:534,99
DA:535,42
DA:536,37
DA:537,5
DA:538,5
DA:550,99
DA:551,38
DA:563,99
DA:564,6
DA:565,15
DA:566,15
DA:581,99
DA:582,5300
DA:592,99
DA:593,72644
DA:609,99
DA:610,2
DA:628,99
DA:629,1291
DA:630,6
DA:631,6
DA:632,6
DA:633,0
DA:635,6
DA:636,16
DA:644,1285
DA:656,99
DA:657,1
DA:658,1
DA:659,1
DA:674,99
DA:678,1
DA:679,0
DA:680,1
DA:681,1
DA:683,1
DA:696,99
DA:698,120
DA:699,120
DA:700,231
DA:701,0
DA:702,231
DA:703,2
DA:705,229
DA:708,120
DA:721,99
DA:723,439
DA:725,439
DA:726,1603
DA:727,114
DA:728,1489
DA:729,240
DA:731,1249
DA:734,439
DA:752,99
DA:753,176
DA:754,172
DA:755,4
DA:756,4
DA:758,0
DA:775,99
DA:779,1
DA:791,99
DA:792,3
DA:809,99
DA:813,0
DA:814,0
DA:815,0
DA:816,0
DA:819,0
DA:837,99
DA:842,1
DA:844,1
DA:845,3
DA:846,2
DA:849,1
DA:852,99
DA:870,99
DA:876,2
DA:877,2
DA:878,2
DA:879,2
DA:880,2
DA:884,0
DA:886,2
DA:890,0
DA:892,2
DA:893,2
DA:895,0
DA:914,99
DA:919,1
DA:920,1
DA:921,1
DA:922,1
DA:923,1
DA:940,99
DA:944,1
DA:968,99
DA:974,61
DA:975,16
DA:976,11
DA:977,11
DA:979,16
DA:980,16
DA:981,16
DA:982,16
DA:1005,99
DA:1009,164
DA:1010,164
DA:1011,164
DA:1031,99
DA:1032,167
DA:1034,167
DA:1035,27
DA:1036,1
DA:1037,3
DA:1039,26
DA:1040,23
DA:1043,167
DA:1061,99
DA:1062,63
DA:1063,63
DA:1081,99
DA:1082,3
DA:1094,99
DA:1095,1
DA:1096,0
DA:1098,1
DA:1099,1
DA:1100,1
DA:1101,1
DA:1102,1
DA:1103,1
DA:1104,1
DA:1105,1
DA:1106,1
LF:230
LH:216
BRDA:24,0,0,34394
BRDA:24,0,1,40463
BRDA:24,1,0,74857
BRDA:24,1,1,34633
BRDA:26,2,0,4215
BRDA:26,2,1,30179
BRDA:28,3,0,78
BRDA:28,3,1,30101
BRDA:30,4,0,4
BRDA:30,4,1,30097
BRDA:32,5,0,1013
BRDA:32,5,1,29084
BRDA:34,6,0,1093
BRDA:34,6,1,27991
BRDA:36,7,0,3
BRDA:36,7,1,27988
BRDA:38,8,0,1376
BRDA:38,8,1,26612
BRDA:69,9,0,1
BRDA:69,9,1,0
BRDA:70,10,0,0
BRDA:70,10,1,1
BRDA:108,11,0,0
BRDA:109,12,0,2907
BRDA:110,13,0,2907
BRDA:256,14,0,27996
BRDA:256,14,1,27996
BRDA:256,14,2,27989
BRDA:256,14,3,1378
BRDA:256,14,4,147
BRDA:256,14,5,1378
BRDA:256,14,6,1378
BRDA:259,15,0,0
BRDA:259,15,1,1378
BRDA:259,16,0,1378
BRDA:259,16,1,1378
BRDA:318,17,0,108175
BRDA:318,17,1,93564
BRDA:318,17,2,93406
BRDA:318,17,3,92153
BRDA:421,18,0,26348
BRDA:421,18,1,219
BRDA:423,19,0,219
BRDA:423,19,1,0
BRDA:453,20,0,32890
BRDA:453,20,1,32889
BRDA:454,21,0,32890
BRDA:454,21,1,32889
BRDA:485,22,0,12526
BRDA:485,22,1,0
BRDA:518,23,0,2
BRDA:518,23,1,1
BRDA:535,24,0,37
BRDA:535,24,1,5
BRDA:537,25,0,5
BRDA:537,25,1,0
BRDA:565,26,0,15
BRDA:565,26,1,0
BRDA:629,27,0,6
BRDA:629,27,1,1285
BRDA:629,28,0,1291
BRDA:629,28,1,51
BRDA:632,29,0,0
BRDA:632,29,1,6
BRDA:658,30,0,1
BRDA:658,30,1,0
BRDA:678,31,0,0
BRDA:678,31,1,1
BRDA:680,32,0,1
BRDA:680,32,1,0
BRDA:700,33,0,0
BRDA:700,33,1,231
BRDA:702,34,0,2
BRDA:702,34,1,229
BRDA:726,35,0,114
BRDA:726,35,1,1489
BRDA:728,36,0,240
BRDA:728,36,1,1249
BRDA:753,37,0,172
BRDA:753,37,1,4
BRDA:755,38,0,4
BRDA:755,38,1,0
BRDA:845,39,0,2
BRDA:845,39,1,1
BRDA:873,40,0,0
BRDA:874,41,0,0
BRDA:880,42,0,0
BRDA:880,42,1,2
BRDA:881,43,0,2
BRDA:881,43,1,2
BRDA:881,43,2,2
BRDA:881,43,3,0
BRDA:886,44,0,0
BRDA:886,44,1,2
BRDA:887,45,0,2
BRDA:887,45,1,2
BRDA:887,45,2,2
BRDA:887,45,3,0
BRDA:892,46,0,2
BRDA:892,46,1,0
BRDA:892,47,0,2
BRDA:892,47,1,0
BRDA:916,48,0,0
BRDA:917,49,0,0
BRDA:942,50,0,0
BRDA:970,51,0,0
BRDA:971,52,0,59
BRDA:977,53,0,9
BRDA:977,53,1,2
BRDA:979,54,0,16
BRDA:979,54,1,4
BRDA:982,55,0,3
BRDA:982,55,1,13
BRDA:1010,56,0,1
BRDA:1010,56,1,163
BRDA:1011,57,0,17
BRDA:1011,57,1,147
BRDA:1035,58,0,1
BRDA:1035,58,1,26
BRDA:1039,59,0,23
BRDA:1039,59,1,3
BRDA:1039,60,0,26
BRDA:1039,60,1,24
BRDA:1043,61,0,147
BRDA:1043,61,1,20
BRDA:1064,62,0,63
BRDA:1064,62,1,6
BRDA:1095,63,0,0
BRDA:1095,63,1,1
BRDA:1095,64,0,1
BRDA:1095,64,1,0
BRDA:1095,65,0,1
BRDA:1095,65,1,1
BRF:133
BRH:105
end_of_record
TN:
SF:src/utils/render.ts
FN:31,sui
FN:51,(anonymous_1)
FN:54,(anonymous_2)
FN:57,(anonymous_3)
FNF:4
FNH:4
FNDA:1239,sui
FNDA:2,(anonymous_1)
FNDA:1,(anonymous_2)
FNDA:2,(anonymous_3)
DA:12,48
DA:31,48
DA:32,1239
DA:33,1239
DA:34,0
DA:36,1239
DA:39,1239
DA:40,688
DA:41,140
DA:43,548
DA:44,548
DA:47,548
DA:48,548
DA:49,152
DA:51,548
DA:52,2
DA:54,548
DA:55,1
DA:57,548
DA:58,2
DA:59,1
DA:61,1
LF:22
LH:21
BRDA:32,0,0,1232
BRDA:32,0,1,7
BRDA:33,1,0,0
BRDA:33,1,1,1239
BRDA:36,2,0,687
BRDA:36,2,1,552
BRDA:40,3,0,140
BRDA:40,3,1,548
BRDA:47,4,0,548
BRDA:47,4,1,0
BRDA:48,5,0,152
BRDA:48,5,1,396
BRDA:58,6,0,1
BRDA:58,6,1,1
BRF:14
BRH:12
end_of_record
